
ariadne_atmega328_8mhz_blink_shield.elf:     file format elf32-avr

Sections:
Idx Name          Size      VMA       LMA       File off  Algn
  0 .data         0000001c  00800100  00007a52  00000ae6  2**0
                  CONTENTS, ALLOC, LOAD, DATA
  1 .text         00000a52  00007000  00007000  00000094  2**1
                  CONTENTS, ALLOC, LOAD, READONLY, CODE
  2 .bss          0000000f  0080011c  0080011c  00000b02  2**0
                  ALLOC
  3 .comment      00000011  00000000  00000000  00000b02  2**0
                  CONTENTS, READONLY
  4 .debug_aranges 00000170  00000000  00000000  00000b13  2**0
                  CONTENTS, READONLY, DEBUGGING
  5 .debug_info   00001c05  00000000  00000000  00000c83  2**0
                  CONTENTS, READONLY, DEBUGGING
  6 .debug_abbrev 00000c22  00000000  00000000  00002888  2**0
                  CONTENTS, READONLY, DEBUGGING
  7 .debug_line   0000166d  00000000  00000000  000034aa  2**0
                  CONTENTS, READONLY, DEBUGGING
  8 .debug_frame  000003cc  00000000  00000000  00004b18  2**2
                  CONTENTS, READONLY, DEBUGGING
  9 .debug_str    00000618  00000000  00000000  00004ee4  2**0
                  CONTENTS, READONLY, DEBUGGING
 10 .debug_loc    00001491  00000000  00000000  000054fc  2**0
                  CONTENTS, READONLY, DEBUGGING
 11 .debug_ranges 00000088  00000000  00000000  0000698d  2**0
                  CONTENTS, READONLY, DEBUGGING

Disassembly of section .text:

00007000 <__vectors>:
    7000:	50 c0       	rjmp	.+160    	; 0x70a2 <__ctors_end>
    7002:	00 00       	nop
    7004:	c9 c0       	rjmp	.+402    	; 0x7198 <__bad_interrupt>
    7006:	00 00       	nop
    7008:	c7 c0       	rjmp	.+398    	; 0x7198 <__bad_interrupt>
    700a:	00 00       	nop
    700c:	c5 c0       	rjmp	.+394    	; 0x7198 <__bad_interrupt>
    700e:	00 00       	nop
    7010:	c3 c0       	rjmp	.+390    	; 0x7198 <__bad_interrupt>
    7012:	00 00       	nop
    7014:	c1 c0       	rjmp	.+386    	; 0x7198 <__bad_interrupt>
    7016:	00 00       	nop
    7018:	bf c0       	rjmp	.+382    	; 0x7198 <__bad_interrupt>
    701a:	00 00       	nop
    701c:	bd c0       	rjmp	.+378    	; 0x7198 <__bad_interrupt>
    701e:	00 00       	nop
    7020:	bb c0       	rjmp	.+374    	; 0x7198 <__bad_interrupt>
    7022:	00 00       	nop
    7024:	b9 c0       	rjmp	.+370    	; 0x7198 <__bad_interrupt>
    7026:	00 00       	nop
    7028:	b7 c0       	rjmp	.+366    	; 0x7198 <__bad_interrupt>
    702a:	00 00       	nop
    702c:	b5 c0       	rjmp	.+362    	; 0x7198 <__bad_interrupt>
    702e:	00 00       	nop
    7030:	b3 c0       	rjmp	.+358    	; 0x7198 <__bad_interrupt>
    7032:	00 00       	nop
    7034:	b1 c0       	rjmp	.+354    	; 0x7198 <__bad_interrupt>
    7036:	00 00       	nop
    7038:	af c0       	rjmp	.+350    	; 0x7198 <__bad_interrupt>
    703a:	00 00       	nop
    703c:	ad c0       	rjmp	.+346    	; 0x7198 <__bad_interrupt>
    703e:	00 00       	nop
    7040:	ab c0       	rjmp	.+342    	; 0x7198 <__bad_interrupt>
    7042:	00 00       	nop
    7044:	a9 c0       	rjmp	.+338    	; 0x7198 <__bad_interrupt>
    7046:	00 00       	nop
    7048:	a7 c0       	rjmp	.+334    	; 0x7198 <__bad_interrupt>
    704a:	00 00       	nop
    704c:	a5 c0       	rjmp	.+330    	; 0x7198 <__bad_interrupt>
    704e:	00 00       	nop
    7050:	a3 c0       	rjmp	.+326    	; 0x7198 <__bad_interrupt>
    7052:	00 00       	nop
    7054:	a1 c0       	rjmp	.+322    	; 0x7198 <__bad_interrupt>
    7056:	00 00       	nop
    7058:	9f c0       	rjmp	.+318    	; 0x7198 <__bad_interrupt>
    705a:	00 00       	nop
    705c:	9d c0       	rjmp	.+314    	; 0x7198 <__bad_interrupt>
    705e:	00 00       	nop
    7060:	9b c0       	rjmp	.+310    	; 0x7198 <__bad_interrupt>
    7062:	00 00       	nop
    7064:	99 c0       	rjmp	.+306    	; 0x7198 <__bad_interrupt>
	...

00007068 <__trampolines_end>:
    7068:	13 00       	.word	0x0013	; ????
    706a:	05 00       	.word	0x0005	; ????
    706c:	00 49       	sbci	r16, 0x90	; 144
    706e:	6e 76       	andi	r22, 0x6E	; 110
    7070:	61 6c       	ori	r22, 0xC1	; 193
    7072:	69 64       	ori	r22, 0x49	; 73
    7074:	20 69       	ori	r18, 0x90	; 144
    7076:	6d 61       	ori	r22, 0x1D	; 29
    7078:	67 65       	ori	r22, 0x57	; 87
    707a:	20 66       	ori	r18, 0x60	; 96
    707c:	69 6c       	ori	r22, 0xC9	; 201
    707e:	65 00       	.word	0x0065	; ????

00007080 <tftp_unknown_error_packet>:
    7080:	08 00 05 00 00 45 72 72 6f 72 00                    .....Error.

0000708b <tftp_full_error_packet>:
    708b:	09 00 05 00 03 46 75 6c 6c 00                       .....Full.

00007095 <tftp_opcode_error_packet>:
    7095:	0a 00 05 00 00 4f 70 63 6f 64 65 3f 00              .....Opcode?.

000070a2 <__ctors_end>:
    70a2:	11 24       	eor	r1, r1
    70a4:	1f be       	out	0x3f, r1	; 63
    70a6:	cf ef       	ldi	r28, 0xFF	; 255
    70a8:	d8 e0       	ldi	r29, 0x08	; 8
    70aa:	de bf       	out	0x3e, r29	; 62
    70ac:	cd bf       	out	0x3d, r28	; 61

000070ae <__do_copy_data>:
    70ae:	11 e0       	ldi	r17, 0x01	; 1
    70b0:	a0 e0       	ldi	r26, 0x00	; 0
    70b2:	b1 e0       	ldi	r27, 0x01	; 1
    70b4:	e2 e5       	ldi	r30, 0x52	; 82
    70b6:	fa e7       	ldi	r31, 0x7A	; 122
    70b8:	02 c0       	rjmp	.+4      	; 0x70be <__do_copy_data+0x10>
    70ba:	05 90       	lpm	r0, Z+
    70bc:	0d 92       	st	X+, r0
    70be:	ac 31       	cpi	r26, 0x1C	; 28
    70c0:	b1 07       	cpc	r27, r17
    70c2:	d9 f7       	brne	.-10     	; 0x70ba <__do_copy_data+0xc>

000070c4 <__do_clear_bss>:
    70c4:	21 e0       	ldi	r18, 0x01	; 1
    70c6:	ac e1       	ldi	r26, 0x1C	; 28
    70c8:	b1 e0       	ldi	r27, 0x01	; 1
    70ca:	01 c0       	rjmp	.+2      	; 0x70ce <.do_clear_bss_start>

000070cc <.do_clear_bss_loop>:
    70cc:	1d 92       	st	X+, r1

000070ce <.do_clear_bss_start>:
    70ce:	ab 32       	cpi	r26, 0x2B	; 43
    70d0:	b2 07       	cpc	r27, r18
    70d2:	e1 f7       	brne	.-8      	; 0x70cc <.do_clear_bss_loop>
    70d4:	01 d0       	rcall	.+2      	; 0x70d8 <main>
    70d6:	bb c4       	rjmp	.+2422   	; 0x7a4e <_exit>

000070d8 <main>:

int main(void)
{
	/* Disable the watchdog timer to prevent
	 * eternal reset loop of doom and despair */
	MCUSR = 0;
    70d8:	14 be       	out	0x34, r1	; 52
	wdt_disable();
    70da:	88 e1       	ldi	r24, 0x18	; 24
    70dc:	0f b6       	in	r0, 0x3f	; 63
    70de:	f8 94       	cli
    70e0:	80 93 60 00 	sts	0x0060, r24
    70e4:	10 92 60 00 	sts	0x0060, r1
    70e8:	0f be       	out	0x3f, r0	; 63
	#else
		//round up by default
		__ticks_dc = (uint32_t)(ceil(fabs(__tmp)));
	#endif

	__builtin_avr_delay_cycles(__ticks_dc);
    70ea:	2f ef       	ldi	r18, 0xFF	; 255
    70ec:	81 ee       	ldi	r24, 0xE1	; 225
    70ee:	94 e0       	ldi	r25, 0x04	; 4
    70f0:	21 50       	subi	r18, 0x01	; 1
    70f2:	80 40       	sbci	r24, 0x00	; 0
    70f4:	90 40       	sbci	r25, 0x00	; 0
    70f6:	e1 f7       	brne	.-8      	; 0x70f0 <main+0x18>
    70f8:	00 c0       	rjmp	.+0      	; 0x70fa <main+0x22>
    70fa:	00 00       	nop
	/* This code makes the following assumptions:
	 * No interrupts will execute
	 * SP points to RAMEND
	 * r1 contains zero */
	//cli();
	asm volatile("clr __zero_reg__");
    70fc:	11 24       	eor	r1, r1
	// 0x02 -> ClkIO/8 -> 500ns period, 32ms max
	// 0X03 -> ClkIO/64 -> 4us period, 256ms max
	// 0x04 -> ClkIO/256 -> 16us period, 1024ms max
	// 0x05 -> ClkIO/1024 -> 64us period, 4096ms max
	// Set up Timer 1 as timekeeper for LED flashing
	TCCR1B = _BV(CS12) | _BV(CS10); // Same thing as TCCR1B = 0x05;
    70fe:	85 e0       	ldi	r24, 0x05	; 5
    7100:	80 93 81 00 	sts	0x0081, r24

	/* Write version information in the EEPROM */
	if(eeprom_read_byte(EEPROM_MAJVER) != ARIADNE_MAJVER)
    7104:	80 e0       	ldi	r24, 0x00	; 0
    7106:	90 e0       	ldi	r25, 0x00	; 0
    7108:	8c d4       	rcall	.+2328   	; 0x7a22 <__eerd_byte_m328p>
    710a:	88 23       	and	r24, r24
    710c:	21 f0       	breq	.+8      	; 0x7116 <main+0x3e>
		eeprom_write_byte(EEPROM_MAJVER, ARIADNE_MAJVER);
    710e:	60 e0       	ldi	r22, 0x00	; 0
    7110:	80 e0       	ldi	r24, 0x00	; 0
    7112:	90 e0       	ldi	r25, 0x00	; 0
    7114:	8e d4       	rcall	.+2332   	; 0x7a32 <__eewr_byte_m328p>
	if(eeprom_read_byte(EEPROM_MINVER) != ARIADNE_MINVER)
    7116:	81 e0       	ldi	r24, 0x01	; 1
    7118:	90 e0       	ldi	r25, 0x00	; 0
    711a:	83 d4       	rcall	.+2310   	; 0x7a22 <__eerd_byte_m328p>
    711c:	84 30       	cpi	r24, 0x04	; 4
    711e:	21 f0       	breq	.+8      	; 0x7128 <main+0x50>
		eeprom_write_byte(EEPROM_MINVER, ARIADNE_MINVER);
    7120:	64 e0       	ldi	r22, 0x04	; 4
    7122:	81 e0       	ldi	r24, 0x01	; 1
    7124:	90 e0       	ldi	r25, 0x00	; 0
    7126:	85 d4       	rcall	.+2314   	; 0x7a32 <__eewr_byte_m328p>

	/* Initialize UART communication */
	serialInit();
    7128:	10 d3       	rcall	.+1568   	; 0x774a <serialInit>
		buttonInit();
	)

	/* Initalize SPI communication */
	DBG_MAIN_EX(tracePGMlnMain(mDebugMain_SPI);)
	spiInit();
    712a:	8f d0       	rcall	.+286    	; 0x724a <spiInit>
	/* Initialize networking */
	DBG_MAIN_EX(tracePGMlnMain(mDebugMain_NET);)
	netInit();
    712c:	97 d0       	rcall	.+302    	; 0x725c <netInit>

	/* Initialize the UDP socket for tftp */
	DBG_MAIN_EX(tracePGMlnMain(mDebugMain_TFTP);)
	tftpInit();
    712e:	22 d2       	rcall	.+1092   	; 0x7574 <tftpInit>
#if defined(ANNOUNCE)
	DBG_MAIN_EX(tracePGMlnMain(mDebugMain_ANN);)
	announceInit();
#endif

	serialFlashing = FALSE;
    7130:	10 92 29 01 	sts	0x0129, r1
	tftpFlashing = FALSE;
    7134:	10 92 2a 01 	sts	0x012A, r1
			if(eeprom_read_byte(EEPROM_IMG_STAT) == EEPROM_IMG_OK_VALUE) break;

			//TODO: determine the conditions for reseting server OR reseting socket
			if(tftpFlashing == TRUE) {
				// Delete first page of flash memory
				boot_page_erase(0);
    7138:	13 e0       	ldi	r17, 0x03	; 3
    713a:	c0 e0       	ldi	r28, 0x00	; 0
    713c:	d0 e0       	ldi	r29, 0x00	; 0
	serialFlashing = FALSE;
	tftpFlashing = FALSE;

	for(;;) {
		// If there is no serial flashing under way, poll tftp
		if(!serialFlashing)
    713e:	80 91 29 01 	lds	r24, 0x0129
    7142:	88 23       	and	r24, r24
    7144:	29 f0       	breq	.+10     	; 0x7150 <main+0x78>
			// If tftp recieved a FINAL_ACK, break
			if(tftpPoll() == 0)
				break;

		// If there is no tftp flashing, poll serial
		if(!tftpFlashing)
    7146:	80 91 2a 01 	lds	r24, 0x012A
    714a:	88 23       	and	r24, r24
    714c:	49 f0       	breq	.+18     	; 0x7160 <main+0x88>
    714e:	04 c0       	rjmp	.+8      	; 0x7158 <main+0x80>

	for(;;) {
		// If there is no serial flashing under way, poll tftp
		if(!serialFlashing)
			// If tftp recieved a FINAL_ACK, break
			if(tftpPoll() == 0)
    7150:	34 d2       	rcall	.+1128   	; 0x75ba <tftpPoll>
    7152:	81 11       	cpse	r24, r1
    7154:	f8 cf       	rjmp	.-16     	; 0x7146 <main+0x6e>
    7156:	1b c0       	rjmp	.+54     	; 0x718e <main+0xb6>
		/* As explained above this goes out */
#if defined(ANNOUNCE)
		announcePoll();
#endif

		if(timedOut()) {
    7158:	54 d3       	rcall	.+1704   	; 0x7802 <timedOut>
    715a:	81 11       	cpse	r24, r1
    715c:	05 c0       	rjmp	.+10     	; 0x7168 <main+0x90>
    715e:	15 c0       	rjmp	.+42     	; 0x718a <main+0xb2>
				break;

		// If there is no tftp flashing, poll serial
		if(!tftpFlashing)
			// If flashing is done exit
			if(serialPoll() == 0)
    7160:	1a d3       	rcall	.+1588   	; 0x7796 <serialPoll>
    7162:	81 11       	cpse	r24, r1
    7164:	f9 cf       	rjmp	.-14     	; 0x7158 <main+0x80>
    7166:	13 c0       	rjmp	.+38     	; 0x718e <main+0xb6>
#if defined(ANNOUNCE)
		announcePoll();
#endif

		if(timedOut()) {
			if(eeprom_read_byte(EEPROM_IMG_STAT) == EEPROM_IMG_OK_VALUE) break;
    7168:	82 e0       	ldi	r24, 0x02	; 2
    716a:	90 e0       	ldi	r25, 0x00	; 0
    716c:	5a d4       	rcall	.+2228   	; 0x7a22 <__eerd_byte_m328p>
    716e:	8e 3e       	cpi	r24, 0xEE	; 238
    7170:	71 f0       	breq	.+28     	; 0x718e <main+0xb6>

			//TODO: determine the conditions for reseting server OR reseting socket
			if(tftpFlashing == TRUE) {
    7172:	80 91 2a 01 	lds	r24, 0x012A
    7176:	81 30       	cpi	r24, 0x01	; 1
    7178:	41 f4       	brne	.+16     	; 0x718a <main+0xb2>
				// Delete first page of flash memory
				boot_page_erase(0);
    717a:	fe 01       	movw	r30, r28
    717c:	10 93 57 00 	sts	0x0057, r17
    7180:	e8 95       	spm
				// Reinitialize TFTP
				tftpInit();
    7182:	f8 d1       	rcall	.+1008   	; 0x7574 <tftpInit>
				// Reset the timeout counter
				resetTick();
    7184:	35 d3       	rcall	.+1642   	; 0x77f0 <resetTick>
				// Unset tftp flag
				tftpFlashing = FALSE;
    7186:	10 92 2a 01 	sts	0x012A, r1
			}
		}
		/* Blink the notification led */
#ifndef DISABLE_BLINK
		updateLed();
    718a:	10 d3       	rcall	.+1568   	; 0x77ac <updateLed>
#endif  //DISABLE_BLINK
	}
    718c:	d8 cf       	rjmp	.-80     	; 0x713e <main+0x66>

	/* Exit to user application */
	DBG_MAIN(tracePGMlnMain(mDebugMain_EXIT);)
	asm volatile(
    718e:	ee 27       	eor	r30, r30
    7190:	ff 27       	eor	r31, r31
    7192:	09 94       	ijmp
		"clr	r31		\n\t"
		"ijmp	\n\t"
	);
	//appStart();
	//return(0); /* never reached */
}
    7194:	80 e0       	ldi	r24, 0x00	; 0
    7196:	90 e0       	ldi	r25, 0x00	; 0

00007198 <__bad_interrupt>:
    7198:	33 cf       	rjmp	.-410    	; 0x7000 <__vectors>

0000719a <spiWriteReg>:
		tracenum(address);
		tracePGM(mDebugSpi_COMMA);
		tracenum(value);
	)

	SPCR = _BV(SPE) | _BV(MSTR); // Set SPI as master
    719a:	20 e5       	ldi	r18, 0x50	; 80
    719c:	2c bd       	out	0x2c, r18	; 44
	SS_LOW();
    719e:	2a 98       	cbi	0x05, 2	; 5

	SPDR = SPI_WRITE;
    71a0:	20 ef       	ldi	r18, 0xF0	; 240
    71a2:	2e bd       	out	0x2e, r18	; 46
	while(!(SPSR & _BV(SPIF)));
    71a4:	0d b4       	in	r0, 0x2d	; 45
    71a6:	07 fe       	sbrs	r0, 7
    71a8:	fd cf       	rjmp	.-6      	; 0x71a4 <spiWriteReg+0xa>

	SPDR = address >> 8;
    71aa:	29 2f       	mov	r18, r25
    71ac:	33 27       	eor	r19, r19
    71ae:	2e bd       	out	0x2e, r18	; 46
	while(!(SPSR & _BV(SPIF)));
    71b0:	0d b4       	in	r0, 0x2d	; 45
    71b2:	07 fe       	sbrs	r0, 7
    71b4:	fd cf       	rjmp	.-6      	; 0x71b0 <spiWriteReg+0x16>

	SPDR = address & 0xff;
    71b6:	8e bd       	out	0x2e, r24	; 46
	while(!(SPSR & _BV(SPIF)));
    71b8:	0d b4       	in	r0, 0x2d	; 45
    71ba:	07 fe       	sbrs	r0, 7
    71bc:	fd cf       	rjmp	.-6      	; 0x71b8 <spiWriteReg+0x1e>

	SPDR = value;
    71be:	6e bd       	out	0x2e, r22	; 46
	while(!(SPSR & _BV(SPIF)));
    71c0:	0d b4       	in	r0, 0x2d	; 45
    71c2:	07 fe       	sbrs	r0, 7
    71c4:	fd cf       	rjmp	.-6      	; 0x71c0 <spiWriteReg+0x26>

	SS_HIGH();
    71c6:	2a 9a       	sbi	0x05, 2	; 5
	SPCR = 0; // Turn off SPI
    71c8:	1c bc       	out	0x2c, r1	; 44
    71ca:	08 95       	ret

000071cc <spiWriteWord>:
}

void spiWriteWord(uint16_t address, uint16_t value)
{
    71cc:	0f 93       	push	r16
    71ce:	1f 93       	push	r17
    71d0:	cf 93       	push	r28
    71d2:	df 93       	push	r29
    71d4:	8c 01       	movw	r16, r24
    71d6:	eb 01       	movw	r28, r22
	// Write uint16_t to Ethernet controller
	spiWriteReg(address++, value >> 8);
    71d8:	67 2f       	mov	r22, r23
    71da:	77 27       	eor	r23, r23
    71dc:	de df       	rcall	.-68     	; 0x719a <spiWriteReg>
	spiWriteReg(address, value & 0xff);
    71de:	6c 2f       	mov	r22, r28
    71e0:	c8 01       	movw	r24, r16
    71e2:	01 96       	adiw	r24, 0x01	; 1
}
    71e4:	df 91       	pop	r29
    71e6:	cf 91       	pop	r28
    71e8:	1f 91       	pop	r17
    71ea:	0f 91       	pop	r16

void spiWriteWord(uint16_t address, uint16_t value)
{
	// Write uint16_t to Ethernet controller
	spiWriteReg(address++, value >> 8);
	spiWriteReg(address, value & 0xff);
    71ec:	d6 cf       	rjmp	.-84     	; 0x719a <spiWriteReg>

000071ee <spiReadReg>:
	)
	#endif

	uint8_t returnValue;

	SPCR = _BV(SPE) | _BV(MSTR);
    71ee:	20 e5       	ldi	r18, 0x50	; 80
    71f0:	2c bd       	out	0x2c, r18	; 44
	SS_LOW();
    71f2:	2a 98       	cbi	0x05, 2	; 5

	SPDR = SPI_READ;
    71f4:	2f e0       	ldi	r18, 0x0F	; 15
    71f6:	2e bd       	out	0x2e, r18	; 46
	while(!(SPSR & _BV(SPIF)));
    71f8:	0d b4       	in	r0, 0x2d	; 45
    71fa:	07 fe       	sbrs	r0, 7
    71fc:	fd cf       	rjmp	.-6      	; 0x71f8 <spiReadReg+0xa>

	SPDR = address >> 8;
    71fe:	29 2f       	mov	r18, r25
    7200:	33 27       	eor	r19, r19
    7202:	2e bd       	out	0x2e, r18	; 46
	while(!(SPSR & _BV(SPIF)));
    7204:	0d b4       	in	r0, 0x2d	; 45
    7206:	07 fe       	sbrs	r0, 7
    7208:	fd cf       	rjmp	.-6      	; 0x7204 <spiReadReg+0x16>

	SPDR = address & 0xff;
    720a:	8e bd       	out	0x2e, r24	; 46
	while(!(SPSR & _BV(SPIF)));
    720c:	0d b4       	in	r0, 0x2d	; 45
    720e:	07 fe       	sbrs	r0, 7
    7210:	fd cf       	rjmp	.-6      	; 0x720c <spiReadReg+0x1e>

	SPDR = 0;
    7212:	1e bc       	out	0x2e, r1	; 46
	while(!(SPSR & _BV(SPIF)));
    7214:	0d b4       	in	r0, 0x2d	; 45
    7216:	07 fe       	sbrs	r0, 7
    7218:	fd cf       	rjmp	.-6      	; 0x7214 <spiReadReg+0x26>

	SS_HIGH();
    721a:	2a 9a       	sbi	0x05, 2	; 5
	returnValue = SPDR;
    721c:	8e b5       	in	r24, 0x2e	; 46
	SPCR = 0;
    721e:	1c bc       	out	0x2c, r1	; 44

	return(returnValue);
}
    7220:	08 95       	ret

00007222 <spiReadWord>:

uint16_t spiReadWord(uint16_t address)
{
    7222:	1f 93       	push	r17
    7224:	cf 93       	push	r28
    7226:	df 93       	push	r29
    7228:	ec 01       	movw	r28, r24
	// Read uint16_t from Ethernet controller
	return((spiReadReg(address) << 8) | spiReadReg(address + 1));
    722a:	e1 df       	rcall	.-62     	; 0x71ee <spiReadReg>
    722c:	18 2f       	mov	r17, r24
    722e:	ce 01       	movw	r24, r28
    7230:	01 96       	adiw	r24, 0x01	; 1
    7232:	dd df       	rcall	.-70     	; 0x71ee <spiReadReg>
    7234:	21 2f       	mov	r18, r17
    7236:	30 e0       	ldi	r19, 0x00	; 0
    7238:	32 2f       	mov	r19, r18
    723a:	22 27       	eor	r18, r18
}
    723c:	a9 01       	movw	r20, r18
    723e:	48 2b       	or	r20, r24
    7240:	ca 01       	movw	r24, r20
    7242:	df 91       	pop	r29
    7244:	cf 91       	pop	r28
    7246:	1f 91       	pop	r17
    7248:	08 95       	ret

0000724a <spiInit>:
	 * At this stage all pins are set to HIGH. This in fact DISABLES SPI for both Ethernet and SD.
	 * SS pin for ethernet is pulled low just in time for reading or writing data inside those
	 * functions. */

	/** Set SPI pins high */
	SPI_PORT = _BV(SCK) | _BV(MISO) | _BV(MOSI) | _BV(SS);
    724a:	8c e3       	ldi	r24, 0x3C	; 60
    724c:	85 b9       	out	0x05, r24	; 5
	/** Set SPI pins as output */
	SPI_DDR = _BV(SCK) | _BV(MOSI) | _BV(SS);
    724e:	8c e2       	ldi	r24, 0x2C	; 44
    7250:	84 b9       	out	0x04, r24	; 4
	#endif

	/** Disable SD card */
	/** Set SD SS pin high */
	#ifndef NOT_SHIELD  //don't do anything to the pin if the SD hardware is not installed
	SD_PORT |= _BV(SD_SS);
    7252:	5c 9a       	sbi	0x0b, 4	; 11
	/** Set SD SS pin as output */
	SD_DDR |= _BV(SD_SS);
    7254:	54 9a       	sbi	0x0a, 4	; 10
	#endif  //LED != SCK
	#endif  //DISABLE_BLINK

	/** Set up SPI
	 ** Set the Double SPI Speed Bit */
	SPSR = (1 << SPI2X);
    7256:	81 e0       	ldi	r24, 0x01	; 1
    7258:	8d bd       	out	0x2d, r24	; 45
    725a:	08 95       	ret

0000725c <netInit>:
	0x55          // TMSR Tx Memory Size Register, 2K per socket
};


void netInit(void)
{
    725c:	0f 93       	push	r16
    725e:	1f 93       	push	r17
    7260:	cf 93       	push	r28
    7262:	df 93       	push	r29
	uint8_t i;

	/* Pull in altered network settings, if available,
	 * from AVR EEPROM (if signature bytes are set) */
	if((eeprom_read_byte(EEPROM_SIG_1) == EEPROM_SIG_1_VALUE)
    7264:	83 e0       	ldi	r24, 0x03	; 3
    7266:	90 e0       	ldi	r25, 0x00	; 0
    7268:	dc d3       	rcall	.+1976   	; 0x7a22 <__eerd_byte_m328p>
    726a:	85 35       	cpi	r24, 0x55	; 85
    726c:	29 f0       	breq	.+10     	; 0x7278 <netInit+0x1c>
    726e:	00 e0       	ldi	r16, 0x00	; 0
    7270:	11 e0       	ldi	r17, 0x01	; 1
		&& (eeprom_read_byte(EEPROM_SIG_2) == EEPROM_SIG_2_VALUE)) {
    7272:	c0 e0       	ldi	r28, 0x00	; 0
    7274:	d0 e0       	ldi	r29, 0x00	; 0
    7276:	13 c0       	rjmp	.+38     	; 0x729e <netInit+0x42>
    7278:	84 e0       	ldi	r24, 0x04	; 4
    727a:	90 e0       	ldi	r25, 0x00	; 0
    727c:	d2 d3       	rcall	.+1956   	; 0x7a22 <__eerd_byte_m328p>
    727e:	8a 3a       	cpi	r24, 0xAA	; 170
    7280:	b1 f7       	brne	.-20     	; 0x726e <netInit+0x12>
    7282:	01 e0       	ldi	r16, 0x01	; 1
    7284:	11 e0       	ldi	r17, 0x01	; 1
    7286:	c5 e0       	ldi	r28, 0x05	; 5
    7288:	d0 e0       	ldi	r29, 0x00	; 0

		for(i = 0; i < EEPROM_SETTINGS_SIZE; i++)
			registerBuffer[i + 1] = eeprom_read_byte(EEPROM_DATA + i);
    728a:	ce 01       	movw	r24, r28
    728c:	ca d3       	rcall	.+1940   	; 0x7a22 <__eerd_byte_m328p>
    728e:	f8 01       	movw	r30, r16
    7290:	81 93       	st	Z+, r24
    7292:	8f 01       	movw	r16, r30
    7294:	21 96       	adiw	r28, 0x01	; 1
	/* Pull in altered network settings, if available,
	 * from AVR EEPROM (if signature bytes are set) */
	if((eeprom_read_byte(EEPROM_SIG_1) == EEPROM_SIG_1_VALUE)
		&& (eeprom_read_byte(EEPROM_SIG_2) == EEPROM_SIG_2_VALUE)) {

		for(i = 0; i < EEPROM_SETTINGS_SIZE; i++)
    7296:	c7 31       	cpi	r28, 0x17	; 23
    7298:	d1 05       	cpc	r29, r1
    729a:	b9 f7       	brne	.-18     	; 0x728a <netInit+0x2e>
    729c:	e8 cf       	rjmp	.-48     	; 0x726e <netInit+0x12>
		}
	)

	/** Configure Wiznet chip. Network settings */
	for(i = 0; i < REGISTER_BLOCK_SIZE; i++)
		spiWriteReg(i, registerBuffer[i]);
    729e:	f8 01       	movw	r30, r16
    72a0:	61 91       	ld	r22, Z+
    72a2:	8f 01       	movw	r16, r30
    72a4:	ce 01       	movw	r24, r28
    72a6:	79 df       	rcall	.-270    	; 0x719a <spiWriteReg>
    72a8:	21 96       	adiw	r28, 0x01	; 1
			if(i != 14) putch(0x2E);
		}
	)

	/** Configure Wiznet chip. Network settings */
	for(i = 0; i < REGISTER_BLOCK_SIZE; i++)
    72aa:	cc 31       	cpi	r28, 0x1C	; 28
    72ac:	d1 05       	cpc	r29, r1
    72ae:	b9 f7       	brne	.-18     	; 0x729e <netInit+0x42>
		spiWriteReg(i, registerBuffer[i]);

	DBG_NET(tracePGMlnNet(mDebugNet_DONE);)
}
    72b0:	df 91       	pop	r29
    72b2:	cf 91       	pop	r28
    72b4:	1f 91       	pop	r17
    72b6:	0f 91       	pop	r16
    72b8:	08 95       	ret

000072ba <sockInit>:

uint16_t lastPacket = 0, highPacket = 0;


static void sockInit(uint16_t port)
{
    72ba:	cf 93       	push	r28
    72bc:	df 93       	push	r29
    72be:	ec 01       	movw	r28, r24
	DBG_TFTP(
		tracePGMlnTftp(mDebugTftp_SOCK);
		tracenum(port);
	)

	spiWriteReg(REG_S3_CR, CR_CLOSE);
    72c0:	60 e1       	ldi	r22, 0x10	; 16
    72c2:	81 e0       	ldi	r24, 0x01	; 1
    72c4:	97 e0       	ldi	r25, 0x07	; 7
    72c6:	69 df       	rcall	.-302    	; 0x719a <spiWriteReg>

	do {
		// Write TFTP Port
		spiWriteWord(REG_S3_PORT0, port);
    72c8:	be 01       	movw	r22, r28
    72ca:	84 e0       	ldi	r24, 0x04	; 4
    72cc:	97 e0       	ldi	r25, 0x07	; 7
    72ce:	7e df       	rcall	.-260    	; 0x71cc <spiWriteWord>
		// Write mode
		spiWriteReg(REG_S3_MR, MR_UDP);
    72d0:	62 e0       	ldi	r22, 0x02	; 2
    72d2:	80 e0       	ldi	r24, 0x00	; 0
    72d4:	97 e0       	ldi	r25, 0x07	; 7
    72d6:	61 df       	rcall	.-318    	; 0x719a <spiWriteReg>
		// Open Socket
		spiWriteReg(REG_S3_CR, CR_OPEN);
    72d8:	61 e0       	ldi	r22, 0x01	; 1
    72da:	81 e0       	ldi	r24, 0x01	; 1
    72dc:	97 e0       	ldi	r25, 0x07	; 7
    72de:	5d df       	rcall	.-326    	; 0x719a <spiWriteReg>

		// Read Status
		if(spiReadReg(REG_S3_SR) != SOCK_UDP)
    72e0:	83 e0       	ldi	r24, 0x03	; 3
    72e2:	97 e0       	ldi	r25, 0x07	; 7
    72e4:	84 df       	rcall	.-248    	; 0x71ee <spiReadReg>
    72e6:	82 32       	cpi	r24, 0x22	; 34
    72e8:	21 f0       	breq	.+8      	; 0x72f2 <sockInit+0x38>
			// Close Socket if it wasn't initialized correctly
			spiWriteReg(REG_S3_CR, CR_CLOSE);
    72ea:	60 e1       	ldi	r22, 0x10	; 16
    72ec:	81 e0       	ldi	r24, 0x01	; 1
    72ee:	97 e0       	ldi	r25, 0x07	; 7
    72f0:	54 df       	rcall	.-344    	; 0x719a <spiWriteReg>

		// If socket correctly opened continue
	} while(spiReadReg(REG_S3_SR) != SOCK_UDP);
    72f2:	83 e0       	ldi	r24, 0x03	; 3
    72f4:	97 e0       	ldi	r25, 0x07	; 7
    72f6:	7b df       	rcall	.-266    	; 0x71ee <spiReadReg>
    72f8:	82 32       	cpi	r24, 0x22	; 34
    72fa:	31 f7       	brne	.-52     	; 0x72c8 <sockInit+0xe>
}
    72fc:	df 91       	pop	r29
    72fe:	cf 91       	pop	r28
    7300:	08 95       	ret

00007302 <processPacket>:
#if (DEBUG_TFTP > 0)
static uint8_t processPacket(uint16_t packetSize)
#else
static uint8_t processPacket(void)
#endif
{
    7302:	af 92       	push	r10
    7304:	bf 92       	push	r11
    7306:	cf 92       	push	r12
    7308:	df 92       	push	r13
    730a:	ef 92       	push	r14
    730c:	ff 92       	push	r15
    730e:	0f 93       	push	r16
    7310:	1f 93       	push	r17
    7312:	cf 93       	push	r28
    7314:	df 93       	push	r29
    7316:	cd b7       	in	r28, 0x3d	; 61
    7318:	de b7       	in	r29, 0x3e	; 62
    731a:	cd 50       	subi	r28, 0x0D	; 13
    731c:	d2 40       	sbci	r29, 0x02	; 2
    731e:	de bf       	out	0x3e, r29	; 62
    7320:	cd bf       	out	0x3d, r28	; 61

		DBG_BTN(button();)
	)

	// Read data from chip to buffer
	readPointer = spiReadWord(REG_S3_RX_RD0);
    7322:	88 e2       	ldi	r24, 0x28	; 40
    7324:	97 e0       	ldi	r25, 0x07	; 7
    7326:	7d df       	rcall	.-262    	; 0x7222 <spiReadWord>
	DBG_TFTP_EX(
		tracePGMlnTftp(mDebugTftp_RPTR);
		tracenum(readPointer);
	)

	if(readPointer == 0) readPointer += S3_RX_START;
    7328:	00 97       	sbiw	r24, 0x00	; 0
    732a:	11 f4       	brne	.+4      	; 0x7330 <processPacket+0x2e>
    732c:	80 e0       	ldi	r24, 0x00	; 0
    732e:	98 e7       	ldi	r25, 0x78	; 120
    7330:	8e 01       	movw	r16, r28
    7332:	0f 5f       	subi	r16, 0xFF	; 255
    7334:	1f 4f       	sbci	r17, 0xFF	; 255
    7336:	5e 01       	movw	r10, r28
    7338:	23 ef       	ldi	r18, 0xF3	; 243
    733a:	a2 1a       	sub	r10, r18
    733c:	2d ef       	ldi	r18, 0xFD	; 253
    733e:	b2 0a       	sbc	r11, r18
    7340:	68 01       	movw	r12, r16

	for(count = TFTP_PACKET_MAX_SIZE; count--;) {
    7342:	0a 15       	cp	r16, r10
    7344:	1b 05       	cpc	r17, r11
    7346:	89 f0       	breq	.+34     	; 0x736a <processPacket+0x68>
				tracePGMlnTftp(mDebugTftp_RPOS);
				tracenum(readPointer);
			}
		)

		*bufPtr++ = spiReadReg(readPointer++);
    7348:	7c 01       	movw	r14, r24
    734a:	ef ef       	ldi	r30, 0xFF	; 255
    734c:	ee 1a       	sub	r14, r30
    734e:	fe 0a       	sbc	r15, r30
    7350:	4e df       	rcall	.-356    	; 0x71ee <spiReadReg>
    7352:	f8 01       	movw	r30, r16
    7354:	81 93       	st	Z+, r24
    7356:	8f 01       	movw	r16, r30

		if(readPointer == S3_RX_END) readPointer = S3_RX_START;
    7358:	e1 14       	cp	r14, r1
    735a:	f0 e8       	ldi	r31, 0x80	; 128
    735c:	ff 06       	cpc	r15, r31
    735e:	19 f4       	brne	.+6      	; 0x7366 <processPacket+0x64>
    7360:	e1 2c       	mov	r14, r1
    7362:	38 e7       	ldi	r19, 0x78	; 120
    7364:	f3 2e       	mov	r15, r19
    7366:	c7 01       	movw	r24, r14
    7368:	ec cf       	rjmp	.-40     	; 0x7342 <processPacket+0x40>
	}

	spiWriteWord(REG_S3_RX_RD0, readPointer);     // Write back new pointer
    736a:	bc 01       	movw	r22, r24
    736c:	88 e2       	ldi	r24, 0x28	; 40
    736e:	97 e0       	ldi	r25, 0x07	; 7
    7370:	2d df       	rcall	.-422    	; 0x71cc <spiWriteWord>
	spiWriteReg(REG_S3_CR, CR_RECV);
    7372:	60 e4       	ldi	r22, 0x40	; 64
    7374:	81 e0       	ldi	r24, 0x01	; 1
    7376:	97 e0       	ldi	r25, 0x07	; 7
    7378:	10 df       	rcall	.-480    	; 0x719a <spiWriteReg>

	while(spiReadReg(REG_S3_CR));
    737a:	81 e0       	ldi	r24, 0x01	; 1
    737c:	97 e0       	ldi	r25, 0x07	; 7
    737e:	37 df       	rcall	.-402    	; 0x71ee <spiReadReg>
    7380:	81 11       	cpse	r24, r1
    7382:	fb cf       	rjmp	.-10     	; 0x737a <processPacket+0x78>
    7384:	76 01       	movw	r14, r12
    7386:	0c e0       	ldi	r16, 0x0C	; 12
    7388:	17 e0       	ldi	r17, 0x07	; 7
	)

	// Set up return IP address and port
	uint8_t i;

	for(i = 0; i < 6; i++) spiWriteReg(REG_S3_DIPR0 + i, buffer[i]);
    738a:	f7 01       	movw	r30, r14
    738c:	61 91       	ld	r22, Z+
    738e:	7f 01       	movw	r14, r30
    7390:	c8 01       	movw	r24, r16
    7392:	03 df       	rcall	.-506    	; 0x719a <spiWriteReg>
    7394:	0f 5f       	subi	r16, 0xFF	; 255
    7396:	1f 4f       	sbci	r17, 0xFF	; 255
    7398:	02 31       	cpi	r16, 0x12	; 18
    739a:	f7 e0       	ldi	r31, 0x07	; 7
    739c:	1f 07       	cpc	r17, r31
    739e:	a9 f7       	brne	.-22     	; 0x738a <processPacket+0x88>

	DBG_TFTP(tracePGMlnTftp(mDebugTftp_RADDR);)

	// Parse packet
	uint16_t tftpDataLen = (buffer[6] << 8) + buffer[7];
    73a0:	ef 80       	ldd	r14, Y+7	; 0x07
    73a2:	f1 2c       	mov	r15, r1
    73a4:	fe 2c       	mov	r15, r14
    73a6:	ee 24       	eor	r14, r14
    73a8:	88 85       	ldd	r24, Y+8	; 0x08
    73aa:	e8 0e       	add	r14, r24
    73ac:	f1 1c       	adc	r15, r1
	uint16_t tftpOpcode  = (buffer[8] << 8) + buffer[9];
    73ae:	89 85       	ldd	r24, Y+9	; 0x09
    73b0:	90 e0       	ldi	r25, 0x00	; 0
    73b2:	98 2f       	mov	r25, r24
    73b4:	88 27       	eor	r24, r24
    73b6:	2a 85       	ldd	r18, Y+10	; 0x0a
    73b8:	82 0f       	add	r24, r18
    73ba:	91 1d       	adc	r25, r1
	uint16_t tftpBlock   = (buffer[10] << 8) + buffer[11];
    73bc:	0b 85       	ldd	r16, Y+11	; 0x0b
    73be:	10 e0       	ldi	r17, 0x00	; 0
    73c0:	10 2f       	mov	r17, r16
    73c2:	00 27       	eor	r16, r16
    73c4:	2c 85       	ldd	r18, Y+12	; 0x0c
    73c6:	02 0f       	add	r16, r18
    73c8:	11 1d       	adc	r17, r1
		tracenum(tftpOpcode);
		tracePGM(mDebugTftp_DLEN);
		tracenum(tftpDataLen - (TFTP_OPCODE_SIZE + TFTP_BLOCKNO_SIZE));
	)

	if((tftpOpcode == TFTP_OPCODE_DATA)
    73ca:	83 30       	cpi	r24, 0x03	; 3
    73cc:	91 05       	cpc	r25, r1
    73ce:	79 f4       	brne	.+30     	; 0x73ee <processPacket+0xec>
		&& ((tftpBlock > MAX_ADDR / 0x200) || (tftpBlock < highPacket) || (tftpBlock > highPacket + 1)))
    73d0:	09 33       	cpi	r16, 0x39	; 57
    73d2:	11 05       	cpc	r17, r1
    73d4:	a8 f5       	brcc	.+106    	; 0x7440 <processPacket+0x13e>
    73d6:	80 91 1c 01 	lds	r24, 0x011C
    73da:	90 91 1d 01 	lds	r25, 0x011D
    73de:	08 17       	cp	r16, r24
    73e0:	19 07       	cpc	r17, r25
    73e2:	70 f1       	brcs	.+92     	; 0x7440 <processPacket+0x13e>
    73e4:	01 96       	adiw	r24, 0x01	; 1
    73e6:	80 17       	cp	r24, r16
    73e8:	91 07       	cpc	r25, r17
    73ea:	50 f1       	brcs	.+84     	; 0x7440 <processPacket+0x13e>
    73ec:	24 c0       	rjmp	.+72     	; 0x7436 <processPacket+0x134>
		tftpOpcode = TFTP_OPCODE_UKN;

	if(tftpDataLen > (0x200 + TFTP_OPCODE_SIZE + TFTP_BLOCKNO_SIZE))
    73ee:	25 e0       	ldi	r18, 0x05	; 5
    73f0:	e2 16       	cp	r14, r18
    73f2:	22 e0       	ldi	r18, 0x02	; 2
    73f4:	f2 06       	cpc	r15, r18
    73f6:	20 f5       	brcc	.+72     	; 0x7440 <processPacket+0x13e>

	uint8_t returnCode = ERROR_UNKNOWN;
	uint16_t packetLength;


	switch(tftpOpcode) {
    73f8:	84 30       	cpi	r24, 0x04	; 4
    73fa:	91 05       	cpc	r25, r1
    73fc:	c8 f4       	brcc	.+50     	; 0x7430 <processPacket+0x12e>
    73fe:	81 30       	cpi	r24, 0x01	; 1
    7400:	91 05       	cpc	r25, r1
    7402:	29 f1       	breq	.+74     	; 0x744e <processPacket+0x14c>
    7404:	02 97       	sbiw	r24, 0x02	; 2
    7406:	e1 f4       	brne	.+56     	; 0x7440 <processPacket+0x13e>
			DBG_TFTP(tracePGMlnTftp(mDebugTftp_OPRRQ);)
			break;

		case TFTP_OPCODE_WRQ: // Write request
			// Valid WRQ -> reset timer
			resetTick();
    7408:	f3 d1       	rcall	.+998    	; 0x77f0 <resetTick>

			DBG_TFTP(tracePGMlnTftp(mDebugTftp_OPWRQ);)

			// Flagging image as invalid since the flashing process has started
			eeprom_write_byte(EEPROM_IMG_STAT, EEPROM_IMG_BAD_VALUE);
    740a:	6f ef       	ldi	r22, 0xFF	; 255
    740c:	82 e0       	ldi	r24, 0x02	; 2
    740e:	90 e0       	ldi	r25, 0x00	; 0
    7410:	10 d3       	rcall	.+1568   	; 0x7a32 <__eewr_byte_m328p>

#if defined(RANDOM_TFTP_DATA_PORT)
			sockInit((buffer[4] << 8) | ~buffer[5]); // Generate a 'random' TID (RFC1350)
#else
			sockInit(tftpTransferPort);
    7412:	80 91 27 01 	lds	r24, 0x0127
    7416:	90 91 28 01 	lds	r25, 0x0128
    741a:	4f df       	rcall	.-354    	; 0x72ba <sockInit>
#else
				tracenum(tftpTransferPort);
#endif
			)

			lastPacket = highPacket = 0;
    741c:	10 92 1d 01 	sts	0x011D, r1
    7420:	10 92 1c 01 	sts	0x011C, r1
    7424:	10 92 1f 01 	sts	0x011F, r1
    7428:	10 92 1e 01 	sts	0x011E, r1
			returnCode = ACK; // Send back acknowledge for packet 0
    742c:	72 e0       	ldi	r23, 0x02	; 2
			break;
    742e:	92 c0       	rjmp	.+292    	; 0x7554 <processPacket+0x252>

	uint8_t returnCode = ERROR_UNKNOWN;
	uint16_t packetLength;


	switch(tftpOpcode) {
    7430:	06 97       	sbiw	r24, 0x06	; 6
    7432:	68 f0       	brcs	.+26     	; 0x744e <processPacket+0x14c>
    7434:	05 c0       	rjmp	.+10     	; 0x7440 <processPacket+0x13e>

	if((tftpOpcode == TFTP_OPCODE_DATA)
		&& ((tftpBlock > MAX_ADDR / 0x200) || (tftpBlock < highPacket) || (tftpBlock > highPacket + 1)))
		tftpOpcode = TFTP_OPCODE_UKN;

	if(tftpDataLen > (0x200 + TFTP_OPCODE_SIZE + TFTP_BLOCKNO_SIZE))
    7436:	f5 e0       	ldi	r31, 0x05	; 5
    7438:	ef 16       	cp	r14, r31
    743a:	f2 e0       	ldi	r31, 0x02	; 2
    743c:	ff 06       	cpc	r15, r31
    743e:	48 f0       	brcs	.+18     	; 0x7452 <processPacket+0x150>
			)

#if defined(RANDOM_TFTP_DATA_PORT)
			sockInit((buffer[4] << 8) | ~buffer[5]); // Generate a 'random' TID (RFC1350)
#else
			sockInit(tftpTransferPort);
    7440:	80 91 27 01 	lds	r24, 0x0127
    7444:	90 91 28 01 	lds	r25, 0x0128
    7448:	38 df       	rcall	.-400    	; 0x72ba <sockInit>
			 * It can be done by reinitializig the tftpd or
			 * by resetting the device. I should find out which is best...
			 * Right now it is being done by resetting the timer if we have a
			 * data packet. */
			// Invalid - return error
			returnCode = ERROR_INVALID;
    744a:	71 e0       	ldi	r23, 0x01	; 1
			break;
    744c:	83 c0       	rjmp	.+262    	; 0x7554 <processPacket+0x252>
		tftpOpcode = TFTP_OPCODE_UKN;

	if(tftpDataLen > (0x200 + TFTP_OPCODE_SIZE + TFTP_BLOCKNO_SIZE))
		tftpOpcode = TFTP_OPCODE_UKN;

	uint8_t returnCode = ERROR_UNKNOWN;
    744e:	70 e0       	ldi	r23, 0x00	; 0
    7450:	81 c0       	rjmp	.+258    	; 0x7554 <processPacket+0x252>
			returnCode = ACK; // Send back acknowledge for packet 0
			break;

		case TFTP_OPCODE_DATA:
			// Valid Data Packet -> reset timer
			resetTick();
    7452:	ce d1       	rcall	.+924    	; 0x77f0 <resetTick>

			DBG_TFTP(tracePGMlnTftp(mDebugTftp_OPDATA);)

			packetLength = tftpDataLen - (TFTP_OPCODE_SIZE + TFTP_BLOCKNO_SIZE);
    7454:	84 e0       	ldi	r24, 0x04	; 4
    7456:	e8 1a       	sub	r14, r24
    7458:	f1 08       	sbc	r15, r1
			lastPacket = tftpBlock;
    745a:	10 93 1f 01 	sts	0x011F, r17
    745e:	00 93 1e 01 	sts	0x011E, r16
#if defined(RAMPZ)
			writeAddr = (((address_t)((tftpBlock - 1)/0x80) << 16) | ((address_t)((tftpBlock - 1)%0x80) << 9));
#else
			writeAddr = (address_t)((address_t)(tftpBlock - 1) << 9); // Flash write address for this block
    7462:	01 50       	subi	r16, 0x01	; 1
    7464:	11 09       	sbc	r17, r1
    7466:	10 2f       	mov	r17, r16
    7468:	00 27       	eor	r16, r16
    746a:	11 0f       	add	r17, r17
#endif

			if((writeAddr + packetLength) > MAX_ADDR) {
    746c:	c8 01       	movw	r24, r16
    746e:	8e 0d       	add	r24, r14
    7470:	9f 1d       	adc	r25, r15
    7472:	81 30       	cpi	r24, 0x01	; 1
    7474:	90 47       	sbci	r25, 0x70	; 112
    7476:	08 f0       	brcs	.+2      	; 0x747a <processPacket+0x178>
    7478:	6c c0       	rjmp	.+216    	; 0x7552 <processPacket+0x250>
				uint8_t* pageBase = buffer + (UDP_HEADER_SIZE + TFTP_OPCODE_SIZE + TFTP_BLOCKNO_SIZE); // Start of block data
				uint16_t offset = 0; // Block offset


				// Set the return code before packetLength gets rounded up
				if(packetLength < TFTP_DATA_SIZE) returnCode = FINAL_ACK;
    747a:	e1 14       	cp	r14, r1
    747c:	f2 e0       	ldi	r31, 0x02	; 2
    747e:	ff 06       	cpc	r15, r31
    7480:	10 f4       	brcc	.+4      	; 0x7486 <processPacket+0x184>
    7482:	74 e0       	ldi	r23, 0x04	; 4
    7484:	01 c0       	rjmp	.+2      	; 0x7488 <processPacket+0x186>
				else returnCode = ACK;
    7486:	72 e0       	ldi	r23, 0x02	; 2

				// Round up packet length to a full flash sector size
				while(packetLength % SPM_PAGESIZE) packetLength++;
    7488:	c7 01       	movw	r24, r14
    748a:	8f 77       	andi	r24, 0x7F	; 127
    748c:	99 27       	eor	r25, r25
    748e:	89 2b       	or	r24, r25
    7490:	21 f0       	breq	.+8      	; 0x749a <processPacket+0x198>
    7492:	2f ef       	ldi	r18, 0xFF	; 255
    7494:	e2 1a       	sub	r14, r18
    7496:	f2 0a       	sbc	r15, r18
    7498:	f7 cf       	rjmp	.-18     	; 0x7488 <processPacket+0x186>
				DBG_TFTP(
					tracePGMlnTftp(mDebugTftp_PLEN);
					tracenum(packetLength);
				)

				if(writeAddr == 0) {
    749a:	01 15       	cp	r16, r1
    749c:	11 05       	cpc	r17, r1
    749e:	51 f0       	breq	.+20     	; 0x74b4 <processPacket+0x1b2>
    74a0:	de 01       	movw	r26, r28
    74a2:	1d 96       	adiw	r26, 0x0d	; 13
					}
				}

				// Flash packets
				uint16_t writeValue;
				for(offset = 0; offset < packetLength;) {
    74a4:	20 e0       	ldi	r18, 0x00	; 0
    74a6:	30 e0       	ldi	r19, 0x00	; 0
					writeValue = (pageBase[offset]) | (pageBase[offset + 1] << 8);
					boot_page_fill(writeAddr + offset, writeValue);
    74a8:	81 e0       	ldi	r24, 0x01	; 1
					)

					offset += 2;

					if(offset % SPM_PAGESIZE == 0) {
						boot_page_erase(writeAddr + offset - SPM_PAGESIZE);
    74aa:	93 e0       	ldi	r25, 0x03	; 3
						boot_spm_busy_wait();
						boot_page_write(writeAddr + offset - SPM_PAGESIZE);
    74ac:	65 e0       	ldi	r22, 0x05	; 5
						boot_spm_busy_wait();
#if defined(RWWSRE)
						// Reenable read access to flash
						boot_rww_enable();
    74ae:	f1 e1       	ldi	r31, 0x11	; 17
    74b0:	bf 2e       	mov	r11, r31
					}
				}

				// Flash packets
				uint16_t writeValue;
				for(offset = 0; offset < packetLength;) {
    74b2:	3b c0       	rjmp	.+118    	; 0x752a <processPacket+0x228>
					tracenum(packetLength);
				)

				if(writeAddr == 0) {
					// First sector - validate
					if(!validImage(pageBase)) {
    74b4:	ce 01       	movw	r24, r28
    74b6:	0d 96       	adiw	r24, 0x0d	; 13
    74b8:	c3 5f       	subi	r28, 0xF3	; 243
    74ba:	dd 4f       	sbci	r29, 0xFD	; 253
    74bc:	78 83       	st	Y, r23
    74be:	cd 50       	subi	r28, 0x0D	; 13
    74c0:	d2 40       	sbci	r29, 0x02	; 2
    74c2:	2f d1       	rcall	.+606    	; 0x7722 <validImage>
    74c4:	c3 5f       	subi	r28, 0xF3	; 243
    74c6:	dd 4f       	sbci	r29, 0xFD	; 253
    74c8:	78 81       	ld	r23, Y
    74ca:	cd 50       	subi	r28, 0x0D	; 13
    74cc:	d2 40       	sbci	r29, 0x02	; 2
    74ce:	81 11       	cpse	r24, r1
    74d0:	e7 cf       	rjmp	.-50     	; 0x74a0 <processPacket+0x19e>

#if defined(__AVR_ATmega328__) || defined(__AVR_ATmega328P__)
						/* FIXME: Validity checks. Small programms (under 512 bytes?) don't
						 * have the the JMP sections and that is why app.bin was failing.
						 * When flashing big binaries is fixed, uncomment the break below.*/
						returnCode = INVALID_IMAGE;
    74d2:	75 e0       	ldi	r23, 0x05	; 5
    74d4:	3f c0       	rjmp	.+126    	; 0x7554 <processPacket+0x252>
    74d6:	f6 01       	movw	r30, r12
    74d8:	e2 0f       	add	r30, r18
    74da:	f3 1f       	adc	r31, r19
				}

				// Flash packets
				uint16_t writeValue;
				for(offset = 0; offset < packetLength;) {
					writeValue = (pageBase[offset]) | (pageBase[offset + 1] << 8);
    74dc:	45 85       	ldd	r20, Z+13	; 0x0d
    74de:	50 e0       	ldi	r21, 0x00	; 0
    74e0:	54 2f       	mov	r21, r20
    74e2:	44 27       	eor	r20, r20
    74e4:	ec 91       	ld	r30, X
    74e6:	4e 2b       	or	r20, r30
					boot_page_fill(writeAddr + offset, writeValue);
    74e8:	f8 01       	movw	r30, r16
    74ea:	0a 01       	movw	r0, r20
    74ec:	80 93 57 00 	sts	0x0057, r24
    74f0:	e8 95       	spm
    74f2:	11 24       	eor	r1, r1
							tracePGM(mDebugTftp_OFFSET);
							tracenum(writeAddr + offset);
						}
					)

					offset += 2;
    74f4:	2e 5f       	subi	r18, 0xFE	; 254
    74f6:	3f 4f       	sbci	r19, 0xFF	; 255

					if(offset % SPM_PAGESIZE == 0) {
    74f8:	a9 01       	movw	r20, r18
    74fa:	4f 77       	andi	r20, 0x7F	; 127
    74fc:	55 27       	eor	r21, r21
    74fe:	45 2b       	or	r20, r21
    7500:	89 f4       	brne	.+34     	; 0x7524 <processPacket+0x222>
						boot_page_erase(writeAddr + offset - SPM_PAGESIZE);
    7502:	ee 57       	subi	r30, 0x7E	; 126
    7504:	f1 09       	sbc	r31, r1
    7506:	90 93 57 00 	sts	0x0057, r25
    750a:	e8 95       	spm
						boot_spm_busy_wait();
    750c:	07 b6       	in	r0, 0x37	; 55
    750e:	00 fc       	sbrc	r0, 0
    7510:	fd cf       	rjmp	.-6      	; 0x750c <processPacket+0x20a>
						boot_page_write(writeAddr + offset - SPM_PAGESIZE);
    7512:	60 93 57 00 	sts	0x0057, r22
    7516:	e8 95       	spm
						boot_spm_busy_wait();
    7518:	07 b6       	in	r0, 0x37	; 55
    751a:	00 fc       	sbrc	r0, 0
    751c:	fd cf       	rjmp	.-6      	; 0x7518 <processPacket+0x216>
#if defined(RWWSRE)
						// Reenable read access to flash
						boot_rww_enable();
    751e:	b0 92 57 00 	sts	0x0057, r11
    7522:	e8 95       	spm
    7524:	12 96       	adiw	r26, 0x02	; 2
    7526:	0e 5f       	subi	r16, 0xFE	; 254
    7528:	1f 4f       	sbci	r17, 0xFF	; 255
					}
				}

				// Flash packets
				uint16_t writeValue;
				for(offset = 0; offset < packetLength;) {
    752a:	2e 15       	cp	r18, r14
    752c:	3f 05       	cpc	r19, r15
    752e:	98 f2       	brcs	.-90     	; 0x74d6 <processPacket+0x1d4>
						boot_rww_enable();
#endif
					}
				}

				if(returnCode == FINAL_ACK) {
    7530:	74 30       	cpi	r23, 0x04	; 4
    7532:	81 f4       	brne	.+32     	; 0x7554 <processPacket+0x252>
					// Hand over to application

					DBG_TFTP(tracePGMlnTftp(mDebugTftp_DONE);)

					// Flag the image as valid since we received the last packet
					eeprom_write_byte(EEPROM_IMG_STAT, EEPROM_IMG_OK_VALUE);
    7534:	6e ee       	ldi	r22, 0xEE	; 238
    7536:	82 e0       	ldi	r24, 0x02	; 2
    7538:	90 e0       	ldi	r25, 0x00	; 0
    753a:	c3 5f       	subi	r28, 0xF3	; 243
    753c:	dd 4f       	sbci	r29, 0xFD	; 253
    753e:	78 83       	st	Y, r23
    7540:	cd 50       	subi	r28, 0x0D	; 13
    7542:	d2 40       	sbci	r29, 0x02	; 2
    7544:	76 d2       	rcall	.+1260   	; 0x7a32 <__eewr_byte_m328p>
    7546:	c3 5f       	subi	r28, 0xF3	; 243
    7548:	dd 4f       	sbci	r29, 0xFD	; 253
    754a:	78 81       	ld	r23, Y
    754c:	cd 50       	subi	r28, 0x0D	; 13
    754e:	d2 40       	sbci	r29, 0x02	; 2
    7550:	01 c0       	rjmp	.+2      	; 0x7554 <processPacket+0x252>
				// Flash is full - abort with an error before a bootloader overwrite occurs
				// Application is now corrupt, so do not hand over.

				DBG_TFTP(tracePGMlnTftp(mDebugTftp_FULL);)

				returnCode = ERROR_FULL;
    7552:	73 e0       	ldi	r23, 0x03	; 3
			break;

	}

	return(returnCode);
}
    7554:	87 2f       	mov	r24, r23
    7556:	c3 5f       	subi	r28, 0xF3	; 243
    7558:	dd 4f       	sbci	r29, 0xFD	; 253
    755a:	de bf       	out	0x3e, r29	; 62
    755c:	cd bf       	out	0x3d, r28	; 61
    755e:	df 91       	pop	r29
    7560:	cf 91       	pop	r28
    7562:	1f 91       	pop	r17
    7564:	0f 91       	pop	r16
    7566:	ff 90       	pop	r15
    7568:	ef 90       	pop	r14
    756a:	df 90       	pop	r13
    756c:	cf 90       	pop	r12
    756e:	bf 90       	pop	r11
    7570:	af 90       	pop	r10
    7572:	08 95       	ret

00007574 <tftpInit>:

/**
 * Initializes the network controller
 */
void tftpInit(void)
{
    7574:	cf 93       	push	r28
	// Open socket
	sockInit(TFTP_PORT);
    7576:	85 e4       	ldi	r24, 0x45	; 69
    7578:	90 e0       	ldi	r25, 0x00	; 0
    757a:	9f de       	rcall	.-706    	; 0x72ba <sockInit>

#if defined(RANDOM_TFTP_DATA_PORT)
#else
	if(eeprom_read_byte(EEPROM_SIG_3) == EEPROM_SIG_3_VALUE)
    757c:	87 e1       	ldi	r24, 0x17	; 23
    757e:	90 e0       	ldi	r25, 0x00	; 0
    7580:	50 d2       	rcall	.+1184   	; 0x7a22 <__eerd_byte_m328p>
    7582:	8b 3b       	cpi	r24, 0xBB	; 187
    7584:	91 f4       	brne	.+36     	; 0x75aa <tftpInit+0x36>
		tftpTransferPort = ((eeprom_read_byte(EEPROM_PORT + 1) << 8) + eeprom_read_byte(EEPROM_PORT));
    7586:	89 e1       	ldi	r24, 0x19	; 25
    7588:	90 e0       	ldi	r25, 0x00	; 0
    758a:	4b d2       	rcall	.+1174   	; 0x7a22 <__eerd_byte_m328p>
    758c:	c8 2f       	mov	r28, r24
    758e:	88 e1       	ldi	r24, 0x18	; 24
    7590:	90 e0       	ldi	r25, 0x00	; 0
    7592:	47 d2       	rcall	.+1166   	; 0x7a22 <__eerd_byte_m328p>
    7594:	2c 2f       	mov	r18, r28
    7596:	30 e0       	ldi	r19, 0x00	; 0
    7598:	32 2f       	mov	r19, r18
    759a:	22 27       	eor	r18, r18
    759c:	28 0f       	add	r18, r24
    759e:	31 1d       	adc	r19, r1
    75a0:	30 93 28 01 	sts	0x0128, r19
    75a4:	20 93 27 01 	sts	0x0127, r18
    75a8:	06 c0       	rjmp	.+12     	; 0x75b6 <tftpInit+0x42>
	else
		tftpTransferPort = TFTP_DATA_PORT;
    75aa:	89 e7       	ldi	r24, 0x79	; 121
    75ac:	97 eb       	ldi	r25, 0xB7	; 183
    75ae:	90 93 28 01 	sts	0x0128, r25
    75b2:	80 93 27 01 	sts	0x0127, r24
#else
		tracePGMlnTftp(mDebugTftp_PORT);
		tracenum(tftpTransferPort);
#endif
	)
}
    75b6:	cf 91       	pop	r28
    75b8:	08 95       	ret

000075ba <tftpPoll>:

/**
 * Looks for a connection
 */
uint8_t tftpPoll(void)
{
    75ba:	af 92       	push	r10
    75bc:	bf 92       	push	r11
    75be:	cf 92       	push	r12
    75c0:	df 92       	push	r13
    75c2:	ef 92       	push	r14
    75c4:	ff 92       	push	r15
    75c6:	0f 93       	push	r16
    75c8:	1f 93       	push	r17
    75ca:	cf 93       	push	r28
    75cc:	df 93       	push	r29
    75ce:	cd b7       	in	r28, 0x3d	; 61
    75d0:	de b7       	in	r29, 0x3e	; 62
    75d2:	c4 56       	subi	r28, 0x64	; 100
    75d4:	d1 09       	sbc	r29, r1
    75d6:	de bf       	out	0x3e, r29	; 62
    75d8:	cd bf       	out	0x3d, r28	; 61
	uint8_t response = ACK;
	// Get the size of the recieved data
	uint16_t packetSize = spiReadWord(REG_S3_RX_RSR0);
    75da:	86 e2       	ldi	r24, 0x26	; 38
    75dc:	97 e0       	ldi	r25, 0x07	; 7
    75de:	21 de       	rcall	.-958    	; 0x7222 <spiReadWord>
// 			_delay_ms(400);
// 			packetSize = spiReadWord(REG_S3_RX_RSR0);
// 		}
// 	} while (packetSize != incSize);

	if(packetSize) {
    75e0:	89 2b       	or	r24, r25
    75e2:	11 f4       	brne	.+4      	; 0x75e8 <tftpPoll+0x2e>
		// Complete
		return(0);
	}

	// Tftp continues
	return(1);
    75e4:	81 e0       	ldi	r24, 0x01	; 1
    75e6:	8e c0       	rjmp	.+284    	; 0x7704 <tftpPoll+0x14a>
// 			packetSize = spiReadWord(REG_S3_RX_RSR0);
// 		}
// 	} while (packetSize != incSize);

	if(packetSize) {
		tftpFlashing = TRUE;
    75e8:	81 e0       	ldi	r24, 0x01	; 1
    75ea:	80 93 2a 01 	sts	0x012A, r24

		while((spiReadReg(REG_S3_IR) & IR_RECV)) {
    75ee:	82 e0       	ldi	r24, 0x02	; 2
    75f0:	97 e0       	ldi	r25, 0x07	; 7
    75f2:	fd dd       	rcall	.-1030   	; 0x71ee <spiReadReg>
    75f4:	82 ff       	sbrs	r24, 2
    75f6:	0e c0       	rjmp	.+28     	; 0x7614 <tftpPoll+0x5a>
			spiWriteReg(REG_S3_IR, IR_RECV);
    75f8:	64 e0       	ldi	r22, 0x04	; 4
    75fa:	82 e0       	ldi	r24, 0x02	; 2
    75fc:	97 e0       	ldi	r25, 0x07	; 7
    75fe:	cd dd       	rcall	.-1126   	; 0x719a <spiWriteReg>
    7600:	2f ef       	ldi	r18, 0xFF	; 255
    7602:	33 ec       	ldi	r19, 0xC3	; 195
    7604:	89 e0       	ldi	r24, 0x09	; 9
    7606:	21 50       	subi	r18, 0x01	; 1
    7608:	30 40       	sbci	r19, 0x00	; 0
    760a:	80 40       	sbci	r24, 0x00	; 0
    760c:	e1 f7       	brne	.-8      	; 0x7606 <tftpPoll+0x4c>
    760e:	00 c0       	rjmp	.+0      	; 0x7610 <tftpPoll+0x56>
    7610:	00 00       	nop
    7612:	ed cf       	rjmp	.-38     	; 0x75ee <tftpPoll+0x34>
		// Process Packet and get TFTP response code
#if (DEBUG_TFTP > 0)
		packetSize = spiReadWord(REG_S3_RX_RSR0);
		response = processPacket(packetSize);
#else
		response = processPacket();
    7614:	76 de       	rcall	.-788    	; 0x7302 <processPacket>
    7616:	b8 2e       	mov	r11, r24
	uint8_t txBuffer[100];
	uint8_t* txPtr = txBuffer;
	uint8_t packetLength;
	uint16_t writePointer;

	writePointer = spiReadWord(REG_S3_TX_WR0) + S3_TX_START;
    7618:	84 e2       	ldi	r24, 0x24	; 36
    761a:	97 e0       	ldi	r25, 0x07	; 7
    761c:	02 de       	rcall	.-1020   	; 0x7222 <spiReadWord>
    761e:	8c 01       	movw	r16, r24
    7620:	18 5a       	subi	r17, 0xA8	; 168

	switch(response) {
    7622:	92 e0       	ldi	r25, 0x02	; 2
    7624:	b9 16       	cp	r11, r25
    7626:	61 f1       	breq	.+88     	; 0x7680 <tftpPoll+0xc6>
    7628:	9b 15       	cp	r25, r11
    762a:	20 f0       	brcs	.+8      	; 0x7634 <tftpPoll+0x7a>
    762c:	e1 e0       	ldi	r30, 0x01	; 1
    762e:	be 16       	cp	r11, r30
    7630:	a9 f0       	breq	.+42     	; 0x765c <tftpPoll+0xa2>
    7632:	06 c0       	rjmp	.+12     	; 0x7640 <tftpPoll+0x86>
    7634:	f3 e0       	ldi	r31, 0x03	; 3
    7636:	bf 16       	cp	r11, r31
    7638:	d1 f0       	breq	.+52     	; 0x766e <tftpPoll+0xb4>
    763a:	24 e0       	ldi	r18, 0x04	; 4
    763c:	b2 16       	cp	r11, r18
    763e:	79 f1       	breq	.+94     	; 0x769e <tftpPoll+0xe4>
			// Send unknown error packet
			packetLength = TFTP_UNKNOWN_ERROR_LEN;
#if (FLASHEND > 0x10000)
			memcpy_PF(txBuffer, PROGMEM_OFFSET + (uint32_t)(uint16_t)tftp_unknown_error_packet, packetLength);
#else
			memcpy_P(txBuffer, tftp_unknown_error_packet, packetLength);
    7640:	4a e0       	ldi	r20, 0x0A	; 10
    7642:	50 e0       	ldi	r21, 0x00	; 0
    7644:	60 e8       	ldi	r22, 0x80	; 128
    7646:	70 e7       	ldi	r23, 0x70	; 112
    7648:	ce 01       	movw	r24, r28
    764a:	01 96       	adiw	r24, 0x01	; 1
    764c:	e1 d1       	rcall	.+962    	; 0x7a10 <memcpy_P>
	switch(response) {
		default:

		case ERROR_UNKNOWN:
			// Send unknown error packet
			packetLength = TFTP_UNKNOWN_ERROR_LEN;
    764e:	8a e0       	ldi	r24, 0x0A	; 10
	txPtr = txBuffer;

	while(packetLength--) {
		spiWriteReg(writePointer++, *txPtr++);

		if(writePointer == S3_TX_END) writePointer = S3_TX_START;
    7650:	fe 01       	movw	r30, r28
    7652:	31 96       	adiw	r30, 0x01	; 1
    7654:	7f 01       	movw	r14, r30
    7656:	a8 2e       	mov	r10, r24
    7658:	ae 0e       	add	r10, r30
    765a:	3c c0       	rjmp	.+120    	; 0x76d4 <tftpPoll+0x11a>
			// Send invalid opcode packet
			packetLength = TFTP_OPCODE_ERROR_LEN;
#if (FLASHEND > 0x10000)
			memcpy_PF(txBuffer, PROGMEM_OFFSET + (uint32_t)(uint16_t)tftp_opcode_error_packet, packetLength);
#else
			memcpy_P(txBuffer, tftp_opcode_error_packet, packetLength);
    765c:	4c e0       	ldi	r20, 0x0C	; 12
    765e:	50 e0       	ldi	r21, 0x00	; 0
    7660:	65 e9       	ldi	r22, 0x95	; 149
    7662:	70 e7       	ldi	r23, 0x70	; 112
    7664:	ce 01       	movw	r24, r28
    7666:	01 96       	adiw	r24, 0x01	; 1
    7668:	d3 d1       	rcall	.+934    	; 0x7a10 <memcpy_P>
#endif
			break;

		case ERROR_INVALID:
			// Send invalid opcode packet
			packetLength = TFTP_OPCODE_ERROR_LEN;
    766a:	8c e0       	ldi	r24, 0x0C	; 12
    766c:	f1 cf       	rjmp	.-30     	; 0x7650 <tftpPoll+0x96>
			// Send unknown error packet
			packetLength = TFTP_FULL_ERROR_LEN;
#if (FLASHEND > 0x10000)
			memcpy_PF(txBuffer, PROGMEM_OFFSET + (uint32_t)(uint16_t)tftp_full_error_packet, packetLength);
#else
			memcpy_P(txBuffer, tftp_full_error_packet, packetLength);
    766e:	49 e0       	ldi	r20, 0x09	; 9
    7670:	50 e0       	ldi	r21, 0x00	; 0
    7672:	6b e8       	ldi	r22, 0x8B	; 139
    7674:	70 e7       	ldi	r23, 0x70	; 112
    7676:	ce 01       	movw	r24, r28
    7678:	01 96       	adiw	r24, 0x01	; 1
    767a:	ca d1       	rcall	.+916    	; 0x7a10 <memcpy_P>
#endif
			break;

		case ERROR_FULL:
			// Send unknown error packet
			packetLength = TFTP_FULL_ERROR_LEN;
    767c:	89 e0       	ldi	r24, 0x09	; 9
    767e:	e8 cf       	rjmp	.-48     	; 0x7650 <tftpPoll+0x96>
			memcpy_P(txBuffer, tftp_full_error_packet, packetLength);
#endif
			break;

		case ACK:
			if(lastPacket > highPacket) highPacket = lastPacket;
    7680:	20 91 1e 01 	lds	r18, 0x011E
    7684:	30 91 1f 01 	lds	r19, 0x011F
    7688:	40 91 1c 01 	lds	r20, 0x011C
    768c:	50 91 1d 01 	lds	r21, 0x011D
    7690:	42 17       	cp	r20, r18
    7692:	53 07       	cpc	r21, r19
    7694:	20 f4       	brcc	.+8      	; 0x769e <tftpPoll+0xe4>
    7696:	30 93 1d 01 	sts	0x011D, r19
    769a:	20 93 1c 01 	sts	0x011C, r18
				if(response == FINAL_ACK)
					tracePGMlnTftp(mDebugTftp_SFACK);
			)

			packetLength = 4;
			*txPtr++ = TFTP_OPCODE_ACK >> 8;
    769e:	19 82       	std	Y+1, r1	; 0x01
			*txPtr++ = TFTP_OPCODE_ACK & 0xff;
    76a0:	84 e0       	ldi	r24, 0x04	; 4
    76a2:	8a 83       	std	Y+2, r24	; 0x02
			// lastPacket is block code
			*txPtr++ = lastPacket >> 8;
    76a4:	20 91 1e 01 	lds	r18, 0x011E
    76a8:	30 91 1f 01 	lds	r19, 0x011F
    76ac:	3b 83       	std	Y+3, r19	; 0x03
			*txPtr = lastPacket & 0xff;
    76ae:	2c 83       	std	Y+4, r18	; 0x04
    76b0:	cf cf       	rjmp	.-98     	; 0x7650 <tftpPoll+0x96>
	}

	txPtr = txBuffer;

	while(packetLength--) {
		spiWriteReg(writePointer++, *txPtr++);
    76b2:	f7 01       	movw	r30, r14
    76b4:	61 91       	ld	r22, Z+
    76b6:	7f 01       	movw	r14, r30
    76b8:	68 01       	movw	r12, r16
    76ba:	ff ef       	ldi	r31, 0xFF	; 255
    76bc:	cf 1a       	sub	r12, r31
    76be:	df 0a       	sbc	r13, r31
    76c0:	c8 01       	movw	r24, r16
    76c2:	6b dd       	rcall	.-1322   	; 0x719a <spiWriteReg>

		if(writePointer == S3_TX_END) writePointer = S3_TX_START;
    76c4:	c1 14       	cp	r12, r1
    76c6:	20 e6       	ldi	r18, 0x60	; 96
    76c8:	d2 06       	cpc	r13, r18
    76ca:	19 f4       	brne	.+6      	; 0x76d2 <tftpPoll+0x118>
    76cc:	c1 2c       	mov	r12, r1
    76ce:	58 e5       	ldi	r21, 0x58	; 88
    76d0:	d5 2e       	mov	r13, r21
    76d2:	86 01       	movw	r16, r12
			break;
	}

	txPtr = txBuffer;

	while(packetLength--) {
    76d4:	ae 10       	cpse	r10, r14
    76d6:	ed cf       	rjmp	.-38     	; 0x76b2 <tftpPoll+0xf8>
		spiWriteReg(writePointer++, *txPtr++);

		if(writePointer == S3_TX_END) writePointer = S3_TX_START;
	}

	spiWriteWord(REG_S3_TX_WR0, writePointer - S3_TX_START);
    76d8:	b8 01       	movw	r22, r16
    76da:	78 55       	subi	r23, 0x58	; 88
    76dc:	84 e2       	ldi	r24, 0x24	; 36
    76de:	97 e0       	ldi	r25, 0x07	; 7
    76e0:	75 dd       	rcall	.-1302   	; 0x71cc <spiWriteWord>
	spiWriteReg(REG_S3_CR, CR_SEND);
    76e2:	60 e2       	ldi	r22, 0x20	; 32
    76e4:	81 e0       	ldi	r24, 0x01	; 1
    76e6:	97 e0       	ldi	r25, 0x07	; 7
    76e8:	58 dd       	rcall	.-1360   	; 0x719a <spiWriteReg>

	while(spiReadReg(REG_S3_CR));
    76ea:	81 e0       	ldi	r24, 0x01	; 1
    76ec:	97 e0       	ldi	r25, 0x07	; 7
    76ee:	7f dd       	rcall	.-1282   	; 0x71ee <spiReadReg>
    76f0:	81 11       	cpse	r24, r1
    76f2:	fb cf       	rjmp	.-10     	; 0x76ea <tftpPoll+0x130>
#endif
		// Send the response
		sendResponse(response);
	}

	if(response == FINAL_ACK) {
    76f4:	34 e0       	ldi	r19, 0x04	; 4
    76f6:	b3 12       	cpse	r11, r19
    76f8:	75 cf       	rjmp	.-278    	; 0x75e4 <tftpPoll+0x2a>
		spiWriteReg(REG_S3_CR, CR_CLOSE);
    76fa:	60 e1       	ldi	r22, 0x10	; 16
    76fc:	81 e0       	ldi	r24, 0x01	; 1
    76fe:	97 e0       	ldi	r25, 0x07	; 7
    7700:	4c dd       	rcall	.-1384   	; 0x719a <spiWriteReg>
		// Complete
		return(0);
    7702:	80 e0       	ldi	r24, 0x00	; 0
	}

	// Tftp continues
	return(1);
}
    7704:	cc 59       	subi	r28, 0x9C	; 156
    7706:	df 4f       	sbci	r29, 0xFF	; 255
    7708:	de bf       	out	0x3e, r29	; 62
    770a:	cd bf       	out	0x3d, r28	; 61
    770c:	df 91       	pop	r29
    770e:	cf 91       	pop	r28
    7710:	1f 91       	pop	r17
    7712:	0f 91       	pop	r16
    7714:	ff 90       	pop	r15
    7716:	ef 90       	pop	r14
    7718:	df 90       	pop	r13
    771a:	cf 90       	pop	r12
    771c:	bf 90       	pop	r11
    771e:	af 90       	pop	r10
    7720:	08 95       	ret

00007722 <validImage>:
#include "serial.h"
#include "debug.h"
#include "debug_vald.h"

uint8_t validImage(uint8_t* base)
{
    7722:	20 e0       	ldi	r18, 0x00	; 0
    7724:	30 e0       	ldi	r19, 0x00	; 0
    7726:	fc 01       	movw	r30, r24
    7728:	e2 0f       	add	r30, r18
    772a:	f3 1f       	adc	r31, r19
	uint8_t i;
	for(i = 0; i < 0x34; i += 4) {

		// For each vector, check it is of the form:
		// 0x0C 0x94 0xWX 0xYZ  ; JMP 0xWXYZ
		if(base[i] != 0x0c) {
    772c:	40 81       	ld	r20, Z
    772e:	4c 30       	cpi	r20, 0x0C	; 12
    7730:	51 f4       	brne	.+20     	; 0x7746 <validImage+0x24>
				tracePGM(mDebugVald_0x0C);
			)
			return(0);
		}
		
		if(base[i + 1] != 0x94) {
    7732:	41 81       	ldd	r20, Z+1	; 0x01
    7734:	44 39       	cpi	r20, 0x94	; 148
    7736:	39 f4       	brne	.+14     	; 0x7746 <validImage+0x24>
    7738:	2c 5f       	subi	r18, 0xFC	; 252
    773a:	3f 4f       	sbci	r19, 0xFF	; 255

uint8_t validImage(uint8_t* base)
{
	/* Check that a jump table is present in the first flash sector */
	uint8_t i;
	for(i = 0; i < 0x34; i += 4) {
    773c:	24 33       	cpi	r18, 0x34	; 52
    773e:	31 05       	cpc	r19, r1
    7740:	91 f7       	brne	.-28     	; 0x7726 <validImage+0x4>
		}
	}

	DBG_VALD(tracePGMlnVald(mDebugVald_VALID);)

	return(1);
    7742:	81 e0       	ldi	r24, 0x01	; 1
}
    7744:	08 95       	ret
				tracenum(i);
				tracePGM(mDebugVald_WITH);
				tracenum(base[i]);
				tracePGM(mDebugVald_0x0C);
			)
			return(0);
    7746:	80 e0       	ldi	r24, 0x00	; 0
    7748:	08 95       	ret

0000774a <serialInit>:


void serialInit(void)
{
	// Double speed mode USART0
	UART_STATUS_REG		= _BV(UART_DOUBLE_SPEED);
    774a:	82 e0       	ldi	r24, 0x02	; 2
    774c:	80 93 c0 00 	sts	0x00C0, r24
	// Enable receiver and transiter on USART0
	UART_CONTROL_REG	= _BV(UART_ENABLE_RECEIVER) | _BV(UART_ENABLE_TRANSMITTER);
    7750:	88 e1       	ldi	r24, 0x18	; 24
    7752:	80 93 c1 00 	sts	0x00C1, r24
	// Set 8bit character length on USART0
	UART_MODE_REG		= _BV(UART_CHAR_SIZE_LOW) | _BV(UART_CHAR_SIZE_MID);
    7756:	86 e0       	ldi	r24, 0x06	; 6
    7758:	80 93 c2 00 	sts	0x00C2, r24
	// Set USART0 baud rate
	UART_BAUD_RATE_LOW	= (uint8_t)((F_CPU + BAUD_RATE * 4L) / (BAUD_RATE * 8L) - 1);
    775c:	80 e1       	ldi	r24, 0x10	; 16
    775e:	80 93 c4 00 	sts	0x00C4, r24
    7762:	08 95       	ret

00007764 <putch>:
}


void putch(uint8_t c)
{
	while(!(UART_STATUS_REG & _BV(UART_DATA_REG_EMPTY)));
    7764:	90 91 c0 00 	lds	r25, 0x00C0
    7768:	95 ff       	sbrs	r25, 5
    776a:	fc cf       	rjmp	.-8      	; 0x7764 <putch>
	UART_DATA_REG = c;
    776c:	80 93 c6 00 	sts	0x00C6, r24
    7770:	08 95       	ret

00007772 <puthex>:
}


void puthex(uint8_t c)
{
	c &= 0xf;
    7772:	8f 70       	andi	r24, 0x0F	; 15
	if(c > 9) c += 7;
    7774:	8a 30       	cpi	r24, 0x0A	; 10
    7776:	08 f0       	brcs	.+2      	; 0x777a <puthex+0x8>
    7778:	89 5f       	subi	r24, 0xF9	; 249
	//while(!(UART_STATUS_REG & _BV(UART_DATA_REG_EMPTY)));
	//UART_DATA_REG = c + '0';
	putch(c + '0');
    777a:	80 5d       	subi	r24, 0xD0	; 208
    777c:	f3 cf       	rjmp	.-26     	; 0x7764 <putch>

0000777e <getch>:

uint8_t getch(void)
{
	//uint8_t ch;

	while(!(UART_STATUS_REG & _BV(UART_RECEIVE_COMPLETE)));
    777e:	80 91 c0 00 	lds	r24, 0x00C0
    7782:	87 ff       	sbrs	r24, 7
    7784:	fc cf       	rjmp	.-8      	; 0x777e <getch>
	if(!(UART_STATUS_REG & _BV(UART_FRAME_ERROR))) {
    7786:	80 91 c0 00 	lds	r24, 0x00C0
    778a:	84 fd       	sbrc	r24, 4
    778c:	01 c0       	rjmp	.+2      	; 0x7790 <getch+0x12>
		 * expects to be talking to the application, and DON'T reset the
		 * watchdog.  This should cause the bootloader to abort and run
		 * the application "soon", if it keeps happening.  (Note that we
		 * don't care that an invalid char is returned...)
		 */
		wdt_reset();
    778e:	a8 95       	wdr
	}

	//ch = UART_DATA_REG;
	//return ch;

	return(UART_DATA_REG);
    7790:	80 91 c6 00 	lds	r24, 0x00C6
}
    7794:	08 95       	ret

00007796 <serialPoll>:


uint8_t serialPoll(void)
{
	if(UART_STATUS_REG & _BV(UART_RECEIVE_COMPLETE)) {
    7796:	80 91 c0 00 	lds	r24, 0x00C0
    779a:	87 ff       	sbrs	r24, 7
    779c:	05 c0       	rjmp	.+10     	; 0x77a8 <serialPoll+0x12>
		resetTick();
    779e:	28 d0       	rcall	.+80     	; 0x77f0 <resetTick>
		serialFlashing = TRUE;
    77a0:	81 e0       	ldi	r24, 0x01	; 1
    77a2:	80 93 29 01 	sts	0x0129, r24
#if defined(__AVR_ATmega328__) || defined(__AVR_ATmega328P__) || defined(__AVR_ATmega1284P__)
		return(processOptiboot());
    77a6:	50 c0       	rjmp	.+160    	; 0x7848 <processOptiboot>
#elif defined(__AVR_ATmega2560__)
		return(processStk500boot());
#endif
	}
	return(1);
}
    77a8:	81 e0       	ldi	r24, 0x01	; 1
    77aa:	08 95       	ret

000077ac <updateLed>:
static uint16_t tick = 0;


void updateLed(void)
{
	uint16_t next_timer_1 = TCNT1;
    77ac:	80 91 84 00 	lds	r24, 0x0084
    77b0:	90 91 85 00 	lds	r25, 0x0085

	if(next_timer_1 & 0x400) LED_PORT ^= _BV(LED); // Led pin high
    77b4:	92 ff       	sbrs	r25, 2
    77b6:	05 c0       	rjmp	.+10     	; 0x77c2 <updateLed+0x16>
    77b8:	25 b1       	in	r18, 0x05	; 5
    77ba:	30 e2       	ldi	r19, 0x20	; 32
    77bc:	23 27       	eor	r18, r19
    77be:	25 b9       	out	0x05, r18	; 5
    77c0:	01 c0       	rjmp	.+2      	; 0x77c4 <updateLed+0x18>
	else LED_PORT &= ~_BV(LED); // Led pin low
    77c2:	2d 98       	cbi	0x05, 5	; 5

	if(next_timer_1 < last_timer_1) {
    77c4:	20 91 22 01 	lds	r18, 0x0122
    77c8:	30 91 23 01 	lds	r19, 0x0123
    77cc:	82 17       	cp	r24, r18
    77ce:	93 07       	cpc	r25, r19
    77d0:	50 f4       	brcc	.+20     	; 0x77e6 <updateLed+0x3a>
		tick++;
    77d2:	20 91 20 01 	lds	r18, 0x0120
    77d6:	30 91 21 01 	lds	r19, 0x0121
    77da:	2f 5f       	subi	r18, 0xFF	; 255
    77dc:	3f 4f       	sbci	r19, 0xFF	; 255
    77de:	30 93 21 01 	sts	0x0121, r19
    77e2:	20 93 20 01 	sts	0x0120, r18
		    tracePGMlnUtil(mDebugUtil_LAST);
		    tracenum(last_timer_1);
		)
	}

	last_timer_1 = next_timer_1;
    77e6:	90 93 23 01 	sts	0x0123, r25
    77ea:	80 93 22 01 	sts	0x0122, r24
    77ee:	08 95       	ret

000077f0 <resetTick>:
}

void resetTick(void)
{
	TCNT1 = 0;
    77f0:	10 92 85 00 	sts	0x0085, r1
    77f4:	10 92 84 00 	sts	0x0084, r1
	tick = 0;
    77f8:	10 92 21 01 	sts	0x0121, r1
    77fc:	10 92 20 01 	sts	0x0120, r1
    7800:	08 95       	ret

00007802 <timedOut>:
{
	// Never timeout if there is no code in Flash
#if (FLASHEND > 0x10000)
	if(pgm_read_word_far(0x0000) == 0xFFFF) return(0);
#else
	if(pgm_read_word_near(0x0000) == 0xFFFF) return(0);
    7802:	e0 e0       	ldi	r30, 0x00	; 0
    7804:	f0 e0       	ldi	r31, 0x00	; 0
    7806:	85 91       	lpm	r24, Z+
    7808:	94 91       	lpm	r25, Z
    780a:	01 96       	adiw	r24, 0x01	; 1
    780c:	41 f0       	breq	.+16     	; 0x781e <timedOut+0x1c>
#endif

	if(tick > TIMEOUT) return(1);
    780e:	81 e0       	ldi	r24, 0x01	; 1
    7810:	20 91 20 01 	lds	r18, 0x0120
    7814:	30 91 21 01 	lds	r19, 0x0121
    7818:	25 30       	cpi	r18, 0x05	; 5
    781a:	31 05       	cpc	r19, r1
    781c:	08 f4       	brcc	.+2      	; 0x7820 <timedOut+0x1e>
{
	// Never timeout if there is no code in Flash
#if (FLASHEND > 0x10000)
	if(pgm_read_word_far(0x0000) == 0xFFFF) return(0);
#else
	if(pgm_read_word_near(0x0000) == 0xFFFF) return(0);
    781e:	80 e0       	ldi	r24, 0x00	; 0
#endif

	if(tick > TIMEOUT) return(1);
	else return(0);
}
    7820:	08 95       	ret

00007822 <verifySpace>:
static uint16_t address = 0;
static uint8_t  length;

static void verifySpace(void)
{
	if(getch() != CRC_EOP) {
    7822:	ad df       	rcall	.-166    	; 0x777e <getch>
    7824:	80 32       	cpi	r24, 0x20	; 32
    7826:	39 f0       	breq	.+14     	; 0x7836 <verifySpace+0x14>
		WDTCSR = _BV(WDCE) | _BV(WDE);
    7828:	88 e1       	ldi	r24, 0x18	; 24
    782a:	80 93 60 00 	sts	0x0060, r24
		WDTCSR = WATCHDOG_16MS;	// shorten WD timeout
    782e:	88 e0       	ldi	r24, 0x08	; 8
    7830:	80 93 60 00 	sts	0x0060, r24
    7834:	ff cf       	rjmp	.-2      	; 0x7834 <verifySpace+0x12>
		while(1)				// and busy-loop so that WD causes
			;					// a reset and app start.
	}
	putch(STK_INSYNC);
    7836:	84 e1       	ldi	r24, 0x14	; 20
    7838:	95 cf       	rjmp	.-214    	; 0x7764 <putch>

0000783a <getNch>:
}


static void getNch(uint8_t count)
{
    783a:	cf 93       	push	r28
    783c:	c8 2f       	mov	r28, r24
	do getch();
    783e:	9f df       	rcall	.-194    	; 0x777e <getch>
	while(--count);
    7840:	c1 50       	subi	r28, 0x01	; 1
    7842:	e9 f7       	brne	.-6      	; 0x783e <getNch+0x4>
	verifySpace();
}
    7844:	cf 91       	pop	r28

static void getNch(uint8_t count)
{
	do getch();
	while(--count);
	verifySpace();
    7846:	ed cf       	rjmp	.-38     	; 0x7822 <verifySpace>

00007848 <processOptiboot>:
}


uint8_t processOptiboot(void)
{
    7848:	ef 92       	push	r14
    784a:	ff 92       	push	r15
    784c:	0f 93       	push	r16
    784e:	1f 93       	push	r17
    7850:	cf 93       	push	r28
    7852:	df 93       	push	r29
    7854:	cd b7       	in	r28, 0x3d	; 61
    7856:	de b7       	in	r29, 0x3e	; 62
    7858:	c1 50       	subi	r28, 0x01	; 1
    785a:	d1 40       	sbci	r29, 0x01	; 1
    785c:	de bf       	out	0x3e, r29	; 62
    785e:	cd bf       	out	0x3d, r28	; 61
	uint8_t ch;

	ch = getch();
    7860:	8e df       	rcall	.-228    	; 0x777e <getch>

	if(ch == STK_GET_PARAMETER) {
    7862:	81 34       	cpi	r24, 0x41	; 65
    7864:	a9 f4       	brne	.+42     	; 0x7890 <processOptiboot+0x48>
		unsigned char which = getch();
    7866:	8b df       	rcall	.-234    	; 0x777e <getch>
		verifySpace();
    7868:	cf 5f       	subi	r28, 0xFF	; 255
    786a:	de 4f       	sbci	r29, 0xFE	; 254
    786c:	88 83       	st	Y, r24
    786e:	c1 50       	subi	r28, 0x01	; 1
    7870:	d1 40       	sbci	r29, 0x01	; 1
    7872:	d7 df       	rcall	.-82     	; 0x7822 <verifySpace>
		if(which == 0x82) {
    7874:	cf 5f       	subi	r28, 0xFF	; 255
    7876:	de 4f       	sbci	r29, 0xFE	; 254
    7878:	88 81       	ld	r24, Y
    787a:	c1 50       	subi	r28, 0x01	; 1
    787c:	d1 40       	sbci	r29, 0x01	; 1
    787e:	82 38       	cpi	r24, 0x82	; 130
    7880:	11 f4       	brne	.+4      	; 0x7886 <processOptiboot+0x3e>
			/*
			 * Send tftpboot version as "minor SW version"
			 */
			putch(ARIADNE_MINVER);
    7882:	84 e0       	ldi	r24, 0x04	; 4
    7884:	03 c0       	rjmp	.+6      	; 0x788c <processOptiboot+0x44>
		} else if(which == 0x81) {
    7886:	81 38       	cpi	r24, 0x81	; 129
    7888:	f9 f0       	breq	.+62     	; 0x78c8 <processOptiboot+0x80>
		} else {
			/*
			 * GET PARAMETER returns a generic 0x03 reply for
			 * other parameters - enough to keep Avrdude happy
			 */
			putch(0x03);
    788a:	83 e0       	ldi	r24, 0x03	; 3
    788c:	6b df       	rcall	.-298    	; 0x7764 <putch>
    788e:	b2 c0       	rjmp	.+356    	; 0x79f4 <processOptiboot+0x1ac>
		}
	} else if(ch == STK_SET_DEVICE) {
    7890:	82 34       	cpi	r24, 0x42	; 66
    7892:	11 f4       	brne	.+4      	; 0x7898 <processOptiboot+0x50>
		// SET DEVICE is ignored
		getNch(20);
    7894:	84 e1       	ldi	r24, 0x14	; 20
    7896:	03 c0       	rjmp	.+6      	; 0x789e <processOptiboot+0x56>
	} else if(ch == STK_SET_DEVICE_EXT) {
    7898:	85 34       	cpi	r24, 0x45	; 69
    789a:	19 f4       	brne	.+6      	; 0x78a2 <processOptiboot+0x5a>
		// SET DEVICE EXT is ignored
		getNch(4);
    789c:	84 e0       	ldi	r24, 0x04	; 4
    789e:	cd df       	rcall	.-102    	; 0x783a <getNch>
    78a0:	a9 c0       	rjmp	.+338    	; 0x79f4 <processOptiboot+0x1ac>
	} else if(ch == STK_LOAD_ADDRESS) {
    78a2:	85 35       	cpi	r24, 0x55	; 85
    78a4:	69 f4       	brne	.+26     	; 0x78c0 <processOptiboot+0x78>
		// LOAD ADDRESS
		uint16_t newAddress;
		newAddress = getch();
    78a6:	6b df       	rcall	.-298    	; 0x777e <getch>
    78a8:	18 2f       	mov	r17, r24
		newAddress = (newAddress & 0xff) | (getch() << 8);
    78aa:	69 df       	rcall	.-302    	; 0x777e <getch>
    78ac:	21 2f       	mov	r18, r17
    78ae:	30 e0       	ldi	r19, 0x00	; 0
    78b0:	38 2b       	or	r19, r24
#ifdef RAMPZ
		// Transfer top bit to RAMPZ
		RAMPZ = (newAddress & 0x8000) ? 1 : 0;
#endif

		newAddress += newAddress; // Convert from word address to byte address
    78b2:	22 0f       	add	r18, r18
    78b4:	33 1f       	adc	r19, r19
		address = newAddress;
    78b6:	30 93 26 01 	sts	0x0126, r19
    78ba:	20 93 25 01 	sts	0x0125, r18
    78be:	99 c0       	rjmp	.+306    	; 0x79f2 <processOptiboot+0x1aa>
		verifySpace();
	} else if(ch == STK_UNIVERSAL) {
    78c0:	86 35       	cpi	r24, 0x56	; 86
    78c2:	21 f4       	brne	.+8      	; 0x78cc <processOptiboot+0x84>
		// UNIVERSAL command is ignored
		getNch(4);
    78c4:	84 e0       	ldi	r24, 0x04	; 4
    78c6:	b9 df       	rcall	.-142    	; 0x783a <getNch>
		putch(0x00);
    78c8:	80 e0       	ldi	r24, 0x00	; 0
    78ca:	e0 cf       	rjmp	.-64     	; 0x788c <processOptiboot+0x44>
	}
	/* Write memory, length is big endian and is in bytes */
	else if(ch == STK_PROG_PAGE) {
    78cc:	84 36       	cpi	r24, 0x64	; 100
    78ce:	09 f0       	breq	.+2      	; 0x78d2 <processOptiboot+0x8a>
    78d0:	60 c0       	rjmp	.+192    	; 0x7992 <processOptiboot+0x14a>
		// PROGRAM PAGE - we support flash programming only, not EEPROM
		uint8_t  buff[256];
		uint8_t* bufPtr;
		uint16_t addrPtr;

		getch();			/* getlen() */
    78d2:	55 df       	rcall	.-342    	; 0x777e <getch>
		length = getch();
    78d4:	54 df       	rcall	.-344    	; 0x777e <getch>
    78d6:	80 93 24 01 	sts	0x0124, r24
		getch();
    78da:	51 df       	rcall	.-350    	; 0x777e <getch>

		// If we are in RWW section, immediately start page erase
		if(address < NRWWSTART) boot_page_erase((uint16_t)(void*)address);
    78dc:	e0 91 25 01 	lds	r30, 0x0125
    78e0:	f0 91 26 01 	lds	r31, 0x0126
    78e4:	e1 15       	cp	r30, r1
    78e6:	80 e7       	ldi	r24, 0x70	; 112
    78e8:	f8 07       	cpc	r31, r24
    78ea:	20 f4       	brcc	.+8      	; 0x78f4 <processOptiboot+0xac>
    78ec:	83 e0       	ldi	r24, 0x03	; 3
    78ee:	80 93 57 00 	sts	0x0057, r24
    78f2:	e8 95       	spm
    78f4:	8e 01       	movw	r16, r28
    78f6:	0f 5f       	subi	r16, 0xFF	; 255
    78f8:	1f 4f       	sbci	r17, 0xFF	; 255
    78fa:	78 01       	movw	r14, r16

		// While that is going on, read in page contents
		bufPtr = buff;
		do* bufPtr++ = getch();
    78fc:	40 df       	rcall	.-384    	; 0x777e <getch>
    78fe:	f8 01       	movw	r30, r16
    7900:	81 93       	st	Z+, r24
    7902:	8f 01       	movw	r16, r30
		while(--length);
    7904:	80 91 24 01 	lds	r24, 0x0124
    7908:	81 50       	subi	r24, 0x01	; 1
    790a:	80 93 24 01 	sts	0x0124, r24
    790e:	81 11       	cpse	r24, r1
    7910:	f5 cf       	rjmp	.-22     	; 0x78fc <processOptiboot+0xb4>

		// If we are in NRWW section, page erase has to be delayed until now.
		// Todo: Take RAMPZ into account
		if(address >= NRWWSTART) boot_page_erase((uint16_t)(void*)address);
    7912:	e0 91 25 01 	lds	r30, 0x0125
    7916:	f0 91 26 01 	lds	r31, 0x0126
    791a:	e1 15       	cp	r30, r1
    791c:	80 e7       	ldi	r24, 0x70	; 112
    791e:	f8 07       	cpc	r31, r24
    7920:	20 f0       	brcs	.+8      	; 0x792a <processOptiboot+0xe2>
    7922:	83 e0       	ldi	r24, 0x03	; 3
    7924:	80 93 57 00 	sts	0x0057, r24
    7928:	e8 95       	spm

		// Read command terminator, start reply
		verifySpace();
    792a:	7b df       	rcall	.-266    	; 0x7822 <verifySpace>

		// If only a partial page is to be programmed, the erase might not be complete.
		// So check that here
		boot_spm_busy_wait();
    792c:	07 b6       	in	r0, 0x37	; 55
    792e:	00 fc       	sbrc	r0, 0
    7930:	fd cf       	rjmp	.-6      	; 0x792c <processOptiboot+0xe4>

		// Copy buffer into programming buffer
		bufPtr = buff;
		addrPtr = (uint16_t)(void*)address;
    7932:	20 91 25 01 	lds	r18, 0x0125
    7936:	30 91 26 01 	lds	r19, 0x0126
    793a:	89 01       	movw	r16, r18
    793c:	02 58       	subi	r16, 0x82	; 130
    793e:	1f 4f       	sbci	r17, 0xFF	; 255
		// If only a partial page is to be programmed, the erase might not be complete.
		// So check that here
		boot_spm_busy_wait();

		// Copy buffer into programming buffer
		bufPtr = buff;
    7940:	c9 01       	movw	r24, r18
    7942:	69 81       	ldd	r22, Y+1	; 0x01
    7944:	a7 01       	movw	r20, r14
    7946:	42 1b       	sub	r20, r18
    7948:	53 0b       	sbc	r21, r19
		ch = SPM_PAGESIZE / 2;
		do {
			uint16_t a;
			a = *bufPtr++;
			a |= (*bufPtr++) << 8;
			boot_page_fill((uint16_t)(void*)addrPtr, a);
    794a:	ff 24       	eor	r15, r15
    794c:	f3 94       	inc	r15
    794e:	da 01       	movw	r26, r20
    7950:	a8 0f       	add	r26, r24
    7952:	b9 1f       	adc	r27, r25
		addrPtr = (uint16_t)(void*)address;
		ch = SPM_PAGESIZE / 2;
		do {
			uint16_t a;
			a = *bufPtr++;
			a |= (*bufPtr++) << 8;
    7954:	11 96       	adiw	r26, 0x01	; 1
    7956:	ec 91       	ld	r30, X
    7958:	11 97       	sbiw	r26, 0x01	; 1
    795a:	70 e0       	ldi	r23, 0x00	; 0
    795c:	7e 2b       	or	r23, r30
			boot_page_fill((uint16_t)(void*)addrPtr, a);
    795e:	fc 01       	movw	r30, r24
    7960:	0b 01       	movw	r0, r22
    7962:	f0 92 57 00 	sts	0x0057, r15
    7966:	e8 95       	spm
    7968:	11 24       	eor	r1, r1
			addrPtr += 2;
		} while(--ch);
    796a:	80 17       	cp	r24, r16
    796c:	91 07       	cpc	r25, r17
    796e:	21 f0       	breq	.+8      	; 0x7978 <processOptiboot+0x130>
    7970:	02 96       	adiw	r24, 0x02	; 2
		addrPtr = (uint16_t)(void*)address;
		ch = SPM_PAGESIZE / 2;
		do {
			uint16_t a;
			a = *bufPtr++;
			a |= (*bufPtr++) << 8;
    7972:	12 96       	adiw	r26, 0x02	; 2
    7974:	6c 91       	ld	r22, X
    7976:	eb cf       	rjmp	.-42     	; 0x794e <processOptiboot+0x106>
			boot_page_fill((uint16_t)(void*)addrPtr, a);
			addrPtr += 2;
		} while(--ch);

		// Write from programming buffer
		boot_page_write((uint16_t)(void*)address);
    7978:	85 e0       	ldi	r24, 0x05	; 5
    797a:	f9 01       	movw	r30, r18
    797c:	80 93 57 00 	sts	0x0057, r24
    7980:	e8 95       	spm
		boot_spm_busy_wait();
    7982:	07 b6       	in	r0, 0x37	; 55
    7984:	00 fc       	sbrc	r0, 0
    7986:	fd cf       	rjmp	.-6      	; 0x7982 <processOptiboot+0x13a>

#if defined(RWWSRE)
		// Reenable read access to flash
		boot_rww_enable();
    7988:	81 e1       	ldi	r24, 0x11	; 17
    798a:	80 93 57 00 	sts	0x0057, r24
    798e:	e8 95       	spm
    7990:	31 c0       	rjmp	.+98     	; 0x79f4 <processOptiboot+0x1ac>
#endif
	}
	/* Read memory block mode, length is big endian.  */
	else if(ch == STK_READ_PAGE) {
    7992:	84 37       	cpi	r24, 0x74	; 116
    7994:	d1 f4       	brne	.+52     	; 0x79ca <processOptiboot+0x182>
		// READ PAGE - we only read flash
		getch();			/* getlen() */
    7996:	f3 de       	rcall	.-538    	; 0x777e <getch>
		length = getch();
    7998:	f2 de       	rcall	.-540    	; 0x777e <getch>
    799a:	80 93 24 01 	sts	0x0124, r24
		getch();
    799e:	ef de       	rcall	.-546    	; 0x777e <getch>

		verifySpace();
    79a0:	40 df       	rcall	.-384    	; 0x7822 <verifySpace>
			__asm__("elpm %0,Z\n":"=r"(result):"z"(address));
			putch(result);
			address++;
		} while(--length);
#else
		do putch(pgm_read_byte_near(address++));
    79a2:	e0 91 25 01 	lds	r30, 0x0125
    79a6:	f0 91 26 01 	lds	r31, 0x0126
    79aa:	cf 01       	movw	r24, r30
    79ac:	01 96       	adiw	r24, 0x01	; 1
    79ae:	90 93 26 01 	sts	0x0126, r25
    79b2:	80 93 25 01 	sts	0x0125, r24
    79b6:	84 91       	lpm	r24, Z
    79b8:	d5 de       	rcall	.-598    	; 0x7764 <putch>
		while(--length);
    79ba:	80 91 24 01 	lds	r24, 0x0124
    79be:	81 50       	subi	r24, 0x01	; 1
    79c0:	80 93 24 01 	sts	0x0124, r24
    79c4:	81 11       	cpse	r24, r1
    79c6:	ed cf       	rjmp	.-38     	; 0x79a2 <processOptiboot+0x15a>
    79c8:	15 c0       	rjmp	.+42     	; 0x79f4 <processOptiboot+0x1ac>
#endif
	}
	/* Get device signature bytes  */
	else if(ch == STK_READ_SIGN) {
    79ca:	85 37       	cpi	r24, 0x75	; 117
    79cc:	39 f4       	brne	.+14     	; 0x79dc <processOptiboot+0x194>
		// READ SIGN - return what Avrdude wants to hear
		verifySpace();
    79ce:	29 df       	rcall	.-430    	; 0x7822 <verifySpace>
		putch(SIGNATURE_0);
    79d0:	8e e1       	ldi	r24, 0x1E	; 30
    79d2:	c8 de       	rcall	.-624    	; 0x7764 <putch>
		putch(SIGNATURE_1);
    79d4:	85 e9       	ldi	r24, 0x95	; 149
    79d6:	c6 de       	rcall	.-628    	; 0x7764 <putch>
		putch(SIGNATURE_2);
    79d8:	8f e0       	ldi	r24, 0x0F	; 15
    79da:	58 cf       	rjmp	.-336    	; 0x788c <processOptiboot+0x44>
	} else if(ch == STK_LEAVE_PROGMODE) {
    79dc:	81 35       	cpi	r24, 0x51	; 81
    79de:	49 f4       	brne	.+18     	; 0x79f2 <processOptiboot+0x1aa>
		// Adaboot no-wait mod
		//watchdogConfig(WATCHDOG_16MS);
		verifySpace();
    79e0:	20 df       	rcall	.-448    	; 0x7822 <verifySpace>
		eeprom_write_byte(EEPROM_IMG_STAT, EEPROM_IMG_OK_VALUE);
    79e2:	6e ee       	ldi	r22, 0xEE	; 238
    79e4:	82 e0       	ldi	r24, 0x02	; 2
    79e6:	90 e0       	ldi	r25, 0x00	; 0
    79e8:	24 d0       	rcall	.+72     	; 0x7a32 <__eewr_byte_m328p>
		putch(STK_OK);
    79ea:	80 e1       	ldi	r24, 0x10	; 16
    79ec:	bb de       	rcall	.-650    	; 0x7764 <putch>
		return(0);
    79ee:	80 e0       	ldi	r24, 0x00	; 0
    79f0:	04 c0       	rjmp	.+8      	; 0x79fa <processOptiboot+0x1b2>
	} else {
		// This covers the response to commands like STK_ENTER_PROGMODE
		verifySpace();
    79f2:	17 df       	rcall	.-466    	; 0x7822 <verifySpace>
	}
	putch(STK_OK);
    79f4:	80 e1       	ldi	r24, 0x10	; 16
    79f6:	b6 de       	rcall	.-660    	; 0x7764 <putch>
	return(1);
    79f8:	81 e0       	ldi	r24, 0x01	; 1
}
    79fa:	cf 5f       	subi	r28, 0xFF	; 255
    79fc:	de 4f       	sbci	r29, 0xFE	; 254
    79fe:	de bf       	out	0x3e, r29	; 62
    7a00:	cd bf       	out	0x3d, r28	; 61
    7a02:	df 91       	pop	r29
    7a04:	cf 91       	pop	r28
    7a06:	1f 91       	pop	r17
    7a08:	0f 91       	pop	r16
    7a0a:	ff 90       	pop	r15
    7a0c:	ef 90       	pop	r14
    7a0e:	08 95       	ret

00007a10 <memcpy_P>:
    7a10:	fb 01       	movw	r30, r22
    7a12:	dc 01       	movw	r26, r24
    7a14:	02 c0       	rjmp	.+4      	; 0x7a1a <memcpy_P+0xa>
    7a16:	05 90       	lpm	r0, Z+
    7a18:	0d 92       	st	X+, r0
    7a1a:	41 50       	subi	r20, 0x01	; 1
    7a1c:	50 40       	sbci	r21, 0x00	; 0
    7a1e:	d8 f7       	brcc	.-10     	; 0x7a16 <memcpy_P+0x6>
    7a20:	08 95       	ret

00007a22 <__eerd_byte_m328p>:
    7a22:	f9 99       	sbic	0x1f, 1	; 31
    7a24:	fe cf       	rjmp	.-4      	; 0x7a22 <__eerd_byte_m328p>
    7a26:	92 bd       	out	0x22, r25	; 34
    7a28:	81 bd       	out	0x21, r24	; 33
    7a2a:	f8 9a       	sbi	0x1f, 0	; 31
    7a2c:	99 27       	eor	r25, r25
    7a2e:	80 b5       	in	r24, 0x20	; 32
    7a30:	08 95       	ret

00007a32 <__eewr_byte_m328p>:
    7a32:	26 2f       	mov	r18, r22

00007a34 <__eewr_r18_m328p>:
    7a34:	f9 99       	sbic	0x1f, 1	; 31
    7a36:	fe cf       	rjmp	.-4      	; 0x7a34 <__eewr_r18_m328p>
    7a38:	1f ba       	out	0x1f, r1	; 31
    7a3a:	92 bd       	out	0x22, r25	; 34
    7a3c:	81 bd       	out	0x21, r24	; 33
    7a3e:	20 bd       	out	0x20, r18	; 32
    7a40:	0f b6       	in	r0, 0x3f	; 63
    7a42:	f8 94       	cli
    7a44:	fa 9a       	sbi	0x1f, 2	; 31
    7a46:	f9 9a       	sbi	0x1f, 1	; 31
    7a48:	0f be       	out	0x3f, r0	; 63
    7a4a:	01 96       	adiw	r24, 0x01	; 1
    7a4c:	08 95       	ret

00007a4e <_exit>:
    7a4e:	f8 94       	cli

00007a50 <__stop_program>:
    7a50:	ff cf       	rjmp	.-2      	; 0x7a50 <__stop_program>
