
ariadne_atmega328_16mhz_noblink_arduinoethernet.elf:     file format elf32-avr

Sections:
Idx Name          Size      VMA       LMA       File off  Algn
  0 .data         0000001c  00800100  00007a50  00000ae4  2**0
                  CONTENTS, ALLOC, LOAD, DATA
  1 .text         00000a50  00007000  00007000  00000094  2**1
                  CONTENTS, ALLOC, LOAD, READONLY, CODE
  2 .bss          0000000f  0080011c  0080011c  00000b00  2**0
                  ALLOC
  3 .comment      00000011  00000000  00000000  00000b00  2**0
                  CONTENTS, READONLY
  4 .debug_aranges 00000170  00000000  00000000  00000b11  2**0
                  CONTENTS, READONLY, DEBUGGING
  5 .debug_info   00001bf2  00000000  00000000  00000c81  2**0
                  CONTENTS, READONLY, DEBUGGING
  6 .debug_abbrev 00000c22  00000000  00000000  00002873  2**0
                  CONTENTS, READONLY, DEBUGGING
  7 .debug_line   00001661  00000000  00000000  00003495  2**0
                  CONTENTS, READONLY, DEBUGGING
  8 .debug_frame  000003cc  00000000  00000000  00004af8  2**2
                  CONTENTS, READONLY, DEBUGGING
  9 .debug_str    00000618  00000000  00000000  00004ec4  2**0
                  CONTENTS, READONLY, DEBUGGING
 10 .debug_loc    00001491  00000000  00000000  000054dc  2**0
                  CONTENTS, READONLY, DEBUGGING
 11 .debug_ranges 00000088  00000000  00000000  0000696d  2**0
                  CONTENTS, READONLY, DEBUGGING

Disassembly of section .text:

00007000 <__vectors>:
    7000:	50 c0       	rjmp	.+160    	; 0x70a2 <__ctors_end>
    7002:	00 00       	nop
    7004:	c8 c0       	rjmp	.+400    	; 0x7196 <__bad_interrupt>
    7006:	00 00       	nop
    7008:	c6 c0       	rjmp	.+396    	; 0x7196 <__bad_interrupt>
    700a:	00 00       	nop
    700c:	c4 c0       	rjmp	.+392    	; 0x7196 <__bad_interrupt>
    700e:	00 00       	nop
    7010:	c2 c0       	rjmp	.+388    	; 0x7196 <__bad_interrupt>
    7012:	00 00       	nop
    7014:	c0 c0       	rjmp	.+384    	; 0x7196 <__bad_interrupt>
    7016:	00 00       	nop
    7018:	be c0       	rjmp	.+380    	; 0x7196 <__bad_interrupt>
    701a:	00 00       	nop
    701c:	bc c0       	rjmp	.+376    	; 0x7196 <__bad_interrupt>
    701e:	00 00       	nop
    7020:	ba c0       	rjmp	.+372    	; 0x7196 <__bad_interrupt>
    7022:	00 00       	nop
    7024:	b8 c0       	rjmp	.+368    	; 0x7196 <__bad_interrupt>
    7026:	00 00       	nop
    7028:	b6 c0       	rjmp	.+364    	; 0x7196 <__bad_interrupt>
    702a:	00 00       	nop
    702c:	b4 c0       	rjmp	.+360    	; 0x7196 <__bad_interrupt>
    702e:	00 00       	nop
    7030:	b2 c0       	rjmp	.+356    	; 0x7196 <__bad_interrupt>
    7032:	00 00       	nop
    7034:	b0 c0       	rjmp	.+352    	; 0x7196 <__bad_interrupt>
    7036:	00 00       	nop
    7038:	ae c0       	rjmp	.+348    	; 0x7196 <__bad_interrupt>
    703a:	00 00       	nop
    703c:	ac c0       	rjmp	.+344    	; 0x7196 <__bad_interrupt>
    703e:	00 00       	nop
    7040:	aa c0       	rjmp	.+340    	; 0x7196 <__bad_interrupt>
    7042:	00 00       	nop
    7044:	a8 c0       	rjmp	.+336    	; 0x7196 <__bad_interrupt>
    7046:	00 00       	nop
    7048:	a6 c0       	rjmp	.+332    	; 0x7196 <__bad_interrupt>
    704a:	00 00       	nop
    704c:	a4 c0       	rjmp	.+328    	; 0x7196 <__bad_interrupt>
    704e:	00 00       	nop
    7050:	a2 c0       	rjmp	.+324    	; 0x7196 <__bad_interrupt>
    7052:	00 00       	nop
    7054:	a0 c0       	rjmp	.+320    	; 0x7196 <__bad_interrupt>
    7056:	00 00       	nop
    7058:	9e c0       	rjmp	.+316    	; 0x7196 <__bad_interrupt>
    705a:	00 00       	nop
    705c:	9c c0       	rjmp	.+312    	; 0x7196 <__bad_interrupt>
    705e:	00 00       	nop
    7060:	9a c0       	rjmp	.+308    	; 0x7196 <__bad_interrupt>
    7062:	00 00       	nop
    7064:	98 c0       	rjmp	.+304    	; 0x7196 <__bad_interrupt>
	...

00007068 <__trampolines_end>:
    7068:	13 00       	.word	0x0013	; ????
    706a:	05 00       	.word	0x0005	; ????
    706c:	00 49       	sbci	r16, 0x90	; 144
    706e:	6e 76       	andi	r22, 0x6E	; 110
    7070:	61 6c       	ori	r22, 0xC1	; 193
    7072:	69 64       	ori	r22, 0x49	; 73
    7074:	20 69       	ori	r18, 0x90	; 144
    7076:	6d 61       	ori	r22, 0x1D	; 29
    7078:	67 65       	ori	r22, 0x57	; 87
    707a:	20 66       	ori	r18, 0x60	; 96
    707c:	69 6c       	ori	r22, 0xC9	; 201
    707e:	65 00       	.word	0x0065	; ????

00007080 <tftp_unknown_error_packet>:
    7080:	08 00 05 00 00 45 72 72 6f 72 00                    .....Error.

0000708b <tftp_full_error_packet>:
    708b:	09 00 05 00 03 46 75 6c 6c 00                       .....Full.

00007095 <tftp_opcode_error_packet>:
    7095:	0a 00 05 00 00 4f 70 63 6f 64 65 3f 00              .....Opcode?.

000070a2 <__ctors_end>:
    70a2:	11 24       	eor	r1, r1
    70a4:	1f be       	out	0x3f, r1	; 63
    70a6:	cf ef       	ldi	r28, 0xFF	; 255
    70a8:	d8 e0       	ldi	r29, 0x08	; 8
    70aa:	de bf       	out	0x3e, r29	; 62
    70ac:	cd bf       	out	0x3d, r28	; 61

000070ae <__do_copy_data>:
    70ae:	11 e0       	ldi	r17, 0x01	; 1
    70b0:	a0 e0       	ldi	r26, 0x00	; 0
    70b2:	b1 e0       	ldi	r27, 0x01	; 1
    70b4:	e0 e5       	ldi	r30, 0x50	; 80
    70b6:	fa e7       	ldi	r31, 0x7A	; 122
    70b8:	02 c0       	rjmp	.+4      	; 0x70be <__do_copy_data+0x10>
    70ba:	05 90       	lpm	r0, Z+
    70bc:	0d 92       	st	X+, r0
    70be:	ac 31       	cpi	r26, 0x1C	; 28
    70c0:	b1 07       	cpc	r27, r17
    70c2:	d9 f7       	brne	.-10     	; 0x70ba <__do_copy_data+0xc>

000070c4 <__do_clear_bss>:
    70c4:	21 e0       	ldi	r18, 0x01	; 1
    70c6:	ac e1       	ldi	r26, 0x1C	; 28
    70c8:	b1 e0       	ldi	r27, 0x01	; 1
    70ca:	01 c0       	rjmp	.+2      	; 0x70ce <.do_clear_bss_start>

000070cc <.do_clear_bss_loop>:
    70cc:	1d 92       	st	X+, r1

000070ce <.do_clear_bss_start>:
    70ce:	ab 32       	cpi	r26, 0x2B	; 43
    70d0:	b2 07       	cpc	r27, r18
    70d2:	e1 f7       	brne	.-8      	; 0x70cc <.do_clear_bss_loop>
    70d4:	01 d0       	rcall	.+2      	; 0x70d8 <main>
    70d6:	ba c4       	rjmp	.+2420   	; 0x7a4c <_exit>

000070d8 <main>:

int main(void)
{
	/* Disable the watchdog timer to prevent
	 * eternal reset loop of doom and despair */
	MCUSR = 0;
    70d8:	14 be       	out	0x34, r1	; 52
	wdt_disable();
    70da:	88 e1       	ldi	r24, 0x18	; 24
    70dc:	0f b6       	in	r0, 0x3f	; 63
    70de:	f8 94       	cli
    70e0:	80 93 60 00 	sts	0x0060, r24
    70e4:	10 92 60 00 	sts	0x0060, r1
    70e8:	0f be       	out	0x3f, r0	; 63
	#else
		//round up by default
		__ticks_dc = (uint32_t)(ceil(fabs(__tmp)));
	#endif

	__builtin_avr_delay_cycles(__ticks_dc);
    70ea:	2f ef       	ldi	r18, 0xFF	; 255
    70ec:	83 ec       	ldi	r24, 0xC3	; 195
    70ee:	99 e0       	ldi	r25, 0x09	; 9
    70f0:	21 50       	subi	r18, 0x01	; 1
    70f2:	80 40       	sbci	r24, 0x00	; 0
    70f4:	90 40       	sbci	r25, 0x00	; 0
    70f6:	e1 f7       	brne	.-8      	; 0x70f0 <main+0x18>
    70f8:	00 c0       	rjmp	.+0      	; 0x70fa <main+0x22>
    70fa:	00 00       	nop
	/* This code makes the following assumptions:
	 * No interrupts will execute
	 * SP points to RAMEND
	 * r1 contains zero */
	//cli();
	asm volatile("clr __zero_reg__");
    70fc:	11 24       	eor	r1, r1
	// 0x02 -> ClkIO/8 -> 500ns period, 32ms max
	// 0X03 -> ClkIO/64 -> 4us period, 256ms max
	// 0x04 -> ClkIO/256 -> 16us period, 1024ms max
	// 0x05 -> ClkIO/1024 -> 64us period, 4096ms max
	// Set up Timer 1 as timekeeper for LED flashing
	TCCR1B = _BV(CS12) | _BV(CS10); // Same thing as TCCR1B = 0x05;
    70fe:	85 e0       	ldi	r24, 0x05	; 5
    7100:	80 93 81 00 	sts	0x0081, r24

	/* Write version information in the EEPROM */
	if(eeprom_read_byte(EEPROM_MAJVER) != ARIADNE_MAJVER)
    7104:	80 e0       	ldi	r24, 0x00	; 0
    7106:	90 e0       	ldi	r25, 0x00	; 0
    7108:	8b d4       	rcall	.+2326   	; 0x7a20 <__eerd_byte_m328p>
    710a:	88 23       	and	r24, r24
    710c:	21 f0       	breq	.+8      	; 0x7116 <main+0x3e>
		eeprom_write_byte(EEPROM_MAJVER, ARIADNE_MAJVER);
    710e:	60 e0       	ldi	r22, 0x00	; 0
    7110:	80 e0       	ldi	r24, 0x00	; 0
    7112:	90 e0       	ldi	r25, 0x00	; 0
    7114:	8d d4       	rcall	.+2330   	; 0x7a30 <__eewr_byte_m328p>
	if(eeprom_read_byte(EEPROM_MINVER) != ARIADNE_MINVER)
    7116:	81 e0       	ldi	r24, 0x01	; 1
    7118:	90 e0       	ldi	r25, 0x00	; 0
    711a:	82 d4       	rcall	.+2308   	; 0x7a20 <__eerd_byte_m328p>
    711c:	84 30       	cpi	r24, 0x04	; 4
    711e:	21 f0       	breq	.+8      	; 0x7128 <main+0x50>
		eeprom_write_byte(EEPROM_MINVER, ARIADNE_MINVER);
    7120:	64 e0       	ldi	r22, 0x04	; 4
    7122:	81 e0       	ldi	r24, 0x01	; 1
    7124:	90 e0       	ldi	r25, 0x00	; 0
    7126:	84 d4       	rcall	.+2312   	; 0x7a30 <__eewr_byte_m328p>

	/* Initialize UART communication */
	serialInit();
    7128:	0f d3       	rcall	.+1566   	; 0x7748 <serialInit>
		buttonInit();
	)

	/* Initalize SPI communication */
	DBG_MAIN_EX(tracePGMlnMain(mDebugMain_SPI);)
	spiInit();
    712a:	8e d0       	rcall	.+284    	; 0x7248 <spiInit>
	/* Initialize networking */
	DBG_MAIN_EX(tracePGMlnMain(mDebugMain_NET);)
	netInit();
    712c:	96 d0       	rcall	.+300    	; 0x725a <netInit>

	/* Initialize the UDP socket for tftp */
	DBG_MAIN_EX(tracePGMlnMain(mDebugMain_TFTP);)
	tftpInit();
    712e:	21 d2       	rcall	.+1090   	; 0x7572 <tftpInit>
#if defined(ANNOUNCE)
	DBG_MAIN_EX(tracePGMlnMain(mDebugMain_ANN);)
	announceInit();
#endif

	serialFlashing = FALSE;
    7130:	10 92 29 01 	sts	0x0129, r1
	tftpFlashing = FALSE;
    7134:	10 92 2a 01 	sts	0x012A, r1
			if(eeprom_read_byte(EEPROM_IMG_STAT) == EEPROM_IMG_OK_VALUE) break;

			//TODO: determine the conditions for reseting server OR reseting socket
			if(tftpFlashing == TRUE) {
				// Delete first page of flash memory
				boot_page_erase(0);
    7138:	13 e0       	ldi	r17, 0x03	; 3
    713a:	c0 e0       	ldi	r28, 0x00	; 0
    713c:	d0 e0       	ldi	r29, 0x00	; 0
	serialFlashing = FALSE;
	tftpFlashing = FALSE;

	for(;;) {
		// If there is no serial flashing under way, poll tftp
		if(!serialFlashing)
    713e:	80 91 29 01 	lds	r24, 0x0129
    7142:	88 23       	and	r24, r24
    7144:	29 f0       	breq	.+10     	; 0x7150 <main+0x78>
			// If tftp recieved a FINAL_ACK, break
			if(tftpPoll() == 0)
				break;

		// If there is no tftp flashing, poll serial
		if(!tftpFlashing)
    7146:	80 91 2a 01 	lds	r24, 0x012A
    714a:	88 23       	and	r24, r24
    714c:	49 f0       	breq	.+18     	; 0x7160 <main+0x88>
    714e:	04 c0       	rjmp	.+8      	; 0x7158 <main+0x80>

	for(;;) {
		// If there is no serial flashing under way, poll tftp
		if(!serialFlashing)
			// If tftp recieved a FINAL_ACK, break
			if(tftpPoll() == 0)
    7150:	33 d2       	rcall	.+1126   	; 0x75b8 <tftpPoll>
    7152:	81 11       	cpse	r24, r1
    7154:	f8 cf       	rjmp	.-16     	; 0x7146 <main+0x6e>
    7156:	1a c0       	rjmp	.+52     	; 0x718c <main+0xb4>
		/* As explained above this goes out */
#if defined(ANNOUNCE)
		announcePoll();
#endif

		if(timedOut()) {
    7158:	53 d3       	rcall	.+1702   	; 0x7800 <timedOut>
    715a:	81 11       	cpse	r24, r1
    715c:	05 c0       	rjmp	.+10     	; 0x7168 <main+0x90>
    715e:	ef cf       	rjmp	.-34     	; 0x713e <main+0x66>
				break;

		// If there is no tftp flashing, poll serial
		if(!tftpFlashing)
			// If flashing is done exit
			if(serialPoll() == 0)
    7160:	19 d3       	rcall	.+1586   	; 0x7794 <serialPoll>
    7162:	81 11       	cpse	r24, r1
    7164:	f9 cf       	rjmp	.-14     	; 0x7158 <main+0x80>
    7166:	12 c0       	rjmp	.+36     	; 0x718c <main+0xb4>
#if defined(ANNOUNCE)
		announcePoll();
#endif

		if(timedOut()) {
			if(eeprom_read_byte(EEPROM_IMG_STAT) == EEPROM_IMG_OK_VALUE) break;
    7168:	82 e0       	ldi	r24, 0x02	; 2
    716a:	90 e0       	ldi	r25, 0x00	; 0
    716c:	59 d4       	rcall	.+2226   	; 0x7a20 <__eerd_byte_m328p>
    716e:	8e 3e       	cpi	r24, 0xEE	; 238
    7170:	69 f0       	breq	.+26     	; 0x718c <main+0xb4>

			//TODO: determine the conditions for reseting server OR reseting socket
			if(tftpFlashing == TRUE) {
    7172:	80 91 2a 01 	lds	r24, 0x012A
    7176:	81 30       	cpi	r24, 0x01	; 1
    7178:	11 f7       	brne	.-60     	; 0x713e <main+0x66>
				// Delete first page of flash memory
				boot_page_erase(0);
    717a:	fe 01       	movw	r30, r28
    717c:	10 93 57 00 	sts	0x0057, r17
    7180:	e8 95       	spm
				// Reinitialize TFTP
				tftpInit();
    7182:	f7 d1       	rcall	.+1006   	; 0x7572 <tftpInit>
				// Reset the timeout counter
				resetTick();
    7184:	34 d3       	rcall	.+1640   	; 0x77ee <resetTick>
				// Unset tftp flag
				tftpFlashing = FALSE;
    7186:	10 92 2a 01 	sts	0x012A, r1
    718a:	d9 cf       	rjmp	.-78     	; 0x713e <main+0x66>
#endif  //DISABLE_BLINK
	}

	/* Exit to user application */
	DBG_MAIN(tracePGMlnMain(mDebugMain_EXIT);)
	asm volatile(
    718c:	ee 27       	eor	r30, r30
    718e:	ff 27       	eor	r31, r31
    7190:	09 94       	ijmp
		"clr	r31		\n\t"
		"ijmp	\n\t"
	);
	//appStart();
	//return(0); /* never reached */
}
    7192:	80 e0       	ldi	r24, 0x00	; 0
    7194:	90 e0       	ldi	r25, 0x00	; 0

00007196 <__bad_interrupt>:
    7196:	34 cf       	rjmp	.-408    	; 0x7000 <__vectors>

00007198 <spiWriteReg>:
		tracenum(address);
		tracePGM(mDebugSpi_COMMA);
		tracenum(value);
	)

	SPCR = _BV(SPE) | _BV(MSTR); // Set SPI as master
    7198:	20 e5       	ldi	r18, 0x50	; 80
    719a:	2c bd       	out	0x2c, r18	; 44
	SS_LOW();
    719c:	2a 98       	cbi	0x05, 2	; 5

	SPDR = SPI_WRITE;
    719e:	20 ef       	ldi	r18, 0xF0	; 240
    71a0:	2e bd       	out	0x2e, r18	; 46
	while(!(SPSR & _BV(SPIF)));
    71a2:	0d b4       	in	r0, 0x2d	; 45
    71a4:	07 fe       	sbrs	r0, 7
    71a6:	fd cf       	rjmp	.-6      	; 0x71a2 <spiWriteReg+0xa>

	SPDR = address >> 8;
    71a8:	29 2f       	mov	r18, r25
    71aa:	33 27       	eor	r19, r19
    71ac:	2e bd       	out	0x2e, r18	; 46
	while(!(SPSR & _BV(SPIF)));
    71ae:	0d b4       	in	r0, 0x2d	; 45
    71b0:	07 fe       	sbrs	r0, 7
    71b2:	fd cf       	rjmp	.-6      	; 0x71ae <spiWriteReg+0x16>

	SPDR = address & 0xff;
    71b4:	8e bd       	out	0x2e, r24	; 46
	while(!(SPSR & _BV(SPIF)));
    71b6:	0d b4       	in	r0, 0x2d	; 45
    71b8:	07 fe       	sbrs	r0, 7
    71ba:	fd cf       	rjmp	.-6      	; 0x71b6 <spiWriteReg+0x1e>

	SPDR = value;
    71bc:	6e bd       	out	0x2e, r22	; 46
	while(!(SPSR & _BV(SPIF)));
    71be:	0d b4       	in	r0, 0x2d	; 45
    71c0:	07 fe       	sbrs	r0, 7
    71c2:	fd cf       	rjmp	.-6      	; 0x71be <spiWriteReg+0x26>

	SS_HIGH();
    71c4:	2a 9a       	sbi	0x05, 2	; 5
	SPCR = 0; // Turn off SPI
    71c6:	1c bc       	out	0x2c, r1	; 44
    71c8:	08 95       	ret

000071ca <spiWriteWord>:
}

void spiWriteWord(uint16_t address, uint16_t value)
{
    71ca:	0f 93       	push	r16
    71cc:	1f 93       	push	r17
    71ce:	cf 93       	push	r28
    71d0:	df 93       	push	r29
    71d2:	8c 01       	movw	r16, r24
    71d4:	eb 01       	movw	r28, r22
	// Write uint16_t to Ethernet controller
	spiWriteReg(address++, value >> 8);
    71d6:	67 2f       	mov	r22, r23
    71d8:	77 27       	eor	r23, r23
    71da:	de df       	rcall	.-68     	; 0x7198 <spiWriteReg>
	spiWriteReg(address, value & 0xff);
    71dc:	6c 2f       	mov	r22, r28
    71de:	c8 01       	movw	r24, r16
    71e0:	01 96       	adiw	r24, 0x01	; 1
}
    71e2:	df 91       	pop	r29
    71e4:	cf 91       	pop	r28
    71e6:	1f 91       	pop	r17
    71e8:	0f 91       	pop	r16

void spiWriteWord(uint16_t address, uint16_t value)
{
	// Write uint16_t to Ethernet controller
	spiWriteReg(address++, value >> 8);
	spiWriteReg(address, value & 0xff);
    71ea:	d6 cf       	rjmp	.-84     	; 0x7198 <spiWriteReg>

000071ec <spiReadReg>:
	)
	#endif

	uint8_t returnValue;

	SPCR = _BV(SPE) | _BV(MSTR);
    71ec:	20 e5       	ldi	r18, 0x50	; 80
    71ee:	2c bd       	out	0x2c, r18	; 44
	SS_LOW();
    71f0:	2a 98       	cbi	0x05, 2	; 5

	SPDR = SPI_READ;
    71f2:	2f e0       	ldi	r18, 0x0F	; 15
    71f4:	2e bd       	out	0x2e, r18	; 46
	while(!(SPSR & _BV(SPIF)));
    71f6:	0d b4       	in	r0, 0x2d	; 45
    71f8:	07 fe       	sbrs	r0, 7
    71fa:	fd cf       	rjmp	.-6      	; 0x71f6 <spiReadReg+0xa>

	SPDR = address >> 8;
    71fc:	29 2f       	mov	r18, r25
    71fe:	33 27       	eor	r19, r19
    7200:	2e bd       	out	0x2e, r18	; 46
	while(!(SPSR & _BV(SPIF)));
    7202:	0d b4       	in	r0, 0x2d	; 45
    7204:	07 fe       	sbrs	r0, 7
    7206:	fd cf       	rjmp	.-6      	; 0x7202 <spiReadReg+0x16>

	SPDR = address & 0xff;
    7208:	8e bd       	out	0x2e, r24	; 46
	while(!(SPSR & _BV(SPIF)));
    720a:	0d b4       	in	r0, 0x2d	; 45
    720c:	07 fe       	sbrs	r0, 7
    720e:	fd cf       	rjmp	.-6      	; 0x720a <spiReadReg+0x1e>

	SPDR = 0;
    7210:	1e bc       	out	0x2e, r1	; 46
	while(!(SPSR & _BV(SPIF)));
    7212:	0d b4       	in	r0, 0x2d	; 45
    7214:	07 fe       	sbrs	r0, 7
    7216:	fd cf       	rjmp	.-6      	; 0x7212 <spiReadReg+0x26>

	SS_HIGH();
    7218:	2a 9a       	sbi	0x05, 2	; 5
	returnValue = SPDR;
    721a:	8e b5       	in	r24, 0x2e	; 46
	SPCR = 0;
    721c:	1c bc       	out	0x2c, r1	; 44

	return(returnValue);
}
    721e:	08 95       	ret

00007220 <spiReadWord>:

uint16_t spiReadWord(uint16_t address)
{
    7220:	1f 93       	push	r17
    7222:	cf 93       	push	r28
    7224:	df 93       	push	r29
    7226:	ec 01       	movw	r28, r24
	// Read uint16_t from Ethernet controller
	return((spiReadReg(address) << 8) | spiReadReg(address + 1));
    7228:	e1 df       	rcall	.-62     	; 0x71ec <spiReadReg>
    722a:	18 2f       	mov	r17, r24
    722c:	ce 01       	movw	r24, r28
    722e:	01 96       	adiw	r24, 0x01	; 1
    7230:	dd df       	rcall	.-70     	; 0x71ec <spiReadReg>
    7232:	21 2f       	mov	r18, r17
    7234:	30 e0       	ldi	r19, 0x00	; 0
    7236:	32 2f       	mov	r19, r18
    7238:	22 27       	eor	r18, r18
}
    723a:	a9 01       	movw	r20, r18
    723c:	48 2b       	or	r20, r24
    723e:	ca 01       	movw	r24, r20
    7240:	df 91       	pop	r29
    7242:	cf 91       	pop	r28
    7244:	1f 91       	pop	r17
    7246:	08 95       	ret

00007248 <spiInit>:
	 * At this stage all pins are set to HIGH. This in fact DISABLES SPI for both Ethernet and SD.
	 * SS pin for ethernet is pulled low just in time for reading or writing data inside those
	 * functions. */

	/** Set SPI pins high */
	SPI_PORT = _BV(SCK) | _BV(MISO) | _BV(MOSI) | _BV(SS);
    7248:	8c e3       	ldi	r24, 0x3C	; 60
    724a:	85 b9       	out	0x05, r24	; 5
	/** Set SPI pins as output */
	SPI_DDR = _BV(SCK) | _BV(MOSI) | _BV(SS);
    724c:	8c e2       	ldi	r24, 0x2C	; 44
    724e:	84 b9       	out	0x04, r24	; 4
	#endif

	/** Disable SD card */
	/** Set SD SS pin high */
	#ifndef NOT_SHIELD  //don't do anything to the pin if the SD hardware is not installed
	SD_PORT |= _BV(SD_SS);
    7250:	5c 9a       	sbi	0x0b, 4	; 11
	/** Set SD SS pin as output */
	SD_DDR |= _BV(SD_SS);
    7252:	54 9a       	sbi	0x0a, 4	; 10
	#endif  //LED != SCK
	#endif  //DISABLE_BLINK

	/** Set up SPI
	 ** Set the Double SPI Speed Bit */
	SPSR = (1 << SPI2X);
    7254:	81 e0       	ldi	r24, 0x01	; 1
    7256:	8d bd       	out	0x2d, r24	; 45
    7258:	08 95       	ret

0000725a <netInit>:
	0x55          // TMSR Tx Memory Size Register, 2K per socket
};


void netInit(void)
{
    725a:	0f 93       	push	r16
    725c:	1f 93       	push	r17
    725e:	cf 93       	push	r28
    7260:	df 93       	push	r29
	uint8_t i;

	/* Pull in altered network settings, if available,
	 * from AVR EEPROM (if signature bytes are set) */
	if((eeprom_read_byte(EEPROM_SIG_1) == EEPROM_SIG_1_VALUE)
    7262:	83 e0       	ldi	r24, 0x03	; 3
    7264:	90 e0       	ldi	r25, 0x00	; 0
    7266:	dc d3       	rcall	.+1976   	; 0x7a20 <__eerd_byte_m328p>
    7268:	85 35       	cpi	r24, 0x55	; 85
    726a:	29 f0       	breq	.+10     	; 0x7276 <netInit+0x1c>
    726c:	00 e0       	ldi	r16, 0x00	; 0
    726e:	11 e0       	ldi	r17, 0x01	; 1
		&& (eeprom_read_byte(EEPROM_SIG_2) == EEPROM_SIG_2_VALUE)) {
    7270:	c0 e0       	ldi	r28, 0x00	; 0
    7272:	d0 e0       	ldi	r29, 0x00	; 0
    7274:	13 c0       	rjmp	.+38     	; 0x729c <netInit+0x42>
    7276:	84 e0       	ldi	r24, 0x04	; 4
    7278:	90 e0       	ldi	r25, 0x00	; 0
    727a:	d2 d3       	rcall	.+1956   	; 0x7a20 <__eerd_byte_m328p>
    727c:	8a 3a       	cpi	r24, 0xAA	; 170
    727e:	b1 f7       	brne	.-20     	; 0x726c <netInit+0x12>
    7280:	01 e0       	ldi	r16, 0x01	; 1
    7282:	11 e0       	ldi	r17, 0x01	; 1
    7284:	c5 e0       	ldi	r28, 0x05	; 5
    7286:	d0 e0       	ldi	r29, 0x00	; 0

		for(i = 0; i < EEPROM_SETTINGS_SIZE; i++)
			registerBuffer[i + 1] = eeprom_read_byte(EEPROM_DATA + i);
    7288:	ce 01       	movw	r24, r28
    728a:	ca d3       	rcall	.+1940   	; 0x7a20 <__eerd_byte_m328p>
    728c:	f8 01       	movw	r30, r16
    728e:	81 93       	st	Z+, r24
    7290:	8f 01       	movw	r16, r30
    7292:	21 96       	adiw	r28, 0x01	; 1
	/* Pull in altered network settings, if available,
	 * from AVR EEPROM (if signature bytes are set) */
	if((eeprom_read_byte(EEPROM_SIG_1) == EEPROM_SIG_1_VALUE)
		&& (eeprom_read_byte(EEPROM_SIG_2) == EEPROM_SIG_2_VALUE)) {

		for(i = 0; i < EEPROM_SETTINGS_SIZE; i++)
    7294:	c7 31       	cpi	r28, 0x17	; 23
    7296:	d1 05       	cpc	r29, r1
    7298:	b9 f7       	brne	.-18     	; 0x7288 <netInit+0x2e>
    729a:	e8 cf       	rjmp	.-48     	; 0x726c <netInit+0x12>
		}
	)

	/** Configure Wiznet chip. Network settings */
	for(i = 0; i < REGISTER_BLOCK_SIZE; i++)
		spiWriteReg(i, registerBuffer[i]);
    729c:	f8 01       	movw	r30, r16
    729e:	61 91       	ld	r22, Z+
    72a0:	8f 01       	movw	r16, r30
    72a2:	ce 01       	movw	r24, r28
    72a4:	79 df       	rcall	.-270    	; 0x7198 <spiWriteReg>
    72a6:	21 96       	adiw	r28, 0x01	; 1
			if(i != 14) putch(0x2E);
		}
	)

	/** Configure Wiznet chip. Network settings */
	for(i = 0; i < REGISTER_BLOCK_SIZE; i++)
    72a8:	cc 31       	cpi	r28, 0x1C	; 28
    72aa:	d1 05       	cpc	r29, r1
    72ac:	b9 f7       	brne	.-18     	; 0x729c <netInit+0x42>
		spiWriteReg(i, registerBuffer[i]);

	DBG_NET(tracePGMlnNet(mDebugNet_DONE);)
}
    72ae:	df 91       	pop	r29
    72b0:	cf 91       	pop	r28
    72b2:	1f 91       	pop	r17
    72b4:	0f 91       	pop	r16
    72b6:	08 95       	ret

000072b8 <sockInit>:

uint16_t lastPacket = 0, highPacket = 0;


static void sockInit(uint16_t port)
{
    72b8:	cf 93       	push	r28
    72ba:	df 93       	push	r29
    72bc:	ec 01       	movw	r28, r24
	DBG_TFTP(
		tracePGMlnTftp(mDebugTftp_SOCK);
		tracenum(port);
	)

	spiWriteReg(REG_S3_CR, CR_CLOSE);
    72be:	60 e1       	ldi	r22, 0x10	; 16
    72c0:	81 e0       	ldi	r24, 0x01	; 1
    72c2:	97 e0       	ldi	r25, 0x07	; 7
    72c4:	69 df       	rcall	.-302    	; 0x7198 <spiWriteReg>

	do {
		// Write TFTP Port
		spiWriteWord(REG_S3_PORT0, port);
    72c6:	be 01       	movw	r22, r28
    72c8:	84 e0       	ldi	r24, 0x04	; 4
    72ca:	97 e0       	ldi	r25, 0x07	; 7
    72cc:	7e df       	rcall	.-260    	; 0x71ca <spiWriteWord>
		// Write mode
		spiWriteReg(REG_S3_MR, MR_UDP);
    72ce:	62 e0       	ldi	r22, 0x02	; 2
    72d0:	80 e0       	ldi	r24, 0x00	; 0
    72d2:	97 e0       	ldi	r25, 0x07	; 7
    72d4:	61 df       	rcall	.-318    	; 0x7198 <spiWriteReg>
		// Open Socket
		spiWriteReg(REG_S3_CR, CR_OPEN);
    72d6:	61 e0       	ldi	r22, 0x01	; 1
    72d8:	81 e0       	ldi	r24, 0x01	; 1
    72da:	97 e0       	ldi	r25, 0x07	; 7
    72dc:	5d df       	rcall	.-326    	; 0x7198 <spiWriteReg>

		// Read Status
		if(spiReadReg(REG_S3_SR) != SOCK_UDP)
    72de:	83 e0       	ldi	r24, 0x03	; 3
    72e0:	97 e0       	ldi	r25, 0x07	; 7
    72e2:	84 df       	rcall	.-248    	; 0x71ec <spiReadReg>
    72e4:	82 32       	cpi	r24, 0x22	; 34
    72e6:	21 f0       	breq	.+8      	; 0x72f0 <sockInit+0x38>
			// Close Socket if it wasn't initialized correctly
			spiWriteReg(REG_S3_CR, CR_CLOSE);
    72e8:	60 e1       	ldi	r22, 0x10	; 16
    72ea:	81 e0       	ldi	r24, 0x01	; 1
    72ec:	97 e0       	ldi	r25, 0x07	; 7
    72ee:	54 df       	rcall	.-344    	; 0x7198 <spiWriteReg>

		// If socket correctly opened continue
	} while(spiReadReg(REG_S3_SR) != SOCK_UDP);
    72f0:	83 e0       	ldi	r24, 0x03	; 3
    72f2:	97 e0       	ldi	r25, 0x07	; 7
    72f4:	7b df       	rcall	.-266    	; 0x71ec <spiReadReg>
    72f6:	82 32       	cpi	r24, 0x22	; 34
    72f8:	31 f7       	brne	.-52     	; 0x72c6 <sockInit+0xe>
}
    72fa:	df 91       	pop	r29
    72fc:	cf 91       	pop	r28
    72fe:	08 95       	ret

00007300 <processPacket>:
#if (DEBUG_TFTP > 0)
static uint8_t processPacket(uint16_t packetSize)
#else
static uint8_t processPacket(void)
#endif
{
    7300:	af 92       	push	r10
    7302:	bf 92       	push	r11
    7304:	cf 92       	push	r12
    7306:	df 92       	push	r13
    7308:	ef 92       	push	r14
    730a:	ff 92       	push	r15
    730c:	0f 93       	push	r16
    730e:	1f 93       	push	r17
    7310:	cf 93       	push	r28
    7312:	df 93       	push	r29
    7314:	cd b7       	in	r28, 0x3d	; 61
    7316:	de b7       	in	r29, 0x3e	; 62
    7318:	cd 50       	subi	r28, 0x0D	; 13
    731a:	d2 40       	sbci	r29, 0x02	; 2
    731c:	de bf       	out	0x3e, r29	; 62
    731e:	cd bf       	out	0x3d, r28	; 61

		DBG_BTN(button();)
	)

	// Read data from chip to buffer
	readPointer = spiReadWord(REG_S3_RX_RD0);
    7320:	88 e2       	ldi	r24, 0x28	; 40
    7322:	97 e0       	ldi	r25, 0x07	; 7
    7324:	7d df       	rcall	.-262    	; 0x7220 <spiReadWord>
	DBG_TFTP_EX(
		tracePGMlnTftp(mDebugTftp_RPTR);
		tracenum(readPointer);
	)

	if(readPointer == 0) readPointer += S3_RX_START;
    7326:	00 97       	sbiw	r24, 0x00	; 0
    7328:	11 f4       	brne	.+4      	; 0x732e <processPacket+0x2e>
    732a:	80 e0       	ldi	r24, 0x00	; 0
    732c:	98 e7       	ldi	r25, 0x78	; 120
    732e:	8e 01       	movw	r16, r28
    7330:	0f 5f       	subi	r16, 0xFF	; 255
    7332:	1f 4f       	sbci	r17, 0xFF	; 255
    7334:	5e 01       	movw	r10, r28
    7336:	23 ef       	ldi	r18, 0xF3	; 243
    7338:	a2 1a       	sub	r10, r18
    733a:	2d ef       	ldi	r18, 0xFD	; 253
    733c:	b2 0a       	sbc	r11, r18
    733e:	68 01       	movw	r12, r16

	for(count = TFTP_PACKET_MAX_SIZE; count--;) {
    7340:	0a 15       	cp	r16, r10
    7342:	1b 05       	cpc	r17, r11
    7344:	89 f0       	breq	.+34     	; 0x7368 <processPacket+0x68>
				tracePGMlnTftp(mDebugTftp_RPOS);
				tracenum(readPointer);
			}
		)

		*bufPtr++ = spiReadReg(readPointer++);
    7346:	7c 01       	movw	r14, r24
    7348:	ef ef       	ldi	r30, 0xFF	; 255
    734a:	ee 1a       	sub	r14, r30
    734c:	fe 0a       	sbc	r15, r30
    734e:	4e df       	rcall	.-356    	; 0x71ec <spiReadReg>
    7350:	f8 01       	movw	r30, r16
    7352:	81 93       	st	Z+, r24
    7354:	8f 01       	movw	r16, r30

		if(readPointer == S3_RX_END) readPointer = S3_RX_START;
    7356:	e1 14       	cp	r14, r1
    7358:	f0 e8       	ldi	r31, 0x80	; 128
    735a:	ff 06       	cpc	r15, r31
    735c:	19 f4       	brne	.+6      	; 0x7364 <processPacket+0x64>
    735e:	e1 2c       	mov	r14, r1
    7360:	38 e7       	ldi	r19, 0x78	; 120
    7362:	f3 2e       	mov	r15, r19
    7364:	c7 01       	movw	r24, r14
    7366:	ec cf       	rjmp	.-40     	; 0x7340 <processPacket+0x40>
	}

	spiWriteWord(REG_S3_RX_RD0, readPointer);     // Write back new pointer
    7368:	bc 01       	movw	r22, r24
    736a:	88 e2       	ldi	r24, 0x28	; 40
    736c:	97 e0       	ldi	r25, 0x07	; 7
    736e:	2d df       	rcall	.-422    	; 0x71ca <spiWriteWord>
	spiWriteReg(REG_S3_CR, CR_RECV);
    7370:	60 e4       	ldi	r22, 0x40	; 64
    7372:	81 e0       	ldi	r24, 0x01	; 1
    7374:	97 e0       	ldi	r25, 0x07	; 7
    7376:	10 df       	rcall	.-480    	; 0x7198 <spiWriteReg>

	while(spiReadReg(REG_S3_CR));
    7378:	81 e0       	ldi	r24, 0x01	; 1
    737a:	97 e0       	ldi	r25, 0x07	; 7
    737c:	37 df       	rcall	.-402    	; 0x71ec <spiReadReg>
    737e:	81 11       	cpse	r24, r1
    7380:	fb cf       	rjmp	.-10     	; 0x7378 <processPacket+0x78>
    7382:	76 01       	movw	r14, r12
    7384:	0c e0       	ldi	r16, 0x0C	; 12
    7386:	17 e0       	ldi	r17, 0x07	; 7
	)

	// Set up return IP address and port
	uint8_t i;

	for(i = 0; i < 6; i++) spiWriteReg(REG_S3_DIPR0 + i, buffer[i]);
    7388:	f7 01       	movw	r30, r14
    738a:	61 91       	ld	r22, Z+
    738c:	7f 01       	movw	r14, r30
    738e:	c8 01       	movw	r24, r16
    7390:	03 df       	rcall	.-506    	; 0x7198 <spiWriteReg>
    7392:	0f 5f       	subi	r16, 0xFF	; 255
    7394:	1f 4f       	sbci	r17, 0xFF	; 255
    7396:	02 31       	cpi	r16, 0x12	; 18
    7398:	f7 e0       	ldi	r31, 0x07	; 7
    739a:	1f 07       	cpc	r17, r31
    739c:	a9 f7       	brne	.-22     	; 0x7388 <processPacket+0x88>

	DBG_TFTP(tracePGMlnTftp(mDebugTftp_RADDR);)

	// Parse packet
	uint16_t tftpDataLen = (buffer[6] << 8) + buffer[7];
    739e:	ef 80       	ldd	r14, Y+7	; 0x07
    73a0:	f1 2c       	mov	r15, r1
    73a2:	fe 2c       	mov	r15, r14
    73a4:	ee 24       	eor	r14, r14
    73a6:	88 85       	ldd	r24, Y+8	; 0x08
    73a8:	e8 0e       	add	r14, r24
    73aa:	f1 1c       	adc	r15, r1
	uint16_t tftpOpcode  = (buffer[8] << 8) + buffer[9];
    73ac:	89 85       	ldd	r24, Y+9	; 0x09
    73ae:	90 e0       	ldi	r25, 0x00	; 0
    73b0:	98 2f       	mov	r25, r24
    73b2:	88 27       	eor	r24, r24
    73b4:	2a 85       	ldd	r18, Y+10	; 0x0a
    73b6:	82 0f       	add	r24, r18
    73b8:	91 1d       	adc	r25, r1
	uint16_t tftpBlock   = (buffer[10] << 8) + buffer[11];
    73ba:	0b 85       	ldd	r16, Y+11	; 0x0b
    73bc:	10 e0       	ldi	r17, 0x00	; 0
    73be:	10 2f       	mov	r17, r16
    73c0:	00 27       	eor	r16, r16
    73c2:	2c 85       	ldd	r18, Y+12	; 0x0c
    73c4:	02 0f       	add	r16, r18
    73c6:	11 1d       	adc	r17, r1
		tracenum(tftpOpcode);
		tracePGM(mDebugTftp_DLEN);
		tracenum(tftpDataLen - (TFTP_OPCODE_SIZE + TFTP_BLOCKNO_SIZE));
	)

	if((tftpOpcode == TFTP_OPCODE_DATA)
    73c8:	83 30       	cpi	r24, 0x03	; 3
    73ca:	91 05       	cpc	r25, r1
    73cc:	79 f4       	brne	.+30     	; 0x73ec <processPacket+0xec>
		&& ((tftpBlock > MAX_ADDR / 0x200) || (tftpBlock < highPacket) || (tftpBlock > highPacket + 1)))
    73ce:	09 33       	cpi	r16, 0x39	; 57
    73d0:	11 05       	cpc	r17, r1
    73d2:	a8 f5       	brcc	.+106    	; 0x743e <processPacket+0x13e>
    73d4:	80 91 1c 01 	lds	r24, 0x011C
    73d8:	90 91 1d 01 	lds	r25, 0x011D
    73dc:	08 17       	cp	r16, r24
    73de:	19 07       	cpc	r17, r25
    73e0:	70 f1       	brcs	.+92     	; 0x743e <processPacket+0x13e>
    73e2:	01 96       	adiw	r24, 0x01	; 1
    73e4:	80 17       	cp	r24, r16
    73e6:	91 07       	cpc	r25, r17
    73e8:	50 f1       	brcs	.+84     	; 0x743e <processPacket+0x13e>
    73ea:	24 c0       	rjmp	.+72     	; 0x7434 <processPacket+0x134>
		tftpOpcode = TFTP_OPCODE_UKN;

	if(tftpDataLen > (0x200 + TFTP_OPCODE_SIZE + TFTP_BLOCKNO_SIZE))
    73ec:	25 e0       	ldi	r18, 0x05	; 5
    73ee:	e2 16       	cp	r14, r18
    73f0:	22 e0       	ldi	r18, 0x02	; 2
    73f2:	f2 06       	cpc	r15, r18
    73f4:	20 f5       	brcc	.+72     	; 0x743e <processPacket+0x13e>

	uint8_t returnCode = ERROR_UNKNOWN;
	uint16_t packetLength;


	switch(tftpOpcode) {
    73f6:	84 30       	cpi	r24, 0x04	; 4
    73f8:	91 05       	cpc	r25, r1
    73fa:	c8 f4       	brcc	.+50     	; 0x742e <processPacket+0x12e>
    73fc:	81 30       	cpi	r24, 0x01	; 1
    73fe:	91 05       	cpc	r25, r1
    7400:	29 f1       	breq	.+74     	; 0x744c <processPacket+0x14c>
    7402:	02 97       	sbiw	r24, 0x02	; 2
    7404:	e1 f4       	brne	.+56     	; 0x743e <processPacket+0x13e>
			DBG_TFTP(tracePGMlnTftp(mDebugTftp_OPRRQ);)
			break;

		case TFTP_OPCODE_WRQ: // Write request
			// Valid WRQ -> reset timer
			resetTick();
    7406:	f3 d1       	rcall	.+998    	; 0x77ee <resetTick>

			DBG_TFTP(tracePGMlnTftp(mDebugTftp_OPWRQ);)

			// Flagging image as invalid since the flashing process has started
			eeprom_write_byte(EEPROM_IMG_STAT, EEPROM_IMG_BAD_VALUE);
    7408:	6f ef       	ldi	r22, 0xFF	; 255
    740a:	82 e0       	ldi	r24, 0x02	; 2
    740c:	90 e0       	ldi	r25, 0x00	; 0
    740e:	10 d3       	rcall	.+1568   	; 0x7a30 <__eewr_byte_m328p>

#if defined(RANDOM_TFTP_DATA_PORT)
			sockInit((buffer[4] << 8) | ~buffer[5]); // Generate a 'random' TID (RFC1350)
#else
			sockInit(tftpTransferPort);
    7410:	80 91 27 01 	lds	r24, 0x0127
    7414:	90 91 28 01 	lds	r25, 0x0128
    7418:	4f df       	rcall	.-354    	; 0x72b8 <sockInit>
#else
				tracenum(tftpTransferPort);
#endif
			)

			lastPacket = highPacket = 0;
    741a:	10 92 1d 01 	sts	0x011D, r1
    741e:	10 92 1c 01 	sts	0x011C, r1
    7422:	10 92 1f 01 	sts	0x011F, r1
    7426:	10 92 1e 01 	sts	0x011E, r1
			returnCode = ACK; // Send back acknowledge for packet 0
    742a:	72 e0       	ldi	r23, 0x02	; 2
			break;
    742c:	92 c0       	rjmp	.+292    	; 0x7552 <processPacket+0x252>

	uint8_t returnCode = ERROR_UNKNOWN;
	uint16_t packetLength;


	switch(tftpOpcode) {
    742e:	06 97       	sbiw	r24, 0x06	; 6
    7430:	68 f0       	brcs	.+26     	; 0x744c <processPacket+0x14c>
    7432:	05 c0       	rjmp	.+10     	; 0x743e <processPacket+0x13e>

	if((tftpOpcode == TFTP_OPCODE_DATA)
		&& ((tftpBlock > MAX_ADDR / 0x200) || (tftpBlock < highPacket) || (tftpBlock > highPacket + 1)))
		tftpOpcode = TFTP_OPCODE_UKN;

	if(tftpDataLen > (0x200 + TFTP_OPCODE_SIZE + TFTP_BLOCKNO_SIZE))
    7434:	f5 e0       	ldi	r31, 0x05	; 5
    7436:	ef 16       	cp	r14, r31
    7438:	f2 e0       	ldi	r31, 0x02	; 2
    743a:	ff 06       	cpc	r15, r31
    743c:	48 f0       	brcs	.+18     	; 0x7450 <processPacket+0x150>
			)

#if defined(RANDOM_TFTP_DATA_PORT)
			sockInit((buffer[4] << 8) | ~buffer[5]); // Generate a 'random' TID (RFC1350)
#else
			sockInit(tftpTransferPort);
    743e:	80 91 27 01 	lds	r24, 0x0127
    7442:	90 91 28 01 	lds	r25, 0x0128
    7446:	38 df       	rcall	.-400    	; 0x72b8 <sockInit>
			 * It can be done by reinitializig the tftpd or
			 * by resetting the device. I should find out which is best...
			 * Right now it is being done by resetting the timer if we have a
			 * data packet. */
			// Invalid - return error
			returnCode = ERROR_INVALID;
    7448:	71 e0       	ldi	r23, 0x01	; 1
			break;
    744a:	83 c0       	rjmp	.+262    	; 0x7552 <processPacket+0x252>
		tftpOpcode = TFTP_OPCODE_UKN;

	if(tftpDataLen > (0x200 + TFTP_OPCODE_SIZE + TFTP_BLOCKNO_SIZE))
		tftpOpcode = TFTP_OPCODE_UKN;

	uint8_t returnCode = ERROR_UNKNOWN;
    744c:	70 e0       	ldi	r23, 0x00	; 0
    744e:	81 c0       	rjmp	.+258    	; 0x7552 <processPacket+0x252>
			returnCode = ACK; // Send back acknowledge for packet 0
			break;

		case TFTP_OPCODE_DATA:
			// Valid Data Packet -> reset timer
			resetTick();
    7450:	ce d1       	rcall	.+924    	; 0x77ee <resetTick>

			DBG_TFTP(tracePGMlnTftp(mDebugTftp_OPDATA);)

			packetLength = tftpDataLen - (TFTP_OPCODE_SIZE + TFTP_BLOCKNO_SIZE);
    7452:	84 e0       	ldi	r24, 0x04	; 4
    7454:	e8 1a       	sub	r14, r24
    7456:	f1 08       	sbc	r15, r1
			lastPacket = tftpBlock;
    7458:	10 93 1f 01 	sts	0x011F, r17
    745c:	00 93 1e 01 	sts	0x011E, r16
#if defined(RAMPZ)
			writeAddr = (((address_t)((tftpBlock - 1)/0x80) << 16) | ((address_t)((tftpBlock - 1)%0x80) << 9));
#else
			writeAddr = (address_t)((address_t)(tftpBlock - 1) << 9); // Flash write address for this block
    7460:	01 50       	subi	r16, 0x01	; 1
    7462:	11 09       	sbc	r17, r1
    7464:	10 2f       	mov	r17, r16
    7466:	00 27       	eor	r16, r16
    7468:	11 0f       	add	r17, r17
#endif

			if((writeAddr + packetLength) > MAX_ADDR) {
    746a:	c8 01       	movw	r24, r16
    746c:	8e 0d       	add	r24, r14
    746e:	9f 1d       	adc	r25, r15
    7470:	81 30       	cpi	r24, 0x01	; 1
    7472:	90 47       	sbci	r25, 0x70	; 112
    7474:	08 f0       	brcs	.+2      	; 0x7478 <processPacket+0x178>
    7476:	6c c0       	rjmp	.+216    	; 0x7550 <processPacket+0x250>
				uint8_t* pageBase = buffer + (UDP_HEADER_SIZE + TFTP_OPCODE_SIZE + TFTP_BLOCKNO_SIZE); // Start of block data
				uint16_t offset = 0; // Block offset


				// Set the return code before packetLength gets rounded up
				if(packetLength < TFTP_DATA_SIZE) returnCode = FINAL_ACK;
    7478:	e1 14       	cp	r14, r1
    747a:	f2 e0       	ldi	r31, 0x02	; 2
    747c:	ff 06       	cpc	r15, r31
    747e:	10 f4       	brcc	.+4      	; 0x7484 <processPacket+0x184>
    7480:	74 e0       	ldi	r23, 0x04	; 4
    7482:	01 c0       	rjmp	.+2      	; 0x7486 <processPacket+0x186>
				else returnCode = ACK;
    7484:	72 e0       	ldi	r23, 0x02	; 2

				// Round up packet length to a full flash sector size
				while(packetLength % SPM_PAGESIZE) packetLength++;
    7486:	c7 01       	movw	r24, r14
    7488:	8f 77       	andi	r24, 0x7F	; 127
    748a:	99 27       	eor	r25, r25
    748c:	89 2b       	or	r24, r25
    748e:	21 f0       	breq	.+8      	; 0x7498 <processPacket+0x198>
    7490:	2f ef       	ldi	r18, 0xFF	; 255
    7492:	e2 1a       	sub	r14, r18
    7494:	f2 0a       	sbc	r15, r18
    7496:	f7 cf       	rjmp	.-18     	; 0x7486 <processPacket+0x186>
				DBG_TFTP(
					tracePGMlnTftp(mDebugTftp_PLEN);
					tracenum(packetLength);
				)

				if(writeAddr == 0) {
    7498:	01 15       	cp	r16, r1
    749a:	11 05       	cpc	r17, r1
    749c:	51 f0       	breq	.+20     	; 0x74b2 <processPacket+0x1b2>
    749e:	de 01       	movw	r26, r28
    74a0:	1d 96       	adiw	r26, 0x0d	; 13
					}
				}

				// Flash packets
				uint16_t writeValue;
				for(offset = 0; offset < packetLength;) {
    74a2:	20 e0       	ldi	r18, 0x00	; 0
    74a4:	30 e0       	ldi	r19, 0x00	; 0
					writeValue = (pageBase[offset]) | (pageBase[offset + 1] << 8);
					boot_page_fill(writeAddr + offset, writeValue);
    74a6:	81 e0       	ldi	r24, 0x01	; 1
					)

					offset += 2;

					if(offset % SPM_PAGESIZE == 0) {
						boot_page_erase(writeAddr + offset - SPM_PAGESIZE);
    74a8:	93 e0       	ldi	r25, 0x03	; 3
						boot_spm_busy_wait();
						boot_page_write(writeAddr + offset - SPM_PAGESIZE);
    74aa:	65 e0       	ldi	r22, 0x05	; 5
						boot_spm_busy_wait();
#if defined(RWWSRE)
						// Reenable read access to flash
						boot_rww_enable();
    74ac:	f1 e1       	ldi	r31, 0x11	; 17
    74ae:	bf 2e       	mov	r11, r31
					}
				}

				// Flash packets
				uint16_t writeValue;
				for(offset = 0; offset < packetLength;) {
    74b0:	3b c0       	rjmp	.+118    	; 0x7528 <processPacket+0x228>
					tracenum(packetLength);
				)

				if(writeAddr == 0) {
					// First sector - validate
					if(!validImage(pageBase)) {
    74b2:	ce 01       	movw	r24, r28
    74b4:	0d 96       	adiw	r24, 0x0d	; 13
    74b6:	c3 5f       	subi	r28, 0xF3	; 243
    74b8:	dd 4f       	sbci	r29, 0xFD	; 253
    74ba:	78 83       	st	Y, r23
    74bc:	cd 50       	subi	r28, 0x0D	; 13
    74be:	d2 40       	sbci	r29, 0x02	; 2
    74c0:	2f d1       	rcall	.+606    	; 0x7720 <validImage>
    74c2:	c3 5f       	subi	r28, 0xF3	; 243
    74c4:	dd 4f       	sbci	r29, 0xFD	; 253
    74c6:	78 81       	ld	r23, Y
    74c8:	cd 50       	subi	r28, 0x0D	; 13
    74ca:	d2 40       	sbci	r29, 0x02	; 2
    74cc:	81 11       	cpse	r24, r1
    74ce:	e7 cf       	rjmp	.-50     	; 0x749e <processPacket+0x19e>

#if defined(__AVR_ATmega328__) || defined(__AVR_ATmega328P__)
						/* FIXME: Validity checks. Small programms (under 512 bytes?) don't
						 * have the the JMP sections and that is why app.bin was failing.
						 * When flashing big binaries is fixed, uncomment the break below.*/
						returnCode = INVALID_IMAGE;
    74d0:	75 e0       	ldi	r23, 0x05	; 5
    74d2:	3f c0       	rjmp	.+126    	; 0x7552 <processPacket+0x252>
    74d4:	f6 01       	movw	r30, r12
    74d6:	e2 0f       	add	r30, r18
    74d8:	f3 1f       	adc	r31, r19
				}

				// Flash packets
				uint16_t writeValue;
				for(offset = 0; offset < packetLength;) {
					writeValue = (pageBase[offset]) | (pageBase[offset + 1] << 8);
    74da:	45 85       	ldd	r20, Z+13	; 0x0d
    74dc:	50 e0       	ldi	r21, 0x00	; 0
    74de:	54 2f       	mov	r21, r20
    74e0:	44 27       	eor	r20, r20
    74e2:	ec 91       	ld	r30, X
    74e4:	4e 2b       	or	r20, r30
					boot_page_fill(writeAddr + offset, writeValue);
    74e6:	f8 01       	movw	r30, r16
    74e8:	0a 01       	movw	r0, r20
    74ea:	80 93 57 00 	sts	0x0057, r24
    74ee:	e8 95       	spm
    74f0:	11 24       	eor	r1, r1
							tracePGM(mDebugTftp_OFFSET);
							tracenum(writeAddr + offset);
						}
					)

					offset += 2;
    74f2:	2e 5f       	subi	r18, 0xFE	; 254
    74f4:	3f 4f       	sbci	r19, 0xFF	; 255

					if(offset % SPM_PAGESIZE == 0) {
    74f6:	a9 01       	movw	r20, r18
    74f8:	4f 77       	andi	r20, 0x7F	; 127
    74fa:	55 27       	eor	r21, r21
    74fc:	45 2b       	or	r20, r21
    74fe:	89 f4       	brne	.+34     	; 0x7522 <processPacket+0x222>
						boot_page_erase(writeAddr + offset - SPM_PAGESIZE);
    7500:	ee 57       	subi	r30, 0x7E	; 126
    7502:	f1 09       	sbc	r31, r1
    7504:	90 93 57 00 	sts	0x0057, r25
    7508:	e8 95       	spm
						boot_spm_busy_wait();
    750a:	07 b6       	in	r0, 0x37	; 55
    750c:	00 fc       	sbrc	r0, 0
    750e:	fd cf       	rjmp	.-6      	; 0x750a <processPacket+0x20a>
						boot_page_write(writeAddr + offset - SPM_PAGESIZE);
    7510:	60 93 57 00 	sts	0x0057, r22
    7514:	e8 95       	spm
						boot_spm_busy_wait();
    7516:	07 b6       	in	r0, 0x37	; 55
    7518:	00 fc       	sbrc	r0, 0
    751a:	fd cf       	rjmp	.-6      	; 0x7516 <processPacket+0x216>
#if defined(RWWSRE)
						// Reenable read access to flash
						boot_rww_enable();
    751c:	b0 92 57 00 	sts	0x0057, r11
    7520:	e8 95       	spm
    7522:	12 96       	adiw	r26, 0x02	; 2
    7524:	0e 5f       	subi	r16, 0xFE	; 254
    7526:	1f 4f       	sbci	r17, 0xFF	; 255
					}
				}

				// Flash packets
				uint16_t writeValue;
				for(offset = 0; offset < packetLength;) {
    7528:	2e 15       	cp	r18, r14
    752a:	3f 05       	cpc	r19, r15
    752c:	98 f2       	brcs	.-90     	; 0x74d4 <processPacket+0x1d4>
						boot_rww_enable();
#endif
					}
				}

				if(returnCode == FINAL_ACK) {
    752e:	74 30       	cpi	r23, 0x04	; 4
    7530:	81 f4       	brne	.+32     	; 0x7552 <processPacket+0x252>
					// Hand over to application

					DBG_TFTP(tracePGMlnTftp(mDebugTftp_DONE);)

					// Flag the image as valid since we received the last packet
					eeprom_write_byte(EEPROM_IMG_STAT, EEPROM_IMG_OK_VALUE);
    7532:	6e ee       	ldi	r22, 0xEE	; 238
    7534:	82 e0       	ldi	r24, 0x02	; 2
    7536:	90 e0       	ldi	r25, 0x00	; 0
    7538:	c3 5f       	subi	r28, 0xF3	; 243
    753a:	dd 4f       	sbci	r29, 0xFD	; 253
    753c:	78 83       	st	Y, r23
    753e:	cd 50       	subi	r28, 0x0D	; 13
    7540:	d2 40       	sbci	r29, 0x02	; 2
    7542:	76 d2       	rcall	.+1260   	; 0x7a30 <__eewr_byte_m328p>
    7544:	c3 5f       	subi	r28, 0xF3	; 243
    7546:	dd 4f       	sbci	r29, 0xFD	; 253
    7548:	78 81       	ld	r23, Y
    754a:	cd 50       	subi	r28, 0x0D	; 13
    754c:	d2 40       	sbci	r29, 0x02	; 2
    754e:	01 c0       	rjmp	.+2      	; 0x7552 <processPacket+0x252>
				// Flash is full - abort with an error before a bootloader overwrite occurs
				// Application is now corrupt, so do not hand over.

				DBG_TFTP(tracePGMlnTftp(mDebugTftp_FULL);)

				returnCode = ERROR_FULL;
    7550:	73 e0       	ldi	r23, 0x03	; 3
			break;

	}

	return(returnCode);
}
    7552:	87 2f       	mov	r24, r23
    7554:	c3 5f       	subi	r28, 0xF3	; 243
    7556:	dd 4f       	sbci	r29, 0xFD	; 253
    7558:	de bf       	out	0x3e, r29	; 62
    755a:	cd bf       	out	0x3d, r28	; 61
    755c:	df 91       	pop	r29
    755e:	cf 91       	pop	r28
    7560:	1f 91       	pop	r17
    7562:	0f 91       	pop	r16
    7564:	ff 90       	pop	r15
    7566:	ef 90       	pop	r14
    7568:	df 90       	pop	r13
    756a:	cf 90       	pop	r12
    756c:	bf 90       	pop	r11
    756e:	af 90       	pop	r10
    7570:	08 95       	ret

00007572 <tftpInit>:

/**
 * Initializes the network controller
 */
void tftpInit(void)
{
    7572:	cf 93       	push	r28
	// Open socket
	sockInit(TFTP_PORT);
    7574:	85 e4       	ldi	r24, 0x45	; 69
    7576:	90 e0       	ldi	r25, 0x00	; 0
    7578:	9f de       	rcall	.-706    	; 0x72b8 <sockInit>

#if defined(RANDOM_TFTP_DATA_PORT)
#else
	if(eeprom_read_byte(EEPROM_SIG_3) == EEPROM_SIG_3_VALUE)
    757a:	87 e1       	ldi	r24, 0x17	; 23
    757c:	90 e0       	ldi	r25, 0x00	; 0
    757e:	50 d2       	rcall	.+1184   	; 0x7a20 <__eerd_byte_m328p>
    7580:	8b 3b       	cpi	r24, 0xBB	; 187
    7582:	91 f4       	brne	.+36     	; 0x75a8 <tftpInit+0x36>
		tftpTransferPort = ((eeprom_read_byte(EEPROM_PORT + 1) << 8) + eeprom_read_byte(EEPROM_PORT));
    7584:	89 e1       	ldi	r24, 0x19	; 25
    7586:	90 e0       	ldi	r25, 0x00	; 0
    7588:	4b d2       	rcall	.+1174   	; 0x7a20 <__eerd_byte_m328p>
    758a:	c8 2f       	mov	r28, r24
    758c:	88 e1       	ldi	r24, 0x18	; 24
    758e:	90 e0       	ldi	r25, 0x00	; 0
    7590:	47 d2       	rcall	.+1166   	; 0x7a20 <__eerd_byte_m328p>
    7592:	2c 2f       	mov	r18, r28
    7594:	30 e0       	ldi	r19, 0x00	; 0
    7596:	32 2f       	mov	r19, r18
    7598:	22 27       	eor	r18, r18
    759a:	28 0f       	add	r18, r24
    759c:	31 1d       	adc	r19, r1
    759e:	30 93 28 01 	sts	0x0128, r19
    75a2:	20 93 27 01 	sts	0x0127, r18
    75a6:	06 c0       	rjmp	.+12     	; 0x75b4 <tftpInit+0x42>
	else
		tftpTransferPort = TFTP_DATA_PORT;
    75a8:	89 e7       	ldi	r24, 0x79	; 121
    75aa:	97 eb       	ldi	r25, 0xB7	; 183
    75ac:	90 93 28 01 	sts	0x0128, r25
    75b0:	80 93 27 01 	sts	0x0127, r24
#else
		tracePGMlnTftp(mDebugTftp_PORT);
		tracenum(tftpTransferPort);
#endif
	)
}
    75b4:	cf 91       	pop	r28
    75b6:	08 95       	ret

000075b8 <tftpPoll>:

/**
 * Looks for a connection
 */
uint8_t tftpPoll(void)
{
    75b8:	af 92       	push	r10
    75ba:	bf 92       	push	r11
    75bc:	cf 92       	push	r12
    75be:	df 92       	push	r13
    75c0:	ef 92       	push	r14
    75c2:	ff 92       	push	r15
    75c4:	0f 93       	push	r16
    75c6:	1f 93       	push	r17
    75c8:	cf 93       	push	r28
    75ca:	df 93       	push	r29
    75cc:	cd b7       	in	r28, 0x3d	; 61
    75ce:	de b7       	in	r29, 0x3e	; 62
    75d0:	c4 56       	subi	r28, 0x64	; 100
    75d2:	d1 09       	sbc	r29, r1
    75d4:	de bf       	out	0x3e, r29	; 62
    75d6:	cd bf       	out	0x3d, r28	; 61
	uint8_t response = ACK;
	// Get the size of the recieved data
	uint16_t packetSize = spiReadWord(REG_S3_RX_RSR0);
    75d8:	86 e2       	ldi	r24, 0x26	; 38
    75da:	97 e0       	ldi	r25, 0x07	; 7
    75dc:	21 de       	rcall	.-958    	; 0x7220 <spiReadWord>
// 			_delay_ms(400);
// 			packetSize = spiReadWord(REG_S3_RX_RSR0);
// 		}
// 	} while (packetSize != incSize);

	if(packetSize) {
    75de:	89 2b       	or	r24, r25
    75e0:	11 f4       	brne	.+4      	; 0x75e6 <tftpPoll+0x2e>
		// Complete
		return(0);
	}

	// Tftp continues
	return(1);
    75e2:	81 e0       	ldi	r24, 0x01	; 1
    75e4:	8e c0       	rjmp	.+284    	; 0x7702 <tftpPoll+0x14a>
// 			packetSize = spiReadWord(REG_S3_RX_RSR0);
// 		}
// 	} while (packetSize != incSize);

	if(packetSize) {
		tftpFlashing = TRUE;
    75e6:	81 e0       	ldi	r24, 0x01	; 1
    75e8:	80 93 2a 01 	sts	0x012A, r24

		while((spiReadReg(REG_S3_IR) & IR_RECV)) {
    75ec:	82 e0       	ldi	r24, 0x02	; 2
    75ee:	97 e0       	ldi	r25, 0x07	; 7
    75f0:	fd dd       	rcall	.-1030   	; 0x71ec <spiReadReg>
    75f2:	82 ff       	sbrs	r24, 2
    75f4:	0e c0       	rjmp	.+28     	; 0x7612 <tftpPoll+0x5a>
			spiWriteReg(REG_S3_IR, IR_RECV);
    75f6:	64 e0       	ldi	r22, 0x04	; 4
    75f8:	82 e0       	ldi	r24, 0x02	; 2
    75fa:	97 e0       	ldi	r25, 0x07	; 7
    75fc:	cd dd       	rcall	.-1126   	; 0x7198 <spiWriteReg>
    75fe:	2f ef       	ldi	r18, 0xFF	; 255
    7600:	37 e8       	ldi	r19, 0x87	; 135
    7602:	83 e1       	ldi	r24, 0x13	; 19
    7604:	21 50       	subi	r18, 0x01	; 1
    7606:	30 40       	sbci	r19, 0x00	; 0
    7608:	80 40       	sbci	r24, 0x00	; 0
    760a:	e1 f7       	brne	.-8      	; 0x7604 <tftpPoll+0x4c>
    760c:	00 c0       	rjmp	.+0      	; 0x760e <tftpPoll+0x56>
    760e:	00 00       	nop
    7610:	ed cf       	rjmp	.-38     	; 0x75ec <tftpPoll+0x34>
		// Process Packet and get TFTP response code
#if (DEBUG_TFTP > 0)
		packetSize = spiReadWord(REG_S3_RX_RSR0);
		response = processPacket(packetSize);
#else
		response = processPacket();
    7612:	76 de       	rcall	.-788    	; 0x7300 <processPacket>
    7614:	b8 2e       	mov	r11, r24
	uint8_t txBuffer[100];
	uint8_t* txPtr = txBuffer;
	uint8_t packetLength;
	uint16_t writePointer;

	writePointer = spiReadWord(REG_S3_TX_WR0) + S3_TX_START;
    7616:	84 e2       	ldi	r24, 0x24	; 36
    7618:	97 e0       	ldi	r25, 0x07	; 7
    761a:	02 de       	rcall	.-1020   	; 0x7220 <spiReadWord>
    761c:	8c 01       	movw	r16, r24
    761e:	18 5a       	subi	r17, 0xA8	; 168

	switch(response) {
    7620:	92 e0       	ldi	r25, 0x02	; 2
    7622:	b9 16       	cp	r11, r25
    7624:	61 f1       	breq	.+88     	; 0x767e <tftpPoll+0xc6>
    7626:	9b 15       	cp	r25, r11
    7628:	20 f0       	brcs	.+8      	; 0x7632 <tftpPoll+0x7a>
    762a:	e1 e0       	ldi	r30, 0x01	; 1
    762c:	be 16       	cp	r11, r30
    762e:	a9 f0       	breq	.+42     	; 0x765a <tftpPoll+0xa2>
    7630:	06 c0       	rjmp	.+12     	; 0x763e <tftpPoll+0x86>
    7632:	f3 e0       	ldi	r31, 0x03	; 3
    7634:	bf 16       	cp	r11, r31
    7636:	d1 f0       	breq	.+52     	; 0x766c <tftpPoll+0xb4>
    7638:	24 e0       	ldi	r18, 0x04	; 4
    763a:	b2 16       	cp	r11, r18
    763c:	79 f1       	breq	.+94     	; 0x769c <tftpPoll+0xe4>
			// Send unknown error packet
			packetLength = TFTP_UNKNOWN_ERROR_LEN;
#if (FLASHEND > 0x10000)
			memcpy_PF(txBuffer, PROGMEM_OFFSET + (uint32_t)(uint16_t)tftp_unknown_error_packet, packetLength);
#else
			memcpy_P(txBuffer, tftp_unknown_error_packet, packetLength);
    763e:	4a e0       	ldi	r20, 0x0A	; 10
    7640:	50 e0       	ldi	r21, 0x00	; 0
    7642:	60 e8       	ldi	r22, 0x80	; 128
    7644:	70 e7       	ldi	r23, 0x70	; 112
    7646:	ce 01       	movw	r24, r28
    7648:	01 96       	adiw	r24, 0x01	; 1
    764a:	e1 d1       	rcall	.+962    	; 0x7a0e <memcpy_P>
	switch(response) {
		default:

		case ERROR_UNKNOWN:
			// Send unknown error packet
			packetLength = TFTP_UNKNOWN_ERROR_LEN;
    764c:	8a e0       	ldi	r24, 0x0A	; 10
	txPtr = txBuffer;

	while(packetLength--) {
		spiWriteReg(writePointer++, *txPtr++);

		if(writePointer == S3_TX_END) writePointer = S3_TX_START;
    764e:	fe 01       	movw	r30, r28
    7650:	31 96       	adiw	r30, 0x01	; 1
    7652:	7f 01       	movw	r14, r30
    7654:	a8 2e       	mov	r10, r24
    7656:	ae 0e       	add	r10, r30
    7658:	3c c0       	rjmp	.+120    	; 0x76d2 <tftpPoll+0x11a>
			// Send invalid opcode packet
			packetLength = TFTP_OPCODE_ERROR_LEN;
#if (FLASHEND > 0x10000)
			memcpy_PF(txBuffer, PROGMEM_OFFSET + (uint32_t)(uint16_t)tftp_opcode_error_packet, packetLength);
#else
			memcpy_P(txBuffer, tftp_opcode_error_packet, packetLength);
    765a:	4c e0       	ldi	r20, 0x0C	; 12
    765c:	50 e0       	ldi	r21, 0x00	; 0
    765e:	65 e9       	ldi	r22, 0x95	; 149
    7660:	70 e7       	ldi	r23, 0x70	; 112
    7662:	ce 01       	movw	r24, r28
    7664:	01 96       	adiw	r24, 0x01	; 1
    7666:	d3 d1       	rcall	.+934    	; 0x7a0e <memcpy_P>
#endif
			break;

		case ERROR_INVALID:
			// Send invalid opcode packet
			packetLength = TFTP_OPCODE_ERROR_LEN;
    7668:	8c e0       	ldi	r24, 0x0C	; 12
    766a:	f1 cf       	rjmp	.-30     	; 0x764e <tftpPoll+0x96>
			// Send unknown error packet
			packetLength = TFTP_FULL_ERROR_LEN;
#if (FLASHEND > 0x10000)
			memcpy_PF(txBuffer, PROGMEM_OFFSET + (uint32_t)(uint16_t)tftp_full_error_packet, packetLength);
#else
			memcpy_P(txBuffer, tftp_full_error_packet, packetLength);
    766c:	49 e0       	ldi	r20, 0x09	; 9
    766e:	50 e0       	ldi	r21, 0x00	; 0
    7670:	6b e8       	ldi	r22, 0x8B	; 139
    7672:	70 e7       	ldi	r23, 0x70	; 112
    7674:	ce 01       	movw	r24, r28
    7676:	01 96       	adiw	r24, 0x01	; 1
    7678:	ca d1       	rcall	.+916    	; 0x7a0e <memcpy_P>
#endif
			break;

		case ERROR_FULL:
			// Send unknown error packet
			packetLength = TFTP_FULL_ERROR_LEN;
    767a:	89 e0       	ldi	r24, 0x09	; 9
    767c:	e8 cf       	rjmp	.-48     	; 0x764e <tftpPoll+0x96>
			memcpy_P(txBuffer, tftp_full_error_packet, packetLength);
#endif
			break;

		case ACK:
			if(lastPacket > highPacket) highPacket = lastPacket;
    767e:	20 91 1e 01 	lds	r18, 0x011E
    7682:	30 91 1f 01 	lds	r19, 0x011F
    7686:	40 91 1c 01 	lds	r20, 0x011C
    768a:	50 91 1d 01 	lds	r21, 0x011D
    768e:	42 17       	cp	r20, r18
    7690:	53 07       	cpc	r21, r19
    7692:	20 f4       	brcc	.+8      	; 0x769c <tftpPoll+0xe4>
    7694:	30 93 1d 01 	sts	0x011D, r19
    7698:	20 93 1c 01 	sts	0x011C, r18
				if(response == FINAL_ACK)
					tracePGMlnTftp(mDebugTftp_SFACK);
			)

			packetLength = 4;
			*txPtr++ = TFTP_OPCODE_ACK >> 8;
    769c:	19 82       	std	Y+1, r1	; 0x01
			*txPtr++ = TFTP_OPCODE_ACK & 0xff;
    769e:	84 e0       	ldi	r24, 0x04	; 4
    76a0:	8a 83       	std	Y+2, r24	; 0x02
			// lastPacket is block code
			*txPtr++ = lastPacket >> 8;
    76a2:	20 91 1e 01 	lds	r18, 0x011E
    76a6:	30 91 1f 01 	lds	r19, 0x011F
    76aa:	3b 83       	std	Y+3, r19	; 0x03
			*txPtr = lastPacket & 0xff;
    76ac:	2c 83       	std	Y+4, r18	; 0x04
    76ae:	cf cf       	rjmp	.-98     	; 0x764e <tftpPoll+0x96>
	}

	txPtr = txBuffer;

	while(packetLength--) {
		spiWriteReg(writePointer++, *txPtr++);
    76b0:	f7 01       	movw	r30, r14
    76b2:	61 91       	ld	r22, Z+
    76b4:	7f 01       	movw	r14, r30
    76b6:	68 01       	movw	r12, r16
    76b8:	ff ef       	ldi	r31, 0xFF	; 255
    76ba:	cf 1a       	sub	r12, r31
    76bc:	df 0a       	sbc	r13, r31
    76be:	c8 01       	movw	r24, r16
    76c0:	6b dd       	rcall	.-1322   	; 0x7198 <spiWriteReg>

		if(writePointer == S3_TX_END) writePointer = S3_TX_START;
    76c2:	c1 14       	cp	r12, r1
    76c4:	20 e6       	ldi	r18, 0x60	; 96
    76c6:	d2 06       	cpc	r13, r18
    76c8:	19 f4       	brne	.+6      	; 0x76d0 <tftpPoll+0x118>
    76ca:	c1 2c       	mov	r12, r1
    76cc:	58 e5       	ldi	r21, 0x58	; 88
    76ce:	d5 2e       	mov	r13, r21
    76d0:	86 01       	movw	r16, r12
			break;
	}

	txPtr = txBuffer;

	while(packetLength--) {
    76d2:	ae 10       	cpse	r10, r14
    76d4:	ed cf       	rjmp	.-38     	; 0x76b0 <tftpPoll+0xf8>
		spiWriteReg(writePointer++, *txPtr++);

		if(writePointer == S3_TX_END) writePointer = S3_TX_START;
	}

	spiWriteWord(REG_S3_TX_WR0, writePointer - S3_TX_START);
    76d6:	b8 01       	movw	r22, r16
    76d8:	78 55       	subi	r23, 0x58	; 88
    76da:	84 e2       	ldi	r24, 0x24	; 36
    76dc:	97 e0       	ldi	r25, 0x07	; 7
    76de:	75 dd       	rcall	.-1302   	; 0x71ca <spiWriteWord>
	spiWriteReg(REG_S3_CR, CR_SEND);
    76e0:	60 e2       	ldi	r22, 0x20	; 32
    76e2:	81 e0       	ldi	r24, 0x01	; 1
    76e4:	97 e0       	ldi	r25, 0x07	; 7
    76e6:	58 dd       	rcall	.-1360   	; 0x7198 <spiWriteReg>

	while(spiReadReg(REG_S3_CR));
    76e8:	81 e0       	ldi	r24, 0x01	; 1
    76ea:	97 e0       	ldi	r25, 0x07	; 7
    76ec:	7f dd       	rcall	.-1282   	; 0x71ec <spiReadReg>
    76ee:	81 11       	cpse	r24, r1
    76f0:	fb cf       	rjmp	.-10     	; 0x76e8 <tftpPoll+0x130>
#endif
		// Send the response
		sendResponse(response);
	}

	if(response == FINAL_ACK) {
    76f2:	34 e0       	ldi	r19, 0x04	; 4
    76f4:	b3 12       	cpse	r11, r19
    76f6:	75 cf       	rjmp	.-278    	; 0x75e2 <tftpPoll+0x2a>
		spiWriteReg(REG_S3_CR, CR_CLOSE);
    76f8:	60 e1       	ldi	r22, 0x10	; 16
    76fa:	81 e0       	ldi	r24, 0x01	; 1
    76fc:	97 e0       	ldi	r25, 0x07	; 7
    76fe:	4c dd       	rcall	.-1384   	; 0x7198 <spiWriteReg>
		// Complete
		return(0);
    7700:	80 e0       	ldi	r24, 0x00	; 0
	}

	// Tftp continues
	return(1);
}
    7702:	cc 59       	subi	r28, 0x9C	; 156
    7704:	df 4f       	sbci	r29, 0xFF	; 255
    7706:	de bf       	out	0x3e, r29	; 62
    7708:	cd bf       	out	0x3d, r28	; 61
    770a:	df 91       	pop	r29
    770c:	cf 91       	pop	r28
    770e:	1f 91       	pop	r17
    7710:	0f 91       	pop	r16
    7712:	ff 90       	pop	r15
    7714:	ef 90       	pop	r14
    7716:	df 90       	pop	r13
    7718:	cf 90       	pop	r12
    771a:	bf 90       	pop	r11
    771c:	af 90       	pop	r10
    771e:	08 95       	ret

00007720 <validImage>:
#include "serial.h"
#include "debug.h"
#include "debug_vald.h"

uint8_t validImage(uint8_t* base)
{
    7720:	20 e0       	ldi	r18, 0x00	; 0
    7722:	30 e0       	ldi	r19, 0x00	; 0
    7724:	fc 01       	movw	r30, r24
    7726:	e2 0f       	add	r30, r18
    7728:	f3 1f       	adc	r31, r19
	uint8_t i;
	for(i = 0; i < 0x34; i += 4) {

		// For each vector, check it is of the form:
		// 0x0C 0x94 0xWX 0xYZ  ; JMP 0xWXYZ
		if(base[i] != 0x0c) {
    772a:	40 81       	ld	r20, Z
    772c:	4c 30       	cpi	r20, 0x0C	; 12
    772e:	51 f4       	brne	.+20     	; 0x7744 <validImage+0x24>
				tracePGM(mDebugVald_0x0C);
			)
			return(0);
		}
		
		if(base[i + 1] != 0x94) {
    7730:	41 81       	ldd	r20, Z+1	; 0x01
    7732:	44 39       	cpi	r20, 0x94	; 148
    7734:	39 f4       	brne	.+14     	; 0x7744 <validImage+0x24>
    7736:	2c 5f       	subi	r18, 0xFC	; 252
    7738:	3f 4f       	sbci	r19, 0xFF	; 255

uint8_t validImage(uint8_t* base)
{
	/* Check that a jump table is present in the first flash sector */
	uint8_t i;
	for(i = 0; i < 0x34; i += 4) {
    773a:	24 33       	cpi	r18, 0x34	; 52
    773c:	31 05       	cpc	r19, r1
    773e:	91 f7       	brne	.-28     	; 0x7724 <validImage+0x4>
		}
	}

	DBG_VALD(tracePGMlnVald(mDebugVald_VALID);)

	return(1);
    7740:	81 e0       	ldi	r24, 0x01	; 1
}
    7742:	08 95       	ret
				tracenum(i);
				tracePGM(mDebugVald_WITH);
				tracenum(base[i]);
				tracePGM(mDebugVald_0x0C);
			)
			return(0);
    7744:	80 e0       	ldi	r24, 0x00	; 0
    7746:	08 95       	ret

00007748 <serialInit>:


void serialInit(void)
{
	// Double speed mode USART0
	UART_STATUS_REG		= _BV(UART_DOUBLE_SPEED);
    7748:	82 e0       	ldi	r24, 0x02	; 2
    774a:	80 93 c0 00 	sts	0x00C0, r24
	// Enable receiver and transiter on USART0
	UART_CONTROL_REG	= _BV(UART_ENABLE_RECEIVER) | _BV(UART_ENABLE_TRANSMITTER);
    774e:	88 e1       	ldi	r24, 0x18	; 24
    7750:	80 93 c1 00 	sts	0x00C1, r24
	// Set 8bit character length on USART0
	UART_MODE_REG		= _BV(UART_CHAR_SIZE_LOW) | _BV(UART_CHAR_SIZE_MID);
    7754:	86 e0       	ldi	r24, 0x06	; 6
    7756:	80 93 c2 00 	sts	0x00C2, r24
	// Set USART0 baud rate
	UART_BAUD_RATE_LOW	= (uint8_t)((F_CPU + BAUD_RATE * 4L) / (BAUD_RATE * 8L) - 1);
    775a:	80 e1       	ldi	r24, 0x10	; 16
    775c:	80 93 c4 00 	sts	0x00C4, r24
    7760:	08 95       	ret

00007762 <putch>:
}


void putch(uint8_t c)
{
	while(!(UART_STATUS_REG & _BV(UART_DATA_REG_EMPTY)));
    7762:	90 91 c0 00 	lds	r25, 0x00C0
    7766:	95 ff       	sbrs	r25, 5
    7768:	fc cf       	rjmp	.-8      	; 0x7762 <putch>
	UART_DATA_REG = c;
    776a:	80 93 c6 00 	sts	0x00C6, r24
    776e:	08 95       	ret

00007770 <puthex>:
}


void puthex(uint8_t c)
{
	c &= 0xf;
    7770:	8f 70       	andi	r24, 0x0F	; 15
	if(c > 9) c += 7;
    7772:	8a 30       	cpi	r24, 0x0A	; 10
    7774:	08 f0       	brcs	.+2      	; 0x7778 <puthex+0x8>
    7776:	89 5f       	subi	r24, 0xF9	; 249
	//while(!(UART_STATUS_REG & _BV(UART_DATA_REG_EMPTY)));
	//UART_DATA_REG = c + '0';
	putch(c + '0');
    7778:	80 5d       	subi	r24, 0xD0	; 208
    777a:	f3 cf       	rjmp	.-26     	; 0x7762 <putch>

0000777c <getch>:

uint8_t getch(void)
{
	//uint8_t ch;

	while(!(UART_STATUS_REG & _BV(UART_RECEIVE_COMPLETE)));
    777c:	80 91 c0 00 	lds	r24, 0x00C0
    7780:	87 ff       	sbrs	r24, 7
    7782:	fc cf       	rjmp	.-8      	; 0x777c <getch>
	if(!(UART_STATUS_REG & _BV(UART_FRAME_ERROR))) {
    7784:	80 91 c0 00 	lds	r24, 0x00C0
    7788:	84 fd       	sbrc	r24, 4
    778a:	01 c0       	rjmp	.+2      	; 0x778e <getch+0x12>
		 * expects to be talking to the application, and DON'T reset the
		 * watchdog.  This should cause the bootloader to abort and run
		 * the application "soon", if it keeps happening.  (Note that we
		 * don't care that an invalid char is returned...)
		 */
		wdt_reset();
    778c:	a8 95       	wdr
	}

	//ch = UART_DATA_REG;
	//return ch;

	return(UART_DATA_REG);
    778e:	80 91 c6 00 	lds	r24, 0x00C6
}
    7792:	08 95       	ret

00007794 <serialPoll>:


uint8_t serialPoll(void)
{
	if(UART_STATUS_REG & _BV(UART_RECEIVE_COMPLETE)) {
    7794:	80 91 c0 00 	lds	r24, 0x00C0
    7798:	87 ff       	sbrs	r24, 7
    779a:	05 c0       	rjmp	.+10     	; 0x77a6 <serialPoll+0x12>
		resetTick();
    779c:	28 d0       	rcall	.+80     	; 0x77ee <resetTick>
		serialFlashing = TRUE;
    779e:	81 e0       	ldi	r24, 0x01	; 1
    77a0:	80 93 29 01 	sts	0x0129, r24
#if defined(__AVR_ATmega328__) || defined(__AVR_ATmega328P__) || defined(__AVR_ATmega1284P__)
		return(processOptiboot());
    77a4:	50 c0       	rjmp	.+160    	; 0x7846 <processOptiboot>
#elif defined(__AVR_ATmega2560__)
		return(processStk500boot());
#endif
	}
	return(1);
}
    77a6:	81 e0       	ldi	r24, 0x01	; 1
    77a8:	08 95       	ret

000077aa <updateLed>:
static uint16_t tick = 0;


void updateLed(void)
{
	uint16_t next_timer_1 = TCNT1;
    77aa:	80 91 84 00 	lds	r24, 0x0084
    77ae:	90 91 85 00 	lds	r25, 0x0085

	if(next_timer_1 & 0x400) LED_PORT ^= _BV(LED); // Led pin high
    77b2:	92 ff       	sbrs	r25, 2
    77b4:	05 c0       	rjmp	.+10     	; 0x77c0 <updateLed+0x16>
    77b6:	25 b1       	in	r18, 0x05	; 5
    77b8:	32 e0       	ldi	r19, 0x02	; 2
    77ba:	23 27       	eor	r18, r19
    77bc:	25 b9       	out	0x05, r18	; 5
    77be:	01 c0       	rjmp	.+2      	; 0x77c2 <updateLed+0x18>
	else LED_PORT &= ~_BV(LED); // Led pin low
    77c0:	29 98       	cbi	0x05, 1	; 5

	if(next_timer_1 < last_timer_1) {
    77c2:	20 91 22 01 	lds	r18, 0x0122
    77c6:	30 91 23 01 	lds	r19, 0x0123
    77ca:	82 17       	cp	r24, r18
    77cc:	93 07       	cpc	r25, r19
    77ce:	50 f4       	brcc	.+20     	; 0x77e4 <updateLed+0x3a>
		tick++;
    77d0:	20 91 20 01 	lds	r18, 0x0120
    77d4:	30 91 21 01 	lds	r19, 0x0121
    77d8:	2f 5f       	subi	r18, 0xFF	; 255
    77da:	3f 4f       	sbci	r19, 0xFF	; 255
    77dc:	30 93 21 01 	sts	0x0121, r19
    77e0:	20 93 20 01 	sts	0x0120, r18
		    tracePGMlnUtil(mDebugUtil_LAST);
		    tracenum(last_timer_1);
		)
	}

	last_timer_1 = next_timer_1;
    77e4:	90 93 23 01 	sts	0x0123, r25
    77e8:	80 93 22 01 	sts	0x0122, r24
    77ec:	08 95       	ret

000077ee <resetTick>:
}

void resetTick(void)
{
	TCNT1 = 0;
    77ee:	10 92 85 00 	sts	0x0085, r1
    77f2:	10 92 84 00 	sts	0x0084, r1
	tick = 0;
    77f6:	10 92 21 01 	sts	0x0121, r1
    77fa:	10 92 20 01 	sts	0x0120, r1
    77fe:	08 95       	ret

00007800 <timedOut>:
{
	// Never timeout if there is no code in Flash
#if (FLASHEND > 0x10000)
	if(pgm_read_word_far(0x0000) == 0xFFFF) return(0);
#else
	if(pgm_read_word_near(0x0000) == 0xFFFF) return(0);
    7800:	e0 e0       	ldi	r30, 0x00	; 0
    7802:	f0 e0       	ldi	r31, 0x00	; 0
    7804:	85 91       	lpm	r24, Z+
    7806:	94 91       	lpm	r25, Z
    7808:	01 96       	adiw	r24, 0x01	; 1
    780a:	41 f0       	breq	.+16     	; 0x781c <timedOut+0x1c>
#endif

	if(tick > TIMEOUT) return(1);
    780c:	81 e0       	ldi	r24, 0x01	; 1
    780e:	20 91 20 01 	lds	r18, 0x0120
    7812:	30 91 21 01 	lds	r19, 0x0121
    7816:	25 30       	cpi	r18, 0x05	; 5
    7818:	31 05       	cpc	r19, r1
    781a:	08 f4       	brcc	.+2      	; 0x781e <timedOut+0x1e>
{
	// Never timeout if there is no code in Flash
#if (FLASHEND > 0x10000)
	if(pgm_read_word_far(0x0000) == 0xFFFF) return(0);
#else
	if(pgm_read_word_near(0x0000) == 0xFFFF) return(0);
    781c:	80 e0       	ldi	r24, 0x00	; 0
#endif

	if(tick > TIMEOUT) return(1);
	else return(0);
}
    781e:	08 95       	ret

00007820 <verifySpace>:
static uint16_t address = 0;
static uint8_t  length;

static void verifySpace(void)
{
	if(getch() != CRC_EOP) {
    7820:	ad df       	rcall	.-166    	; 0x777c <getch>
    7822:	80 32       	cpi	r24, 0x20	; 32
    7824:	39 f0       	breq	.+14     	; 0x7834 <verifySpace+0x14>
		WDTCSR = _BV(WDCE) | _BV(WDE);
    7826:	88 e1       	ldi	r24, 0x18	; 24
    7828:	80 93 60 00 	sts	0x0060, r24
		WDTCSR = WATCHDOG_16MS;	// shorten WD timeout
    782c:	88 e0       	ldi	r24, 0x08	; 8
    782e:	80 93 60 00 	sts	0x0060, r24
    7832:	ff cf       	rjmp	.-2      	; 0x7832 <verifySpace+0x12>
		while(1)				// and busy-loop so that WD causes
			;					// a reset and app start.
	}
	putch(STK_INSYNC);
    7834:	84 e1       	ldi	r24, 0x14	; 20
    7836:	95 cf       	rjmp	.-214    	; 0x7762 <putch>

00007838 <getNch>:
}


static void getNch(uint8_t count)
{
    7838:	cf 93       	push	r28
    783a:	c8 2f       	mov	r28, r24
	do getch();
    783c:	9f df       	rcall	.-194    	; 0x777c <getch>
	while(--count);
    783e:	c1 50       	subi	r28, 0x01	; 1
    7840:	e9 f7       	brne	.-6      	; 0x783c <getNch+0x4>
	verifySpace();
}
    7842:	cf 91       	pop	r28

static void getNch(uint8_t count)
{
	do getch();
	while(--count);
	verifySpace();
    7844:	ed cf       	rjmp	.-38     	; 0x7820 <verifySpace>

00007846 <processOptiboot>:
}


uint8_t processOptiboot(void)
{
    7846:	ef 92       	push	r14
    7848:	ff 92       	push	r15
    784a:	0f 93       	push	r16
    784c:	1f 93       	push	r17
    784e:	cf 93       	push	r28
    7850:	df 93       	push	r29
    7852:	cd b7       	in	r28, 0x3d	; 61
    7854:	de b7       	in	r29, 0x3e	; 62
    7856:	c1 50       	subi	r28, 0x01	; 1
    7858:	d1 40       	sbci	r29, 0x01	; 1
    785a:	de bf       	out	0x3e, r29	; 62
    785c:	cd bf       	out	0x3d, r28	; 61
	uint8_t ch;

	ch = getch();
    785e:	8e df       	rcall	.-228    	; 0x777c <getch>

	if(ch == STK_GET_PARAMETER) {
    7860:	81 34       	cpi	r24, 0x41	; 65
    7862:	a9 f4       	brne	.+42     	; 0x788e <processOptiboot+0x48>
		unsigned char which = getch();
    7864:	8b df       	rcall	.-234    	; 0x777c <getch>
		verifySpace();
    7866:	cf 5f       	subi	r28, 0xFF	; 255
    7868:	de 4f       	sbci	r29, 0xFE	; 254
    786a:	88 83       	st	Y, r24
    786c:	c1 50       	subi	r28, 0x01	; 1
    786e:	d1 40       	sbci	r29, 0x01	; 1
    7870:	d7 df       	rcall	.-82     	; 0x7820 <verifySpace>
		if(which == 0x82) {
    7872:	cf 5f       	subi	r28, 0xFF	; 255
    7874:	de 4f       	sbci	r29, 0xFE	; 254
    7876:	88 81       	ld	r24, Y
    7878:	c1 50       	subi	r28, 0x01	; 1
    787a:	d1 40       	sbci	r29, 0x01	; 1
    787c:	82 38       	cpi	r24, 0x82	; 130
    787e:	11 f4       	brne	.+4      	; 0x7884 <processOptiboot+0x3e>
			/*
			 * Send tftpboot version as "minor SW version"
			 */
			putch(ARIADNE_MINVER);
    7880:	84 e0       	ldi	r24, 0x04	; 4
    7882:	03 c0       	rjmp	.+6      	; 0x788a <processOptiboot+0x44>
		} else if(which == 0x81) {
    7884:	81 38       	cpi	r24, 0x81	; 129
    7886:	f9 f0       	breq	.+62     	; 0x78c6 <processOptiboot+0x80>
		} else {
			/*
			 * GET PARAMETER returns a generic 0x03 reply for
			 * other parameters - enough to keep Avrdude happy
			 */
			putch(0x03);
    7888:	83 e0       	ldi	r24, 0x03	; 3
    788a:	6b df       	rcall	.-298    	; 0x7762 <putch>
    788c:	b2 c0       	rjmp	.+356    	; 0x79f2 <processOptiboot+0x1ac>
		}
	} else if(ch == STK_SET_DEVICE) {
    788e:	82 34       	cpi	r24, 0x42	; 66
    7890:	11 f4       	brne	.+4      	; 0x7896 <processOptiboot+0x50>
		// SET DEVICE is ignored
		getNch(20);
    7892:	84 e1       	ldi	r24, 0x14	; 20
    7894:	03 c0       	rjmp	.+6      	; 0x789c <processOptiboot+0x56>
	} else if(ch == STK_SET_DEVICE_EXT) {
    7896:	85 34       	cpi	r24, 0x45	; 69
    7898:	19 f4       	brne	.+6      	; 0x78a0 <processOptiboot+0x5a>
		// SET DEVICE EXT is ignored
		getNch(4);
    789a:	84 e0       	ldi	r24, 0x04	; 4
    789c:	cd df       	rcall	.-102    	; 0x7838 <getNch>
    789e:	a9 c0       	rjmp	.+338    	; 0x79f2 <processOptiboot+0x1ac>
	} else if(ch == STK_LOAD_ADDRESS) {
    78a0:	85 35       	cpi	r24, 0x55	; 85
    78a2:	69 f4       	brne	.+26     	; 0x78be <processOptiboot+0x78>
		// LOAD ADDRESS
		uint16_t newAddress;
		newAddress = getch();
    78a4:	6b df       	rcall	.-298    	; 0x777c <getch>
    78a6:	18 2f       	mov	r17, r24
		newAddress = (newAddress & 0xff) | (getch() << 8);
    78a8:	69 df       	rcall	.-302    	; 0x777c <getch>
    78aa:	21 2f       	mov	r18, r17
    78ac:	30 e0       	ldi	r19, 0x00	; 0
    78ae:	38 2b       	or	r19, r24
#ifdef RAMPZ
		// Transfer top bit to RAMPZ
		RAMPZ = (newAddress & 0x8000) ? 1 : 0;
#endif

		newAddress += newAddress; // Convert from word address to byte address
    78b0:	22 0f       	add	r18, r18
    78b2:	33 1f       	adc	r19, r19
		address = newAddress;
    78b4:	30 93 26 01 	sts	0x0126, r19
    78b8:	20 93 25 01 	sts	0x0125, r18
    78bc:	99 c0       	rjmp	.+306    	; 0x79f0 <processOptiboot+0x1aa>
		verifySpace();
	} else if(ch == STK_UNIVERSAL) {
    78be:	86 35       	cpi	r24, 0x56	; 86
    78c0:	21 f4       	brne	.+8      	; 0x78ca <processOptiboot+0x84>
		// UNIVERSAL command is ignored
		getNch(4);
    78c2:	84 e0       	ldi	r24, 0x04	; 4
    78c4:	b9 df       	rcall	.-142    	; 0x7838 <getNch>
		putch(0x00);
    78c6:	80 e0       	ldi	r24, 0x00	; 0
    78c8:	e0 cf       	rjmp	.-64     	; 0x788a <processOptiboot+0x44>
	}
	/* Write memory, length is big endian and is in bytes */
	else if(ch == STK_PROG_PAGE) {
    78ca:	84 36       	cpi	r24, 0x64	; 100
    78cc:	09 f0       	breq	.+2      	; 0x78d0 <processOptiboot+0x8a>
    78ce:	60 c0       	rjmp	.+192    	; 0x7990 <processOptiboot+0x14a>
		// PROGRAM PAGE - we support flash programming only, not EEPROM
		uint8_t  buff[256];
		uint8_t* bufPtr;
		uint16_t addrPtr;

		getch();			/* getlen() */
    78d0:	55 df       	rcall	.-342    	; 0x777c <getch>
		length = getch();
    78d2:	54 df       	rcall	.-344    	; 0x777c <getch>
    78d4:	80 93 24 01 	sts	0x0124, r24
		getch();
    78d8:	51 df       	rcall	.-350    	; 0x777c <getch>

		// If we are in RWW section, immediately start page erase
		if(address < NRWWSTART) boot_page_erase((uint16_t)(void*)address);
    78da:	e0 91 25 01 	lds	r30, 0x0125
    78de:	f0 91 26 01 	lds	r31, 0x0126
    78e2:	e1 15       	cp	r30, r1
    78e4:	80 e7       	ldi	r24, 0x70	; 112
    78e6:	f8 07       	cpc	r31, r24
    78e8:	20 f4       	brcc	.+8      	; 0x78f2 <processOptiboot+0xac>
    78ea:	83 e0       	ldi	r24, 0x03	; 3
    78ec:	80 93 57 00 	sts	0x0057, r24
    78f0:	e8 95       	spm
    78f2:	8e 01       	movw	r16, r28
    78f4:	0f 5f       	subi	r16, 0xFF	; 255
    78f6:	1f 4f       	sbci	r17, 0xFF	; 255
    78f8:	78 01       	movw	r14, r16

		// While that is going on, read in page contents
		bufPtr = buff;
		do* bufPtr++ = getch();
    78fa:	40 df       	rcall	.-384    	; 0x777c <getch>
    78fc:	f8 01       	movw	r30, r16
    78fe:	81 93       	st	Z+, r24
    7900:	8f 01       	movw	r16, r30
		while(--length);
    7902:	80 91 24 01 	lds	r24, 0x0124
    7906:	81 50       	subi	r24, 0x01	; 1
    7908:	80 93 24 01 	sts	0x0124, r24
    790c:	81 11       	cpse	r24, r1
    790e:	f5 cf       	rjmp	.-22     	; 0x78fa <processOptiboot+0xb4>

		// If we are in NRWW section, page erase has to be delayed until now.
		// Todo: Take RAMPZ into account
		if(address >= NRWWSTART) boot_page_erase((uint16_t)(void*)address);
    7910:	e0 91 25 01 	lds	r30, 0x0125
    7914:	f0 91 26 01 	lds	r31, 0x0126
    7918:	e1 15       	cp	r30, r1
    791a:	80 e7       	ldi	r24, 0x70	; 112
    791c:	f8 07       	cpc	r31, r24
    791e:	20 f0       	brcs	.+8      	; 0x7928 <processOptiboot+0xe2>
    7920:	83 e0       	ldi	r24, 0x03	; 3
    7922:	80 93 57 00 	sts	0x0057, r24
    7926:	e8 95       	spm

		// Read command terminator, start reply
		verifySpace();
    7928:	7b df       	rcall	.-266    	; 0x7820 <verifySpace>

		// If only a partial page is to be programmed, the erase might not be complete.
		// So check that here
		boot_spm_busy_wait();
    792a:	07 b6       	in	r0, 0x37	; 55
    792c:	00 fc       	sbrc	r0, 0
    792e:	fd cf       	rjmp	.-6      	; 0x792a <processOptiboot+0xe4>

		// Copy buffer into programming buffer
		bufPtr = buff;
		addrPtr = (uint16_t)(void*)address;
    7930:	20 91 25 01 	lds	r18, 0x0125
    7934:	30 91 26 01 	lds	r19, 0x0126
    7938:	89 01       	movw	r16, r18
    793a:	02 58       	subi	r16, 0x82	; 130
    793c:	1f 4f       	sbci	r17, 0xFF	; 255
		// If only a partial page is to be programmed, the erase might not be complete.
		// So check that here
		boot_spm_busy_wait();

		// Copy buffer into programming buffer
		bufPtr = buff;
    793e:	c9 01       	movw	r24, r18
    7940:	69 81       	ldd	r22, Y+1	; 0x01
    7942:	a7 01       	movw	r20, r14
    7944:	42 1b       	sub	r20, r18
    7946:	53 0b       	sbc	r21, r19
		ch = SPM_PAGESIZE / 2;
		do {
			uint16_t a;
			a = *bufPtr++;
			a |= (*bufPtr++) << 8;
			boot_page_fill((uint16_t)(void*)addrPtr, a);
    7948:	ff 24       	eor	r15, r15
    794a:	f3 94       	inc	r15
    794c:	da 01       	movw	r26, r20
    794e:	a8 0f       	add	r26, r24
    7950:	b9 1f       	adc	r27, r25
		addrPtr = (uint16_t)(void*)address;
		ch = SPM_PAGESIZE / 2;
		do {
			uint16_t a;
			a = *bufPtr++;
			a |= (*bufPtr++) << 8;
    7952:	11 96       	adiw	r26, 0x01	; 1
    7954:	ec 91       	ld	r30, X
    7956:	11 97       	sbiw	r26, 0x01	; 1
    7958:	70 e0       	ldi	r23, 0x00	; 0
    795a:	7e 2b       	or	r23, r30
			boot_page_fill((uint16_t)(void*)addrPtr, a);
    795c:	fc 01       	movw	r30, r24
    795e:	0b 01       	movw	r0, r22
    7960:	f0 92 57 00 	sts	0x0057, r15
    7964:	e8 95       	spm
    7966:	11 24       	eor	r1, r1
			addrPtr += 2;
		} while(--ch);
    7968:	80 17       	cp	r24, r16
    796a:	91 07       	cpc	r25, r17
    796c:	21 f0       	breq	.+8      	; 0x7976 <processOptiboot+0x130>
    796e:	02 96       	adiw	r24, 0x02	; 2
		addrPtr = (uint16_t)(void*)address;
		ch = SPM_PAGESIZE / 2;
		do {
			uint16_t a;
			a = *bufPtr++;
			a |= (*bufPtr++) << 8;
    7970:	12 96       	adiw	r26, 0x02	; 2
    7972:	6c 91       	ld	r22, X
    7974:	eb cf       	rjmp	.-42     	; 0x794c <processOptiboot+0x106>
			boot_page_fill((uint16_t)(void*)addrPtr, a);
			addrPtr += 2;
		} while(--ch);

		// Write from programming buffer
		boot_page_write((uint16_t)(void*)address);
    7976:	85 e0       	ldi	r24, 0x05	; 5
    7978:	f9 01       	movw	r30, r18
    797a:	80 93 57 00 	sts	0x0057, r24
    797e:	e8 95       	spm
		boot_spm_busy_wait();
    7980:	07 b6       	in	r0, 0x37	; 55
    7982:	00 fc       	sbrc	r0, 0
    7984:	fd cf       	rjmp	.-6      	; 0x7980 <processOptiboot+0x13a>

#if defined(RWWSRE)
		// Reenable read access to flash
		boot_rww_enable();
    7986:	81 e1       	ldi	r24, 0x11	; 17
    7988:	80 93 57 00 	sts	0x0057, r24
    798c:	e8 95       	spm
    798e:	31 c0       	rjmp	.+98     	; 0x79f2 <processOptiboot+0x1ac>
#endif
	}
	/* Read memory block mode, length is big endian.  */
	else if(ch == STK_READ_PAGE) {
    7990:	84 37       	cpi	r24, 0x74	; 116
    7992:	d1 f4       	brne	.+52     	; 0x79c8 <processOptiboot+0x182>
		// READ PAGE - we only read flash
		getch();			/* getlen() */
    7994:	f3 de       	rcall	.-538    	; 0x777c <getch>
		length = getch();
    7996:	f2 de       	rcall	.-540    	; 0x777c <getch>
    7998:	80 93 24 01 	sts	0x0124, r24
		getch();
    799c:	ef de       	rcall	.-546    	; 0x777c <getch>

		verifySpace();
    799e:	40 df       	rcall	.-384    	; 0x7820 <verifySpace>
			__asm__("elpm %0,Z\n":"=r"(result):"z"(address));
			putch(result);
			address++;
		} while(--length);
#else
		do putch(pgm_read_byte_near(address++));
    79a0:	e0 91 25 01 	lds	r30, 0x0125
    79a4:	f0 91 26 01 	lds	r31, 0x0126
    79a8:	cf 01       	movw	r24, r30
    79aa:	01 96       	adiw	r24, 0x01	; 1
    79ac:	90 93 26 01 	sts	0x0126, r25
    79b0:	80 93 25 01 	sts	0x0125, r24
    79b4:	84 91       	lpm	r24, Z
    79b6:	d5 de       	rcall	.-598    	; 0x7762 <putch>
		while(--length);
    79b8:	80 91 24 01 	lds	r24, 0x0124
    79bc:	81 50       	subi	r24, 0x01	; 1
    79be:	80 93 24 01 	sts	0x0124, r24
    79c2:	81 11       	cpse	r24, r1
    79c4:	ed cf       	rjmp	.-38     	; 0x79a0 <processOptiboot+0x15a>
    79c6:	15 c0       	rjmp	.+42     	; 0x79f2 <processOptiboot+0x1ac>
#endif
	}
	/* Get device signature bytes  */
	else if(ch == STK_READ_SIGN) {
    79c8:	85 37       	cpi	r24, 0x75	; 117
    79ca:	39 f4       	brne	.+14     	; 0x79da <processOptiboot+0x194>
		// READ SIGN - return what Avrdude wants to hear
		verifySpace();
    79cc:	29 df       	rcall	.-430    	; 0x7820 <verifySpace>
		putch(SIGNATURE_0);
    79ce:	8e e1       	ldi	r24, 0x1E	; 30
    79d0:	c8 de       	rcall	.-624    	; 0x7762 <putch>
		putch(SIGNATURE_1);
    79d2:	85 e9       	ldi	r24, 0x95	; 149
    79d4:	c6 de       	rcall	.-628    	; 0x7762 <putch>
		putch(SIGNATURE_2);
    79d6:	8f e0       	ldi	r24, 0x0F	; 15
    79d8:	58 cf       	rjmp	.-336    	; 0x788a <processOptiboot+0x44>
	} else if(ch == STK_LEAVE_PROGMODE) {
    79da:	81 35       	cpi	r24, 0x51	; 81
    79dc:	49 f4       	brne	.+18     	; 0x79f0 <processOptiboot+0x1aa>
		// Adaboot no-wait mod
		//watchdogConfig(WATCHDOG_16MS);
		verifySpace();
    79de:	20 df       	rcall	.-448    	; 0x7820 <verifySpace>
		eeprom_write_byte(EEPROM_IMG_STAT, EEPROM_IMG_OK_VALUE);
    79e0:	6e ee       	ldi	r22, 0xEE	; 238
    79e2:	82 e0       	ldi	r24, 0x02	; 2
    79e4:	90 e0       	ldi	r25, 0x00	; 0
    79e6:	24 d0       	rcall	.+72     	; 0x7a30 <__eewr_byte_m328p>
		putch(STK_OK);
    79e8:	80 e1       	ldi	r24, 0x10	; 16
    79ea:	bb de       	rcall	.-650    	; 0x7762 <putch>
		return(0);
    79ec:	80 e0       	ldi	r24, 0x00	; 0
    79ee:	04 c0       	rjmp	.+8      	; 0x79f8 <processOptiboot+0x1b2>
	} else {
		// This covers the response to commands like STK_ENTER_PROGMODE
		verifySpace();
    79f0:	17 df       	rcall	.-466    	; 0x7820 <verifySpace>
	}
	putch(STK_OK);
    79f2:	80 e1       	ldi	r24, 0x10	; 16
    79f4:	b6 de       	rcall	.-660    	; 0x7762 <putch>
	return(1);
    79f6:	81 e0       	ldi	r24, 0x01	; 1
}
    79f8:	cf 5f       	subi	r28, 0xFF	; 255
    79fa:	de 4f       	sbci	r29, 0xFE	; 254
    79fc:	de bf       	out	0x3e, r29	; 62
    79fe:	cd bf       	out	0x3d, r28	; 61
    7a00:	df 91       	pop	r29
    7a02:	cf 91       	pop	r28
    7a04:	1f 91       	pop	r17
    7a06:	0f 91       	pop	r16
    7a08:	ff 90       	pop	r15
    7a0a:	ef 90       	pop	r14
    7a0c:	08 95       	ret

00007a0e <memcpy_P>:
    7a0e:	fb 01       	movw	r30, r22
    7a10:	dc 01       	movw	r26, r24
    7a12:	02 c0       	rjmp	.+4      	; 0x7a18 <memcpy_P+0xa>
    7a14:	05 90       	lpm	r0, Z+
    7a16:	0d 92       	st	X+, r0
    7a18:	41 50       	subi	r20, 0x01	; 1
    7a1a:	50 40       	sbci	r21, 0x00	; 0
    7a1c:	d8 f7       	brcc	.-10     	; 0x7a14 <memcpy_P+0x6>
    7a1e:	08 95       	ret

00007a20 <__eerd_byte_m328p>:
    7a20:	f9 99       	sbic	0x1f, 1	; 31
    7a22:	fe cf       	rjmp	.-4      	; 0x7a20 <__eerd_byte_m328p>
    7a24:	92 bd       	out	0x22, r25	; 34
    7a26:	81 bd       	out	0x21, r24	; 33
    7a28:	f8 9a       	sbi	0x1f, 0	; 31
    7a2a:	99 27       	eor	r25, r25
    7a2c:	80 b5       	in	r24, 0x20	; 32
    7a2e:	08 95       	ret

00007a30 <__eewr_byte_m328p>:
    7a30:	26 2f       	mov	r18, r22

00007a32 <__eewr_r18_m328p>:
    7a32:	f9 99       	sbic	0x1f, 1	; 31
    7a34:	fe cf       	rjmp	.-4      	; 0x7a32 <__eewr_r18_m328p>
    7a36:	1f ba       	out	0x1f, r1	; 31
    7a38:	92 bd       	out	0x22, r25	; 34
    7a3a:	81 bd       	out	0x21, r24	; 33
    7a3c:	20 bd       	out	0x20, r18	; 32
    7a3e:	0f b6       	in	r0, 0x3f	; 63
    7a40:	f8 94       	cli
    7a42:	fa 9a       	sbi	0x1f, 2	; 31
    7a44:	f9 9a       	sbi	0x1f, 1	; 31
    7a46:	0f be       	out	0x3f, r0	; 63
    7a48:	01 96       	adiw	r24, 0x01	; 1
    7a4a:	08 95       	ret

00007a4c <_exit>:
    7a4c:	f8 94       	cli

00007a4e <__stop_program>:
    7a4e:	ff cf       	rjmp	.-2      	; 0x7a4e <__stop_program>
